Log file open, 01/10/19 13:26:50
LogWindows: Failed to load 'aqProf.dll' (GetLastError=126)
LogWindows: File 'aqProf.dll' does not exist
LogWindows: Failed to load 'VtuneApi.dll' (GetLastError=126)
LogWindows: File 'VtuneApi.dll' does not exist
LogWindows: Failed to load 'VtuneApi32e.dll' (GetLastError=126)
LogWindows: File 'VtuneApi32e.dll' does not exist
LogConsoleResponse: Display: Failed to find resolution value strings in scalability ini. Falling back to default.
LogInit: Display: Running engine for game: ProjStarlightOasis
LogPakFile: Registered encryption key '00000000000000000000000000000000': 0 pak files mounted, 0 remain pending
LogPlatformFile: Not using cached read wrapper
LogTaskGraph: Started task graph with 5 named threads and 23 total threads with 3 sets of task threads.
LogStats: Stats thread started at 0.946066
LogD3D11RHI: Loaded GFSDK_Aftermath_Lib.x64.dll
LogICUInternationalization: ICU TimeZone Detection - Raw Offset: -8:00, Platform Override: ''
LogPluginManager: Mounting plugin Paper2D
LogPluginManager: Mounting plugin AISupport
LogPluginManager: Mounting plugin LightPropagationVolume
LogPluginManager: Mounting plugin ActorLayerUtilities
LogPluginManager: Mounting plugin CLionSourceCodeAccess
LogPluginManager: Mounting plugin CodeLiteSourceCodeAccess
LogPluginManager: Mounting plugin GitSourceControl
LogPluginManager: Mounting plugin KDevelopSourceCodeAccess
LogPluginManager: Mounting plugin NullSourceCodeAccess
LogPluginManager: Mounting plugin PerforceSourceControl
LogPluginManager: Mounting plugin SubversionSourceControl
LogPluginManager: Mounting plugin UObjectPlugin
LogPluginManager: Mounting plugin VisualStudioCodeSourceCodeAccess
LogPluginManager: Mounting plugin VisualStudioSourceCodeAccess
LogPluginManager: Mounting plugin XCodeSourceCodeAccess
LogPluginManager: Mounting plugin AssetManagerEditor
LogPluginManager: Mounting plugin CryptoKeys
LogPluginManager: Mounting plugin DataValidation
LogPluginManager: Mounting plugin FacialAnimation
LogPluginManager: Mounting plugin GameplayTagsEditor
LogPluginManager: Mounting plugin MacGraphicsSwitching
LogPluginManager: Mounting plugin MeshEditor
LogPluginManager: Mounting plugin MobileLauncherProfileWizard
LogPluginManager: Mounting plugin PluginBrowser
LogPluginManager: Mounting plugin SpeedTreeImporter
LogPluginManager: Mounting plugin DatasmithContent
LogPluginManager: Mounting plugin VariantManagerContent
LogPluginManager: Mounting plugin AlembicImporter
LogPluginManager: Mounting plugin AppleImageUtils
LogPluginManager: Mounting plugin AppleVision
LogPluginManager: Mounting plugin BackChannel
LogPluginManager: Mounting plugin CharacterAI
LogPluginManager: Mounting plugin GeometryCache
LogPluginManager: Mounting plugin HTML5Networking
LogPluginManager: Mounting plugin ProxyLODPlugin
LogPluginManager: Mounting plugin MagicLeap
LogPluginManager: Mounting plugin MagicLeapMedia
LogPluginManager: Mounting plugin Substance
LogPluginManager: Mounting plugin AndroidMedia
LogPluginManager: Mounting plugin AvfMedia
LogPluginManager: Mounting plugin ImgMedia
LogPluginManager: Mounting plugin LinearTimecode
LogPluginManager: Mounting plugin MediaCompositing
LogPluginManager: Mounting plugin MediaPlayerEditor
LogPluginManager: Mounting plugin WebMMedia
LogPluginManager: Mounting plugin WmfMedia
LogPluginManager: Mounting plugin TcpMessaging
LogPluginManager: Mounting plugin UdpMessaging
LogPluginManager: Mounting plugin ActorSequence
LogPluginManager: Mounting plugin LevelSequenceEditor
LogPluginManager: Mounting plugin MatineeToLevelSequence
LogPluginManager: Mounting plugin NetcodeUnitTest
LogPluginManager: Mounting plugin NUTUnrealEngine4
LogPluginManager: Mounting plugin OnlineSubsystemGooglePlay
LogPluginManager: Mounting plugin OnlineSubsystemIOS
LogPluginManager: Mounting plugin OnlineSubsystem
LogPluginManager: Mounting plugin OnlineSubsystemNull
LogPluginManager: Mounting plugin OnlineSubsystemUtils
LogPluginManager: Mounting plugin LauncherChunkInstaller
LogPluginManager: Mounting plugin AndroidDeviceProfileSelector
LogPluginManager: Mounting plugin AndroidMoviePlayer
LogPluginManager: Mounting plugin AndroidPermission
LogPluginManager: Mounting plugin AppleMoviePlayer
LogPluginManager: Mounting plugin ArchVisCharacter
LogPluginManager: Mounting plugin AudioCapture
LogPluginManager: Mounting plugin CableComponent
LogPluginManager: Mounting plugin CustomMeshComponent
LogPluginManager: Mounting plugin EditableMesh
LogPluginManager: Mounting plugin ExampleDeviceProfileSelector
LogPluginManager: Mounting plugin Firebase
LogPluginManager: Mounting plugin GoogleCloudMessaging
LogPluginManager: Mounting plugin IOSDeviceProfileSelector
LogPluginManager: Mounting plugin LinuxDeviceProfileSelector
LogPluginManager: Mounting plugin LocationServicesBPLibrary
LogPluginManager: Mounting plugin MobilePatchingUtils
LogPluginManager: Mounting plugin OculusVR
LogPluginManager: Mounting plugin PhysXVehicles
LogPluginManager: Mounting plugin ProceduralMeshComponent
LogPluginManager: Mounting plugin RuntimePhysXCooking
LogPluginManager: Mounting plugin SteamVR
LogPluginManager: Mounting plugin WebMMoviePlayer
LogPluginManager: Mounting plugin WindowsMoviePlayer
LogStreaming: Display: Took  0.103s to configure plugins.
LogInit: Using libcurl 7.55.1-DEV
LogInit:  - built for x86_64-pc-win32
LogInit:  - supports SSL with OpenSSL/1.0.2h
LogInit:  - supports HTTP deflate (compression) using libz 1.2.8
LogInit:  - other features:
LogInit:      CURL_VERSION_SSL
LogInit:      CURL_VERSION_LIBZ
LogInit:      CURL_VERSION_IPV6
LogInit:      CURL_VERSION_ASYNCHDNS
LogInit:      CURL_VERSION_LARGEFILE
LogInit:      CURL_VERSION_IDN
LogInit:  CurlRequestOptions (configurable via config and command line):
LogInit:  - bVerifyPeer = true  - Libcurl will verify peer certificate
LogInit:  - bUseHttpProxy = false  - Libcurl will NOT use HTTP proxy
LogInit:  - bDontReuseConnections = false  - Libcurl will reuse connections
LogInit:  - MaxHostConnections = 16  - Libcurl will limit the number of connections to a host
LogInit:  - LocalHostAddr = Default
LogInit:  - BufferSize = 65536
LogInit: WinSock: version 1.1 (2.2), MaxSocks=32767, MaxUdp=65467
LogInit: Build: ++UE4+Release-4.21-CL-4613538
LogInit: Engine Version: 4.21.1-4613538+++UE4+Release-4.21
LogInit: Compatible Engine Version: 4.21.0-4541578+++UE4+Release-4.21
LogInit: Net CL: 4541578
LogInit: OS: Windows 10 (), CPU: Intel(R) Core(TM) i7-6700 CPU @ 3.40GHz, GPU: NVIDIA GeForce GTX 1070 Ti
LogInit: Compiled (64-bit): Nov 30 2018 04:13:25
LogInit: Compiled with Visual C++: 19.13.26129.00
LogInit: Build Configuration: Development
LogInit: Branch Name: ++UE4+Release-4.21
LogInit: Command Line: 
LogInit: Base Directory: C:/Program Files/Epic Games/UE_4.21/Engine/Binaries/Win64/
LogInit: Installed Engine Build: 1
LogDevObjectVersion: Number of dev versions registered: 22
LogDevObjectVersion:   Dev-Blueprints (B0D832E4-1F89-4F0D-ACCF-7EB736FD4AA2): 10
LogDevObjectVersion:   Dev-Build (E1C64328-A22C-4D53-A36C-8E866417BD8C): 0
LogDevObjectVersion:   Dev-Core (375EC13C-06E4-48FB-B500-84F0262A717E): 2
LogDevObjectVersion:   Dev-Editor (E4B068ED-F494-42E9-A231-DA0B2E46BB41): 26
LogDevObjectVersion:   Dev-Framework (CFFC743F-43B0-4480-9391-14DF171D2073): 34
LogDevObjectVersion:   Dev-Mobile (B02B49B5-BB20-44E9-A304-32B752E40360): 2
LogDevObjectVersion:   Dev-Networking (A4E4105C-59A1-49B5-A7C5-40C4547EDFEE): 0
LogDevObjectVersion:   Dev-Online (39C831C9-5AE6-47DC-9A44-9C173E1C8E7C): 0
LogDevObjectVersion:   Dev-Physics (78F01B33-EBEA-4F98-B9B4-84EACCB95AA2): 0
LogDevObjectVersion:   Dev-Platform (6631380F-2D4D-43E0-8009-CF276956A95A): 0
LogDevObjectVersion:   Dev-Rendering (12F88B9F-8875-4AFC-A67C-D90C383ABD29): 27
LogDevObjectVersion:   Dev-Sequencer (7B5AE74C-D270-4C10-A958-57980B212A5A): 9
LogDevObjectVersion:   Dev-VR (D7296918-1DD6-4BDD-9DE2-64A83CC13884): 2
LogDevObjectVersion:   Dev-LoadTimes (C2A15278-BFE7-4AFE-6C17-90FF531DF755): 1
LogDevObjectVersion:   Private-Geometry (6EACA3D4-40EC-4CC1-B786-8BED09428FC5): 3
LogDevObjectVersion:   Dev-AnimPhys (29E575DD-E0A3-4627-9D10-D276232CDCEA): 17
LogDevObjectVersion:   Dev-Anim (AF43A65D-7FD3-4947-9873-3E8ED9C1BB05): 2
LogDevObjectVersion:   Dev-ReflectionCapture (6B266CEC-1EC7-4B8F-A30B-E4D90942FC07): 1
LogDevObjectVersion:   Dev-Automation (0DF73D61-A23F-47EA-B727-89E90C41499A): 1
LogDevObjectVersion:   FortniteMain (601D1886-AC64-4F84-AA16-D3DE0DEAC7D6): 17
LogDevObjectVersion:   Dev-Enterprise (9DFFBCD6-494F-0158-E221-12823C92A888): 4
LogDevObjectVersion:   Dev-Niagara (F2AED0AC-9AFE-416F-8664-AA7FFA26D6FC): 1
LogStreaming: Display: Took  0.001s to delete old logs.
LogInit: Presizing for max 8388607 objects, including 0 objects not considered by GC, pre-allocating 0 bytes for permanent pool.
LogInit: Object subsystem initialized
LogConfig: Setting CVar [[con.DebugEarlyDefault:1]]
LogConfig: Setting CVar [[r.setres:1280x720]]
[2019.01.10-21.26.51:164][  0]LogConfig: Setting CVar [[r.VSync:0]]
[2019.01.10-21.26.51:164][  0]LogConfig: Setting CVar [[r.RHICmdBypass:0]]
[2019.01.10-21.26.51:165][  0]LogConfig: Applying CVar settings from Section [/Script/Engine.RendererSettings] File [C:/Users/Alex Mao/Documents/Unreal Projects/StarlightOasis/ProjStarlightOasis/Saved/Config/Windows/Engine.ini]
[2019.01.10-21.26.51:165][  0]LogConfig: Setting CVar [[r.GPUCrashDebugging:0]]
[2019.01.10-21.26.51:165][  0]LogConfig: Applying CVar settings from Section [/Script/Engine.RendererOverrideSettings] File [C:/Users/Alex Mao/Documents/Unreal Projects/StarlightOasis/ProjStarlightOasis/Saved/Config/Windows/Engine.ini]
[2019.01.10-21.26.51:165][  0]LogConfig: Applying CVar settings from Section [/Script/Engine.StreamingSettings] File [C:/Users/Alex Mao/Documents/Unreal Projects/StarlightOasis/ProjStarlightOasis/Saved/Config/Windows/Engine.ini]
[2019.01.10-21.26.51:165][  0]LogConfig: Setting CVar [[s.MinBulkDataSizeForAsyncLoading:131072]]
[2019.01.10-21.26.51:165][  0]LogConfig: Setting CVar [[s.AsyncLoadingThreadEnabled:0]]
[2019.01.10-21.26.51:165][  0]LogConfig: Setting CVar [[s.EventDrivenLoaderEnabled:1]]
[2019.01.10-21.26.51:165][  0]LogConfig: Setting CVar [[s.WarnIfTimeLimitExceeded:0]]
[2019.01.10-21.26.51:165][  0]LogConfig: Setting CVar [[s.TimeLimitExceededMultiplier:1.5]]
[2019.01.10-21.26.51:165][  0]LogConfig: Setting CVar [[s.TimeLimitExceededMinTime:0.005]]
[2019.01.10-21.26.51:165][  0]LogConfig: Setting CVar [[s.UseBackgroundLevelStreaming:1]]
[2019.01.10-21.26.51:165][  0]LogConfig: Setting CVar [[s.PriorityAsyncLoadingExtraTime:15.0]]
[2019.01.10-21.26.51:165][  0]LogConfig: Setting CVar [[s.LevelStreamingActorsUpdateTimeLimit:5.0]]
[2019.01.10-21.26.51:165][  0]LogConfig: Setting CVar [[s.PriorityLevelStreamingActorsUpdateExtraTime:5.0]]
[2019.01.10-21.26.51:165][  0]LogConfig: Setting CVar [[s.LevelStreamingComponentsRegistrationGranularity:10]]
[2019.01.10-21.26.51:165][  0]LogConfig: Setting CVar [[s.UnregisterComponentsTimeLimit:1.0]]
[2019.01.10-21.26.51:165][  0]LogConfig: Setting CVar [[s.LevelStreamingComponentsUnregistrationGranularity:5]]
[2019.01.10-21.26.51:165][  0]LogConfig: Applying CVar settings from Section [/Script/Engine.GarbageCollectionSettings] File [C:/Users/Alex Mao/Documents/Unreal Projects/StarlightOasis/ProjStarlightOasis/Saved/Config/Windows/Engine.ini]
[2019.01.10-21.26.51:165][  0]LogConfig: Setting CVar [[gc.MaxObjectsNotConsideredByGC:1]]
[2019.01.10-21.26.51:165][  0]LogConfig: Setting CVar [[gc.SizeOfPermanentObjectPool:0]]
[2019.01.10-21.26.51:165][  0]LogConfig: Setting CVar [[gc.FlushStreamingOnGC:0]]
[2019.01.10-21.26.51:165][  0]LogConfig: Setting CVar [[gc.NumRetriesBeforeForcingGC:10]]
[2019.01.10-21.26.51:165][  0]LogConfig: Setting CVar [[gc.AllowParallelGC:1]]
[2019.01.10-21.26.51:165][  0]LogConfig: Setting CVar [[gc.TimeBetweenPurgingPendingKillObjects:61.1]]
[2019.01.10-21.26.51:165][  0]LogConfig: Setting CVar [[gc.MaxObjectsInEditor:8388607]]
[2019.01.10-21.26.51:165][  0]LogConfig: Setting CVar [[gc.IncrementalBeginDestroyEnabled:1]]
[2019.01.10-21.26.51:165][  0]LogConfig: Setting CVar [[gc.CreateGCClusters:1]]
[2019.01.10-21.26.51:165][  0]LogConfig: Setting CVar [[gc.MergeGCClusters:0]]
[2019.01.10-21.26.51:165][  0]LogConfig: Setting CVar [[gc.MinGCClusterSize:5]]
[2019.01.10-21.26.51:165][  0]LogConfig: Setting CVar [[gc.ActorClusteringEnabled:0]]
[2019.01.10-21.26.51:165][  0]LogConfig: Setting CVar [[gc.BlueprintClusteringEnabled:0]]
[2019.01.10-21.26.51:165][  0]LogConfig: Setting CVar [[gc.UseDisregardForGCOnDedicatedServers:0]]
[2019.01.10-21.26.51:165][  0]LogConfig: Applying CVar settings from Section [/Script/Engine.NetworkSettings] File [C:/Users/Alex Mao/Documents/Unreal Projects/StarlightOasis/ProjStarlightOasis/Saved/Config/Windows/Engine.ini]
[2019.01.10-21.26.51:165][  0]LogConfig: Applying CVar settings from Section [/Script/UnrealEd.CookerSettings] File [C:/Users/Alex Mao/Documents/Unreal Projects/StarlightOasis/ProjStarlightOasis/Saved/Config/Windows/Engine.ini]
[2019.01.10-21.26.51:175][  0]LogConfig: Applying CVar settings from Section [ViewDistanceQuality@3] File [C:/Users/Alex Mao/Documents/Unreal Projects/StarlightOasis/ProjStarlightOasis/Saved/Config/Windows/Scalability.ini]
[2019.01.10-21.26.51:175][  0]LogConfig: Setting CVar [[r.SkeletalMeshLODBias:0]]
[2019.01.10-21.26.51:175][  0]LogConfig: Setting CVar [[r.ViewDistanceScale:1.0]]
[2019.01.10-21.26.51:175][  0]LogConfig: Applying CVar settings from Section [AntiAliasingQuality@3] File [C:/Users/Alex Mao/Documents/Unreal Projects/StarlightOasis/ProjStarlightOasis/Saved/Config/Windows/Scalability.ini]
[2019.01.10-21.26.51:175][  0]LogConfig: Setting CVar [[r.PostProcessAAQuality:4]]
[2019.01.10-21.26.51:175][  0]LogConfig: Applying CVar settings from Section [ShadowQuality@3] File [C:/Users/Alex Mao/Documents/Unreal Projects/StarlightOasis/ProjStarlightOasis/Saved/Config/Windows/Scalability.ini]
[2019.01.10-21.26.51:175][  0]LogConfig: Setting CVar [[r.LightFunctionQuality:1]]
[2019.01.10-21.26.51:175][  0]LogConfig: Setting CVar [[r.ShadowQuality:5]]
[2019.01.10-21.26.51:175][  0]LogConfig: Setting CVar [[r.Shadow.CSM.MaxCascades:10]]
[2019.01.10-21.26.51:175][  0]LogConfig: Setting CVar [[r.Shadow.MaxResolution:2048]]
[2019.01.10-21.26.51:175][  0]LogConfig: Setting CVar [[r.Shadow.MaxCSMResolution:2048]]
[2019.01.10-21.26.51:175][  0]LogConfig: Setting CVar [[r.Shadow.RadiusThreshold:0.01]]
[2019.01.10-21.26.51:175][  0]LogConfig: Setting CVar [[r.Shadow.DistanceScale:1.0]]
[2019.01.10-21.26.51:175][  0]LogConfig: Setting CVar [[r.Shadow.CSM.TransitionScale:1.0]]
[2019.01.10-21.26.51:175][  0]LogConfig: Setting CVar [[r.Shadow.PreShadowResolutionFactor:1.0]]
[2019.01.10-21.26.51:175][  0]LogConfig: Setting CVar [[r.DistanceFieldShadowing:1]]
[2019.01.10-21.26.51:175][  0]LogConfig: Setting CVar [[r.DistanceFieldAO:1]]
[2019.01.10-21.26.51:175][  0]LogConfig: Setting CVar [[r.AOQuality:2]]
[2019.01.10-21.26.51:175][  0]LogConfig: Setting CVar [[r.VolumetricFog:1]]
[2019.01.10-21.26.51:175][  0]LogConfig: Setting CVar [[r.VolumetricFog.GridPixelSize:8]]
[2019.01.10-21.26.51:175][  0]LogConfig: Setting CVar [[r.VolumetricFog.GridSizeZ:128]]
[2019.01.10-21.26.51:175][  0]LogConfig: Setting CVar [[r.VolumetricFog.HistoryMissSupersampleCount:4]]
[2019.01.10-21.26.51:175][  0]LogConfig: Setting CVar [[r.LightMaxDrawDistanceScale:1]]
[2019.01.10-21.26.51:175][  0]LogConfig: Setting CVar [[r.CapsuleShadows:1]]
[2019.01.10-21.26.51:175][  0]LogConfig: Applying CVar settings from Section [PostProcessQuality@3] File [C:/Users/Alex Mao/Documents/Unreal Projects/StarlightOasis/ProjStarlightOasis/Saved/Config/Windows/Scalability.ini]
[2019.01.10-21.26.51:175][  0]LogConfig: Setting CVar [[r.MotionBlurQuality:4]]
[2019.01.10-21.26.51:175][  0]LogConfig: Setting CVar [[r.AmbientOcclusionMipLevelFactor:0.4]]
[2019.01.10-21.26.51:175][  0]LogConfig: Setting CVar [[r.AmbientOcclusionMaxQuality:100]]
[2019.01.10-21.26.51:175][  0]LogConfig: Setting CVar [[r.AmbientOcclusionLevels:-1]]
[2019.01.10-21.26.51:175][  0]LogConfig: Setting CVar [[r.AmbientOcclusionRadiusScale:1.0]]
[2019.01.10-21.26.51:175][  0]LogConfig: Setting CVar [[r.DepthOfFieldQuality:2]]
[2019.01.10-21.26.51:175][  0]LogConfig: Setting CVar [[r.RenderTargetPoolMin:400]]
[2019.01.10-21.26.51:175][  0]LogConfig: Setting CVar [[r.LensFlareQuality:2]]
[2019.01.10-21.26.51:175][  0]LogConfig: Setting CVar [[r.SceneColorFringeQuality:1]]
[2019.01.10-21.26.51:175][  0]LogConfig: Setting CVar [[r.EyeAdaptationQuality:2]]
[2019.01.10-21.26.51:175][  0]LogConfig: Setting CVar [[r.BloomQuality:5]]
[2019.01.10-21.26.51:175][  0]LogConfig: Setting CVar [[r.FastBlurThreshold:100]]
[2019.01.10-21.26.51:175][  0]LogConfig: Setting CVar [[r.Upscale.Quality:3]]
[2019.01.10-21.26.51:175][  0]LogConfig: Setting CVar [[r.Tonemapper.GrainQuantization:1]]
[2019.01.10-21.26.51:175][  0]LogConfig: Setting CVar [[r.LightShaftQuality:1]]
[2019.01.10-21.26.51:175][  0]LogConfig: Setting CVar [[r.Filter.SizeScale:1]]
[2019.01.10-21.26.51:175][  0]LogConfig: Setting CVar [[r.Tonemapper.Quality:5]]
[2019.01.10-21.26.51:175][  0]LogConfig: Setting CVar [[r.DOF.Gather.AccumulatorQuality:1        ; higher gathering accumulator quality]]
[2019.01.10-21.26.51:175][  0]LogConfig: Setting CVar [[r.DOF.Gather.PostfilterMethod:1          ; Median3x3 postfilering method]]
[2019.01.10-21.26.51:175][  0]LogConfig: Setting CVar [[r.DOF.Gather.EnableBokehSettings:0       ; no bokeh simulation when gathering]]
[2019.01.10-21.26.51:175][  0]LogConfig: Setting CVar [[r.DOF.Gather.RingCount:4                 ; medium number of samples when gathering]]
[2019.01.10-21.26.51:175][  0]LogConfig: Setting CVar [[r.DOF.Scatter.ForegroundCompositing:1    ; additive foreground scattering]]
[2019.01.10-21.26.51:175][  0]LogConfig: Setting CVar [[r.DOF.Scatter.BackgroundCompositing:2    ; additive background scattering]]
[2019.01.10-21.26.51:175][  0]LogConfig: Setting CVar [[r.DOF.Scatter.EnableBokehSettings:1      ; bokeh simulation when scattering]]
[2019.01.10-21.26.51:175][  0]LogConfig: Setting CVar [[r.DOF.Scatter.MaxSpriteRatio:0.1         ; only a maximum of 10% of scattered bokeh]]
[2019.01.10-21.26.51:175][  0]LogConfig: Setting CVar [[r.DOF.Recombine.Quality:1                ; cheap slight out of focus]]
[2019.01.10-21.26.51:175][  0]LogConfig: Setting CVar [[r.DOF.Recombine.EnableBokehSettings:0    ; no bokeh simulation on slight out of focus]]
[2019.01.10-21.26.51:175][  0]LogConfig: Setting CVar [[r.DOF.TemporalAAQuality:1                ; more stable temporal accumulation]]
[2019.01.10-21.26.51:175][  0]LogConfig: Setting CVar [[r.DOF.Kernel.MaxForegroundRadius:0.025]]
[2019.01.10-21.26.51:175][  0]LogConfig: Setting CVar [[r.DOF.Kernel.MaxBackgroundRadius:0.025]]
[2019.01.10-21.26.51:175][  0]LogConfig: Applying CVar settings from Section [TextureQuality@3] File [C:/Users/Alex Mao/Documents/Unreal Projects/StarlightOasis/ProjStarlightOasis/Saved/Config/Windows/Scalability.ini]
[2019.01.10-21.26.51:175][  0]LogConfig: Setting CVar [[r.Streaming.MipBias:0]]
[2019.01.10-21.26.51:175][  0]LogConfig: Setting CVar [[r.Streaming.AmortizeCPUToGPUCopy:0]]
[2019.01.10-21.26.51:175][  0]LogConfig: Setting CVar [[r.Streaming.MaxNumTexturesToStreamPerFrame:0]]
[2019.01.10-21.26.51:175][  0]LogConfig: Setting CVar [[r.Streaming.Boost:1]]
[2019.01.10-21.26.51:175][  0]LogConfig: Setting CVar [[r.MaxAnisotropy:8]]
[2019.01.10-21.26.51:175][  0]LogConfig: Setting CVar [[r.Streaming.LimitPoolSizeToVRAM:0]]
[2019.01.10-21.26.51:175][  0]LogConfig: Setting CVar [[r.Streaming.PoolSize:1000]]
[2019.01.10-21.26.51:175][  0]LogConfig: Setting CVar [[r.Streaming.MaxEffectiveScreenSize:0]]
[2019.01.10-21.26.51:176][  0]LogConfig: Applying CVar settings from Section [EffectsQuality@3] File [C:/Users/Alex Mao/Documents/Unreal Projects/StarlightOasis/ProjStarlightOasis/Saved/Config/Windows/Scalability.ini]
[2019.01.10-21.26.51:176][  0]LogConfig: Setting CVar [[r.TranslucencyLightingVolumeDim:64]]
[2019.01.10-21.26.51:176][  0]LogConfig: Setting CVar [[r.RefractionQuality:2]]
[2019.01.10-21.26.51:176][  0]LogConfig: Setting CVar [[r.SSR.Quality:3]]
[2019.01.10-21.26.51:176][  0]LogConfig: Setting CVar [[r.SceneColorFormat:4]]
[2019.01.10-21.26.51:176][  0]LogConfig: Setting CVar [[r.DetailMode:2]]
[2019.01.10-21.26.51:176][  0]LogConfig: Setting CVar [[r.TranslucencyVolumeBlur:1]]
[2019.01.10-21.26.51:176][  0]LogConfig: Setting CVar [[r.MaterialQualityLevel:1 ; High quality]]
[2019.01.10-21.26.51:176][  0]LogConfig: Setting CVar [[r.SSS.Scale:1]]
[2019.01.10-21.26.51:176][  0]LogConfig: Setting CVar [[r.SSS.SampleSet:2]]
[2019.01.10-21.26.51:176][  0]LogConfig: Setting CVar [[r.SSS.Quality:1]]
[2019.01.10-21.26.51:176][  0]LogConfig: Setting CVar [[r.SSS.HalfRes:1]]
[2019.01.10-21.26.51:176][  0]LogConfig: Setting CVar [[r.EmitterSpawnRateScale:1.0]]
[2019.01.10-21.26.51:176][  0]LogConfig: Setting CVar [[r.ParticleLightQuality:2]]
[2019.01.10-21.26.51:176][  0]LogConfig: Applying CVar settings from Section [FoliageQuality@3] File [C:/Users/Alex Mao/Documents/Unreal Projects/StarlightOasis/ProjStarlightOasis/Saved/Config/Windows/Scalability.ini]
[2019.01.10-21.26.51:176][  0]LogConfig: Setting CVar [[foliage.DensityScale:1.0]]
[2019.01.10-21.26.51:176][  0]LogConfig: Setting CVar [[grass.DensityScale:1.0]]
[2019.01.10-21.26.51:176][  0]LogInit: Selected Device Profile: [Windows]
[2019.01.10-21.26.51:177][  0]LogInit: Applying CVar settings loaded from the selected device profile: [Windows]
[2019.01.10-21.26.51:199][  0]LogHAL: Display: Platform has ~ 16 GB [17138720768 / 17179869184 / 16], which maps to Larger [LargestMinGB=32, LargerMinGB=12, DefaultMinGB=8, SmallerMinGB=6, SmallestMinGB=0)
[2019.01.10-21.26.51:199][  0]LogConfig: Setting CVar [[r.Vulkan.UseRealUBs:1]]
[2019.01.10-21.26.51:199][  0]LogInit: Going up to parent DeviceProfile []
[2019.01.10-21.26.51:199][  0]LogConfig: Applying CVar settings from Section [ViewDistanceQuality@3] File [C:/Users/Alex Mao/Documents/Unreal Projects/StarlightOasis/ProjStarlightOasis/Saved/Config/Windows/Scalability.ini]
[2019.01.10-21.26.51:199][  0]LogConfig: Setting CVar [[r.SkeletalMeshLODBias:0]]
[2019.01.10-21.26.51:199][  0]LogConfig: Setting CVar [[r.ViewDistanceScale:1.0]]
[2019.01.10-21.26.51:199][  0]LogConfig: Applying CVar settings from Section [AntiAliasingQuality@3] File [C:/Users/Alex Mao/Documents/Unreal Projects/StarlightOasis/ProjStarlightOasis/Saved/Config/Windows/Scalability.ini]
[2019.01.10-21.26.51:199][  0]LogConfig: Setting CVar [[r.PostProcessAAQuality:4]]
[2019.01.10-21.26.51:199][  0]LogConfig: Applying CVar settings from Section [ShadowQuality@3] File [C:/Users/Alex Mao/Documents/Unreal Projects/StarlightOasis/ProjStarlightOasis/Saved/Config/Windows/Scalability.ini]
[2019.01.10-21.26.51:199][  0]LogConfig: Setting CVar [[r.LightFunctionQuality:1]]
[2019.01.10-21.26.51:199][  0]LogConfig: Setting CVar [[r.ShadowQuality:5]]
[2019.01.10-21.26.51:199][  0]LogConfig: Setting CVar [[r.Shadow.CSM.MaxCascades:10]]
[2019.01.10-21.26.51:199][  0]LogConfig: Setting CVar [[r.Shadow.MaxResolution:2048]]
[2019.01.10-21.26.51:199][  0]LogConfig: Setting CVar [[r.Shadow.MaxCSMResolution:2048]]
[2019.01.10-21.26.51:199][  0]LogConfig: Setting CVar [[r.Shadow.RadiusThreshold:0.01]]
[2019.01.10-21.26.51:199][  0]LogConfig: Setting CVar [[r.Shadow.DistanceScale:1.0]]
[2019.01.10-21.26.51:199][  0]LogConfig: Setting CVar [[r.Shadow.CSM.TransitionScale:1.0]]
[2019.01.10-21.26.51:199][  0]LogConfig: Setting CVar [[r.Shadow.PreShadowResolutionFactor:1.0]]
[2019.01.10-21.26.51:200][  0]LogConfig: Setting CVar [[r.DistanceFieldShadowing:1]]
[2019.01.10-21.26.51:200][  0]LogConfig: Setting CVar [[r.DistanceFieldAO:1]]
[2019.01.10-21.26.51:200][  0]LogConfig: Setting CVar [[r.AOQuality:2]]
[2019.01.10-21.26.51:200][  0]LogConfig: Setting CVar [[r.VolumetricFog:1]]
[2019.01.10-21.26.51:200][  0]LogConfig: Setting CVar [[r.VolumetricFog.GridPixelSize:8]]
[2019.01.10-21.26.51:200][  0]LogConfig: Setting CVar [[r.VolumetricFog.GridSizeZ:128]]
[2019.01.10-21.26.51:200][  0]LogConfig: Setting CVar [[r.VolumetricFog.HistoryMissSupersampleCount:4]]
[2019.01.10-21.26.51:200][  0]LogConfig: Setting CVar [[r.LightMaxDrawDistanceScale:1]]
[2019.01.10-21.26.51:200][  0]LogConfig: Setting CVar [[r.CapsuleShadows:1]]
[2019.01.10-21.26.51:200][  0]LogConfig: Applying CVar settings from Section [PostProcessQuality@3] File [C:/Users/Alex Mao/Documents/Unreal Projects/StarlightOasis/ProjStarlightOasis/Saved/Config/Windows/Scalability.ini]
[2019.01.10-21.26.51:200][  0]LogConfig: Setting CVar [[r.MotionBlurQuality:4]]
[2019.01.10-21.26.51:200][  0]LogConfig: Setting CVar [[r.AmbientOcclusionMipLevelFactor:0.4]]
[2019.01.10-21.26.51:200][  0]LogConfig: Setting CVar [[r.AmbientOcclusionMaxQuality:100]]
[2019.01.10-21.26.51:200][  0]LogConfig: Setting CVar [[r.AmbientOcclusionLevels:-1]]
[2019.01.10-21.26.51:200][  0]LogConfig: Setting CVar [[r.AmbientOcclusionRadiusScale:1.0]]
[2019.01.10-21.26.51:200][  0]LogConfig: Setting CVar [[r.DepthOfFieldQuality:2]]
[2019.01.10-21.26.51:200][  0]LogConfig: Setting CVar [[r.RenderTargetPoolMin:400]]
[2019.01.10-21.26.51:200][  0]LogConfig: Setting CVar [[r.LensFlareQuality:2]]
[2019.01.10-21.26.51:200][  0]LogConfig: Setting CVar [[r.SceneColorFringeQuality:1]]
[2019.01.10-21.26.51:200][  0]LogConfig: Setting CVar [[r.EyeAdaptationQuality:2]]
[2019.01.10-21.26.51:200][  0]LogConfig: Setting CVar [[r.BloomQuality:5]]
[2019.01.10-21.26.51:200][  0]LogConfig: Setting CVar [[r.FastBlurThreshold:100]]
[2019.01.10-21.26.51:200][  0]LogConfig: Setting CVar [[r.Upscale.Quality:3]]
[2019.01.10-21.26.51:200][  0]LogConfig: Setting CVar [[r.Tonemapper.GrainQuantization:1]]
[2019.01.10-21.26.51:200][  0]LogConfig: Setting CVar [[r.LightShaftQuality:1]]
[2019.01.10-21.26.51:200][  0]LogConfig: Setting CVar [[r.Filter.SizeScale:1]]
[2019.01.10-21.26.51:200][  0]LogConfig: Setting CVar [[r.Tonemapper.Quality:5]]
[2019.01.10-21.26.51:200][  0]LogConfig: Setting CVar [[r.DOF.Gather.AccumulatorQuality:1        ; higher gathering accumulator quality]]
[2019.01.10-21.26.51:200][  0]LogConfig: Setting CVar [[r.DOF.Gather.PostfilterMethod:1          ; Median3x3 postfilering method]]
[2019.01.10-21.26.51:200][  0]LogConfig: Setting CVar [[r.DOF.Gather.EnableBokehSettings:0       ; no bokeh simulation when gathering]]
[2019.01.10-21.26.51:200][  0]LogConfig: Setting CVar [[r.DOF.Gather.RingCount:4                 ; medium number of samples when gathering]]
[2019.01.10-21.26.51:200][  0]LogConfig: Setting CVar [[r.DOF.Scatter.ForegroundCompositing:1    ; additive foreground scattering]]
[2019.01.10-21.26.51:200][  0]LogConfig: Setting CVar [[r.DOF.Scatter.BackgroundCompositing:2    ; additive background scattering]]
[2019.01.10-21.26.51:200][  0]LogConfig: Setting CVar [[r.DOF.Scatter.EnableBokehSettings:1      ; bokeh simulation when scattering]]
[2019.01.10-21.26.51:200][  0]LogConfig: Setting CVar [[r.DOF.Scatter.MaxSpriteRatio:0.1         ; only a maximum of 10% of scattered bokeh]]
[2019.01.10-21.26.51:200][  0]LogConfig: Setting CVar [[r.DOF.Recombine.Quality:1                ; cheap slight out of focus]]
[2019.01.10-21.26.51:200][  0]LogConfig: Setting CVar [[r.DOF.Recombine.EnableBokehSettings:0    ; no bokeh simulation on slight out of focus]]
[2019.01.10-21.26.51:200][  0]LogConfig: Setting CVar [[r.DOF.TemporalAAQuality:1                ; more stable temporal accumulation]]
[2019.01.10-21.26.51:200][  0]LogConfig: Setting CVar [[r.DOF.Kernel.MaxForegroundRadius:0.025]]
[2019.01.10-21.26.51:200][  0]LogConfig: Setting CVar [[r.DOF.Kernel.MaxBackgroundRadius:0.025]]
[2019.01.10-21.26.51:200][  0]LogConfig: Applying CVar settings from Section [TextureQuality@3] File [C:/Users/Alex Mao/Documents/Unreal Projects/StarlightOasis/ProjStarlightOasis/Saved/Config/Windows/Scalability.ini]
[2019.01.10-21.26.51:200][  0]LogConfig: Setting CVar [[r.Streaming.MipBias:0]]
[2019.01.10-21.26.51:200][  0]LogConfig: Setting CVar [[r.Streaming.AmortizeCPUToGPUCopy:0]]
[2019.01.10-21.26.51:200][  0]LogConfig: Setting CVar [[r.Streaming.MaxNumTexturesToStreamPerFrame:0]]
[2019.01.10-21.26.51:200][  0]LogConfig: Setting CVar [[r.Streaming.Boost:1]]
[2019.01.10-21.26.51:200][  0]LogConfig: Setting CVar [[r.MaxAnisotropy:8]]
[2019.01.10-21.26.51:200][  0]LogConfig: Setting CVar [[r.Streaming.LimitPoolSizeToVRAM:0]]
[2019.01.10-21.26.51:200][  0]LogConfig: Setting CVar [[r.Streaming.PoolSize:1000]]
[2019.01.10-21.26.51:200][  0]LogConfig: Setting CVar [[r.Streaming.MaxEffectiveScreenSize:0]]
[2019.01.10-21.26.51:200][  0]LogConfig: Applying CVar settings from Section [EffectsQuality@3] File [C:/Users/Alex Mao/Documents/Unreal Projects/StarlightOasis/ProjStarlightOasis/Saved/Config/Windows/Scalability.ini]
[2019.01.10-21.26.51:200][  0]LogConfig: Setting CVar [[r.TranslucencyLightingVolumeDim:64]]
[2019.01.10-21.26.51:200][  0]LogConfig: Setting CVar [[r.RefractionQuality:2]]
[2019.01.10-21.26.51:200][  0]LogConfig: Setting CVar [[r.SSR.Quality:3]]
[2019.01.10-21.26.51:200][  0]LogConfig: Setting CVar [[r.SceneColorFormat:4]]
[2019.01.10-21.26.51:200][  0]LogConfig: Setting CVar [[r.DetailMode:2]]
[2019.01.10-21.26.51:200][  0]LogConfig: Setting CVar [[r.TranslucencyVolumeBlur:1]]
[2019.01.10-21.26.51:200][  0]LogConfig: Setting CVar [[r.MaterialQualityLevel:1 ; High quality]]
[2019.01.10-21.26.51:200][  0]LogConfig: Setting CVar [[r.SSS.Scale:1]]
[2019.01.10-21.26.51:200][  0]LogConfig: Setting CVar [[r.SSS.SampleSet:2]]
[2019.01.10-21.26.51:200][  0]LogConfig: Setting CVar [[r.SSS.Quality:1]]
[2019.01.10-21.26.51:200][  0]LogConfig: Setting CVar [[r.SSS.HalfRes:1]]
[2019.01.10-21.26.51:200][  0]LogConfig: Setting CVar [[r.EmitterSpawnRateScale:1.0]]
[2019.01.10-21.26.51:200][  0]LogConfig: Setting CVar [[r.ParticleLightQuality:2]]
[2019.01.10-21.26.51:200][  0]LogConfig: Applying CVar settings from Section [FoliageQuality@3] File [C:/Users/Alex Mao/Documents/Unreal Projects/StarlightOasis/ProjStarlightOasis/Saved/Config/Windows/Scalability.ini]
[2019.01.10-21.26.51:200][  0]LogConfig: Setting CVar [[foliage.DensityScale:1.0]]
[2019.01.10-21.26.51:200][  0]LogConfig: Setting CVar [[grass.DensityScale:1.0]]
[2019.01.10-21.26.51:200][  0]LogConfig: Applying CVar settings from Section [Startup] File [../../../Engine/Config/ConsoleVariables.ini]
[2019.01.10-21.26.51:205][  0]LogConfig: Setting CVar [[net.UseAdaptiveNetUpdateFrequency:0]]
[2019.01.10-21.26.51:205][  0]LogConfig: Applying CVar settings from Section [ConsoleVariables] File [C:/Users/Alex Mao/Documents/Unreal Projects/StarlightOasis/ProjStarlightOasis/Saved/Config/Windows/Engine.ini]
[2019.01.10-21.26.51:206][  0]LogInit: Computer: ATLAS
[2019.01.10-21.26.51:206][  0]LogInit: User: AlexMao
[2019.01.10-21.26.51:206][  0]LogInit: CPU Page size=4096, Cores=4
[2019.01.10-21.26.51:206][  0]LogInit: High frequency timer resolution =3.328128 MHz
[2019.01.10-21.26.51:207][  0]LogMemory: Memory total: Physical=16.0GB (16GB approx)
[2019.01.10-21.26.51:207][  0]LogMemory: Platform Memory Stats for Windows
[2019.01.10-21.26.51:207][  0]LogMemory: Process Physical Memory: 103.64 MB used, 103.64 MB peak
[2019.01.10-21.26.51:207][  0]LogMemory: Process Virtual Memory: 90.82 MB used, 90.82 MB peak
[2019.01.10-21.26.51:207][  0]LogMemory: Physical Memory: 6228.88 MB used,  10115.88 MB free, 16344.76 MB total
[2019.01.10-21.26.51:207][  0]LogMemory: Virtual Memory: 4647.29 MB used,  134213080.00 MB free, 134217728.00 MB total
[2019.01.10-21.26.51:411][  0]LogInit: Using OS detected language (en-US).
[2019.01.10-21.26.51:411][  0]LogInit: Using OS detected locale (en-US).
[2019.01.10-21.26.51:413][  0]LogTextLocalizationManager: No specific localization for 'en-US' exists, so the 'en' localization will be used.
[2019.01.10-21.26.51:890][  0]LogStreaming: Display: Took  0.478s to InitEngineTextLocalization.
[2019.01.10-21.26.51:890][  0]LogInit: Setting process to per monitor DPI aware
[2019.01.10-21.26.51:981][  0]LogSlate: New Slate User Created.  User Index 0, Is Virtual User: 0
[2019.01.10-21.26.51:982][  0]LogSlate: Slate User Registered.  User Index 0, Is Virtual User: 0
[2019.01.10-21.26.54:004][  0]LogHMD: Failed to initialize OpenVR with code 110
[2019.01.10-21.26.54:004][  0]LogD3D11RHI: D3D11 adapters:
[2019.01.10-21.26.54:063][  0]LogD3D11RHI:    0. 'NVIDIA GeForce GTX 1070 Ti' (Feature Level 11_0)
[2019.01.10-21.26.54:063][  0]LogD3D11RHI:       8080/0/8172 MB DedicatedVideo/DedicatedSystem/SharedSystem, Outputs:2, VendorId:0x10de
[2019.01.10-21.26.54:066][  0]LogD3D11RHI:    1. 'Microsoft Basic Render Driver' (Feature Level 11_0)
[2019.01.10-21.26.54:066][  0]LogD3D11RHI:       0/0/8172 MB DedicatedVideo/DedicatedSystem/SharedSystem, Outputs:0, VendorId:0x1414
[2019.01.10-21.26.54:066][  0]LogD3D11RHI: Chosen D3D11 Adapter: 0
[2019.01.10-21.26.54:073][  0]LogD3D11RHI: Creating new Direct3DDevice
[2019.01.10-21.26.54:073][  0]LogD3D11RHI:     GPU DeviceId: 0x1b82 (for the marketing name, search the web for "GPU Device Id")
[2019.01.10-21.26.54:073][  0]LogWindows: EnumDisplayDevices:
[2019.01.10-21.26.54:073][  0]LogWindows:    0. 'NVIDIA GeForce GTX 1070 Ti' (P:1 D:1)
[2019.01.10-21.26.54:073][  0]LogWindows:    1. 'NVIDIA GeForce GTX 1070 Ti' (P:0 D:1)
[2019.01.10-21.26.54:073][  0]LogWindows:    2. 'NVIDIA GeForce GTX 1070 Ti' (P:0 D:0)
[2019.01.10-21.26.54:074][  0]LogWindows:    3. 'NVIDIA GeForce GTX 1070 Ti' (P:0 D:0)
[2019.01.10-21.26.54:074][  0]LogWindows: DebugString: FoundDriverCount:4 
[2019.01.10-21.26.54:074][  0]LogD3D11RHI:     Adapter Name: NVIDIA GeForce GTX 1070 Ti
[2019.01.10-21.26.54:074][  0]LogD3D11RHI:   Driver Version: 417.22 (internal:25.21.14.1722, unified:417.22)
[2019.01.10-21.26.54:074][  0]LogD3D11RHI:      Driver Date: 11-29-2018
[2019.01.10-21.26.54:074][  0]LogRHI: Texture pool is 5656 MB (70% of 8080 MB)
[2019.01.10-21.26.54:110][  0]LogD3D11RHI: Async texture creation enabled
[2019.01.10-21.26.54:198][  0]LogD3D11RHI: GPU Timing Frequency: 1000.000000 (Debug: 2 2)
[2019.01.10-21.26.54:508][  0]LogTemp: Display: Loaded TP AllDesktopTargetPlatform
[2019.01.10-21.26.54:521][  0]LogTemp: Display: Loaded TP MacClientTargetPlatform
[2019.01.10-21.26.54:534][  0]LogTemp: Display: Loaded TP MacNoEditorTargetPlatform
[2019.01.10-21.26.54:548][  0]LogTemp: Display: Loaded TP MacServerTargetPlatform
[2019.01.10-21.26.54:565][  0]LogTemp: Display: Loaded TP MacTargetPlatform
[2019.01.10-21.26.54:579][  0]LogTemp: Display: Loaded TP WindowsClientTargetPlatform
[2019.01.10-21.26.54:592][  0]LogTemp: Display: Loaded TP WindowsNoEditorTargetPlatform
[2019.01.10-21.26.54:606][  0]LogTemp: Display: Loaded TP WindowsServerTargetPlatform
[2019.01.10-21.26.54:613][  0]LogTemp: Display: Loaded TP WindowsTargetPlatform
[2019.01.10-21.26.54:688][  0]LogTemp: Display: Loaded TP AndroidTargetPlatform
[2019.01.10-21.26.54:688][  0]LogTemp: Display: Loaded TP AndroidTargetPlatform
[2019.01.10-21.26.54:688][  0]LogTemp: Display: Loaded TP AndroidTargetPlatform
[2019.01.10-21.26.54:688][  0]LogTemp: Display: Loaded TP AndroidTargetPlatform
[2019.01.10-21.26.54:688][  0]LogTemp: Display: Loaded TP AndroidTargetPlatform
[2019.01.10-21.26.54:688][  0]LogTemp: Display: Loaded TP AndroidTargetPlatform
[2019.01.10-21.26.54:688][  0]LogTemp: Display: Loaded TP AndroidTargetPlatform
[2019.01.10-21.26.54:688][  0]LogTemp: Display: Loaded TP AndroidTargetPlatform
[2019.01.10-21.26.54:688][  0]LogTemp: Display: Loaded TP AndroidTargetPlatform
[2019.01.10-21.26.54:688][  0]LogTemp: Display: Loaded TP AndroidTargetPlatform
[2019.01.10-21.26.54:688][  0]LogTemp: Display: Loaded TP AndroidTargetPlatform
[2019.01.10-21.26.54:688][  0]LogTemp: Display: Loaded TP AndroidTargetPlatform
[2019.01.10-21.26.54:688][  0]LogTemp: Display: Loaded TP AndroidTargetPlatform
[2019.01.10-21.26.54:688][  0]LogTemp: Display: Loaded TP AndroidTargetPlatform
[2019.01.10-21.26.54:688][  0]LogTemp: Display: Loaded TP AndroidTargetPlatform
[2019.01.10-21.26.54:688][  0]LogTemp: Display: Loaded TP AndroidTargetPlatform
[2019.01.10-21.26.54:688][  0]LogTemp: Display: Loaded TP AndroidTargetPlatform
[2019.01.10-21.26.54:688][  0]LogTemp: Display: Loaded TP AndroidTargetPlatform
[2019.01.10-21.26.54:692][  0]LogTemp: Display: Loaded TP HTML5TargetPlatform
[2019.01.10-21.26.54:762][  0]LogTemp: Display: Loaded TP IOSTargetPlatform
[2019.01.10-21.26.54:762][  0]LogTemp: Display: Loaded TP IOSTargetPlatform
[2019.01.10-21.26.54:784][  0]LogTemp: Display: Loaded TP TVOSTargetPlatform
[2019.01.10-21.26.54:784][  0]LogTemp: Display: Loaded TP TVOSTargetPlatform
[2019.01.10-21.26.54:798][  0]LogTemp: Display: Loaded TP LinuxClientTargetPlatform
[2019.01.10-21.26.54:811][  0]LogTemp: Display: Loaded TP LinuxNoEditorTargetPlatform
[2019.01.10-21.26.54:825][  0]LogTemp: Display: Loaded TP LinuxServerTargetPlatform
[2019.01.10-21.26.54:847][  0]LogTemp: Display: Loaded TP LinuxTargetPlatform
[2019.01.10-21.26.54:891][  0]LogTemp: Display: Loaded TP LuminTargetPlatform
[2019.01.10-21.26.54:891][  0]LogTemp: Display: Loaded TP LuminTargetPlatform
[2019.01.10-21.26.54:891][  0]LogTargetPlatformManager: Display: Building Assets For Windows
[2019.01.10-21.26.55:034][  0]LogShaderCompilers: Guid format shader working directory is -72 characters bigger than the processId version (../../../../../../Users/Alex Mao/Documents/Unreal Projects/StarlightOasis/ProjStarlightOasis/Intermediate/Shaders/WorkingDirectory/4796/).
[2019.01.10-21.26.55:034][  0]LogShaderCompilers: Cleaned the shader compiler working directory 'c:/Temp/UnrealShaderWorkingDir/8F6613324AD26CFC5672C3AEDF5C9093/'.
[2019.01.10-21.26.55:037][  0]LogXGEController: Cleaning working directory: c:/Temp/UnrealXGEWorkingDir/
[2019.01.10-21.26.55:038][  0]LogXGEController: Cannot use XGE Controller as Incredibuild is not installed on this machine.
[2019.01.10-21.26.55:038][  0]LogShaderCompilers: Cannot use XGE Shader Compiler as Incredibuild is not installed on this machine.
[2019.01.10-21.26.55:038][  0]LogShaderCompilers: Display: Using Local Shader Compiler.
[2019.01.10-21.26.56:617][  0]LogDerivedDataCache: Display: Max Cache Size: 512 MB
[2019.01.10-21.26.56:815][  0]LogDerivedDataCache: Loaded boot cache 0.20s 71MB C:/Users/Alex Mao/AppData/Local/UnrealEngine/4.21/DerivedDataCache/Boot.ddc.
[2019.01.10-21.26.56:815][  0]LogDerivedDataCache: Display: Loaded Boot cache: C:/Users/Alex Mao/AppData/Local/UnrealEngine/4.21/DerivedDataCache/Boot.ddc
[2019.01.10-21.26.56:815][  0]LogDerivedDataCache: FDerivedDataBackendGraph:  Pak pak cache file ../../../../../../Users/Alex Mao/Documents/Unreal Projects/StarlightOasis/ProjStarlightOasis/DerivedDataCache/DDC.ddp not found, will not use a pak cache.
[2019.01.10-21.26.56:815][  0]LogDerivedDataCache: Unable to find inner node Pak for hierarchical cache Hierarchy.
[2019.01.10-21.26.56:815][  0]LogDerivedDataCache: FDerivedDataBackendGraph:  CompressedPak pak cache file ../../../../../../Users/Alex Mao/Documents/Unreal Projects/StarlightOasis/ProjStarlightOasis/DerivedDataCache/Compressed.ddp not found, will not use a pak cache.
[2019.01.10-21.26.56:815][  0]LogDerivedDataCache: Unable to find inner node CompressedPak for hierarchical cache Hierarchy.
[2019.01.10-21.26.56:836][  0]LogDerivedDataCache: Display: Pak cache opened for reading ../../../Engine/DerivedDataCache/Compressed.ddp.
[2019.01.10-21.26.56:836][  0]LogDerivedDataCache: FDerivedDataBackendGraph:  EnterprisePak pak cache file ../../../Enterprise/DerivedDataCache/Compressed.ddp not found, will not use a pak cache.
[2019.01.10-21.26.56:836][  0]LogDerivedDataCache: Unable to find inner node EnterprisePak for hierarchical cache Hierarchy.
[2019.01.10-21.26.56:848][  0]LogDerivedDataCache: Using Local data cache path C:/Users/Alex Mao/AppData/Local/UnrealEngine/Common/DerivedDataCache: Writable
[2019.01.10-21.26.56:848][  0]LogDerivedDataCache: Shared data cache path not found in *engine.ini, will not use an Shared cache.
[2019.01.10-21.26.56:848][  0]LogDerivedDataCache: Unable to find inner node Shared for hierarchical cache Hierarchy.
[2019.01.10-21.26.56:872][  0]LogMaterial: Verifying Global Shaders for PCD3D_SM5
[2019.01.10-21.26.56:882][  0]LogSlate: Using FreeType 2.6.0
[2019.01.10-21.26.56:899][  0]LogSlate: SlateFontServices - WITH_FREETYPE: 1, WITH_HARFBUZZ: 1
[2019.01.10-21.26.57:225][  0]LogAssetRegistry: FAssetRegistry took 0.0355 seconds to start up
[2019.01.10-21.26.57:578][  0]LogInit: Selected Device Profile: [Windows]
[2019.01.10-21.26.57:908][  0]LogSimplygon: Simplygon DLL not present - disabling.
[2019.01.10-21.26.57:927][  0]LogMeshReduction: Using SimplygonSwarm for distributed automatic mesh merging
[2019.01.10-21.26.57:928][  0]LogMeshReduction: Using ProxyLODMeshReduction for automatic mesh merging
[2019.01.10-21.26.57:929][  0]LogMeshReduction: Using QuadricMeshReduction for automatic static mesh reduction
[2019.01.10-21.26.57:929][  0]LogMeshReduction: No automatic skeletal mesh reduction module available
[2019.01.10-21.26.57:987][  0]LogNetVersion: ProjStarlightOasis 1.0.0, NetCL: 4541578, EngineNetVer: 5, GameNetVer: 0 (Checksum: 461897118)
[2019.01.10-21.26.59:281][  0]LogPackageLocalizationCache: Processed 11 localized package path(s) for 2 prioritized culture(s) in 0.092382 seconds
[2019.01.10-21.26.59:288][  0]LogUObjectArray: 39775 objects as part of root set at end of initial load.
[2019.01.10-21.26.59:289][  0]LogUObjectAllocator: 6914664 out of 0 bytes used by permanent object pool.
[2019.01.10-21.26.59:289][  0]LogUObjectArray: CloseDisregardForGC: 0/0 objects in disregard for GC pool
[2019.01.10-21.27.02:889][  0]LogSubstanceCoreModule: Substance [CPU] Engine Loaded, Max Texture Size = 2048
[2019.01.10-21.27.02:910][  0]LogTcpMessaging: Initializing TcpMessaging bridge
[2019.01.10-21.27.02:930][  0]LogUdpMessaging: Initializing bridge on interface 0.0.0.0:0 to multicast group 230.0.0.1:6666.
[2019.01.10-21.27.03:783][  0]SourceControl: Source control is disabled
[2019.01.10-21.27.03:784][  0]SourceControl: Source control is disabled
[2019.01.10-21.27.03:800][  0]SourceControl: Source control is disabled
[2019.01.10-21.27.03:806][  0]SourceControl: Source control is disabled
[2019.01.10-21.27.04:153][  0]LogAndroidPermission: UAndroidPermissionCallbackProxy::GetInstance
[2019.01.10-21.27.04:250][  0]LogOcInput: OculusInput pre-init called
[2019.01.10-21.27.04:644][  0]LogEngine: Initializing Engine...
[2019.01.10-21.27.04:646][  0]LogHMD: Failed to initialize OpenVR with code 110
[2019.01.10-21.27.04:649][  0]LogStats: UGameplayTagsManager::ConstructGameplayTagTree: ImportINI prefixes -  0.000 s
[2019.01.10-21.27.04:649][  0]LogStats: UGameplayTagsManager::ConstructGameplayTagTree: Construct from data asset -  0.000 s
[2019.01.10-21.27.04:649][  0]LogStats: UGameplayTagsManager::ConstructGameplayTagTree: ImportINI -  0.000 s
[2019.01.10-21.27.04:649][  0]LogStats: UGameplayTagsManager::ConstructGameplayTagTree: GameplayTagTreeChangedEvent.Broadcast -  0.000 s
[2019.01.10-21.27.05:058][  0]LogInit: Initializing FReadOnlyCVARCache
[2019.01.10-21.27.05:103][  0]LogAIModule: Creating AISystem for world Untitled
[2019.01.10-21.27.05:133][  0]LogInit: XAudio2 using 'Speakers (Realtek High Definition Audio)' : 2 channels at 48 kHz using 32 bits per sample (channel mask 0x3)
[2019.01.10-21.27.05:221][  0]LogInit: FAudioDevice initialized.
[2019.01.10-21.27.05:221][  0]LogNetVersion: Set ProjectVersion to 1.0.0.0. Version Checksum will be recalculated on next use.
[2019.01.10-21.27.05:295][  0]LogDerivedDataCache: Saved boot cache 0.07s 71MB C:/Users/Alex Mao/AppData/Local/UnrealEngine/4.21/DerivedDataCache/Boot.ddc.
[2019.01.10-21.27.05:307][  0]LogInit: Texture streaming: Enabled
[2019.01.10-21.27.05:330][  0]LogEngineSessionManager: EngineSessionManager initialized
[2019.01.10-21.27.05:397][  0]LogInit: Transaction tracking system initialized
[2019.01.10-21.27.05:468][  0]BlueprintLog: New page: Editor Load
[2019.01.10-21.27.05:670][  0]LocalizationService: Localization service is disabled
[2019.01.10-21.27.06:539][  0]LogFileCache: Scanning file cache for directory 'C:/Users/Alex Mao/Documents/Unreal Projects/StarlightOasis/ProjStarlightOasis/Content/' took 0.02s
[2019.01.10-21.27.06:539][  0]LogCook: Display: Max memory allowance for cook 16384mb min free memory 0mb
[2019.01.10-21.27.06:539][  0]LogCook: Display: Mobile HDR setting 1
[2019.01.10-21.27.06:539][  0]LogGameplayTags: Display: UGameplayTagsManager::DoneAddingNativeTags. DelegateIsBound: 0
[2019.01.10-21.27.06:539][  0]LogStats: UGameplayTagsManager::ConstructGameplayTagTree: ImportINI prefixes -  0.000 s
[2019.01.10-21.27.06:539][  0]LogStats: UGameplayTagsManager::ConstructGameplayTagTree: Construct from data asset -  0.000 s
[2019.01.10-21.27.06:539][  0]LogStats: UGameplayTagsManager::ConstructGameplayTagTree: ImportINI -  0.000 s
[2019.01.10-21.27.06:540][  0]LogStats: UGameplayTagsManager::ConstructGameplayTagTree: GameplayTagTreeChangedEvent.Broadcast -  0.000 s
[2019.01.10-21.27.06:899][  0]SourceControl: Source control is disabled
[2019.01.10-21.27.06:901][  0]Cmd: MAP LOAD FILE="../../../../../../Users/Alex Mao/Documents/Unreal Projects/StarlightOasis/ProjStarlightOasis/Content/Levels/TestMap.umap" TEMPLATE=0 SHOWPROGRESS=1 FEATURELEVEL=3
[2019.01.10-21.27.06:902][  0]LightingResults: New page: Lighting Build
[2019.01.10-21.27.06:913][  0]MapCheck: New page: Map Check
[2019.01.10-21.27.06:914][  0]LightingResults: New page: Lighting Build
[2019.01.10-21.27.07:231][  0]LogAIModule: Creating AISystem for world TestMap
[2019.01.10-21.27.07:259][  0]LogEditorServer: Finished looking for orphan Actors (0.000 secs)
[2019.01.10-21.27.07:288][  0]Cmd: MAP CHECKDEP NOCLEARLOG
[2019.01.10-21.27.07:288][  0]MapCheck: Map check complete: 0 Error(s), 0 Warning(s), took 0.13ms to complete.
[2019.01.10-21.27.07:288][  0]LogFileHelpers: Loading map 'TestMap' took 0.388
[2019.01.10-21.27.07:606][  0]LogSlate: Updating window title bar state: overlay mode, drag disabled, window buttons hidden, title bar hidden
[2019.01.10-21.27.07:621][  0]LogSlate: Updating window title bar state: overlay mode, drag disabled, window buttons hidden, title bar hidden
[2019.01.10-21.27.07:628][  0]LogSlate: Updating window title bar state: overlay mode, drag disabled, window buttons hidden, title bar hidden
[2019.01.10-21.27.07:635][  0]LogSlate: Updating window title bar state: overlay mode, drag disabled, window buttons hidden, title bar hidden
[2019.01.10-21.27.07:717][  0]LogCollectionManager: Loaded 0 collections in 0.003534 seconds
[2019.01.10-21.27.07:833][  0]LogFileCache: Scanning file cache for directory 'C:/Users/Alex Mao/Documents/Unreal Projects/StarlightOasis/ProjStarlightOasis/Saved/Collections/' took 0.01s
[2019.01.10-21.27.07:833][  0]LogFileCache: Scanning file cache for directory 'C:/Users/Alex Mao/Documents/Unreal Projects/StarlightOasis/ProjStarlightOasis/Content/Developers/AlexMao/Collections/' took 0.01s
[2019.01.10-21.27.07:833][  0]LogFileCache: Scanning file cache for directory 'C:/Users/Alex Mao/Documents/Unreal Projects/StarlightOasis/ProjStarlightOasis/Content/Collections/' took 0.00s
[2019.01.10-21.27.07:833][  0]LogCollectionManager: Rebuilt the GUID cache for 0 collections in 0.000000 seconds
[2019.01.10-21.27.07:858][  0]LogContentBrowser: Native class hierarchy populated in 0.0174 seconds. Added 2665 classes and 626 folders.
[2019.01.10-21.27.07:905][  0]LogContentBrowser: Native class hierarchy updated for 'WidgetCarousel' in 0.0002 seconds. Added 0 classes and 0 folders.
[2019.01.10-21.27.07:930][  0]LogPakFile: Registered encryption key '00000000000000000000000000000000': 0 pak files mounted, 0 remain pending
[2019.01.10-21.27.07:944][  0]LogPakFile: Registered encryption key '00000000000000000000000000000000': 0 pak files mounted, 0 remain pending
[2019.01.10-21.27.07:970][  0]LogPakFile: Registered encryption key '00000000000000000000000000000000': 0 pak files mounted, 0 remain pending
[2019.01.10-21.27.07:983][  0]LogPakFile: Registered encryption key '00000000000000000000000000000000': 0 pak files mounted, 0 remain pending
[2019.01.10-21.27.07:997][  0]LogPakFile: Registered encryption key '00000000000000000000000000000000': 0 pak files mounted, 0 remain pending
[2019.01.10-21.27.08:006][  0]LogPakFile: Registered encryption key '00000000000000000000000000000000': 0 pak files mounted, 0 remain pending
[2019.01.10-21.27.08:018][  0]LogPakFile: Registered encryption key '00000000000000000000000000000000': 0 pak files mounted, 0 remain pending
[2019.01.10-21.27.08:025][  0]LogPakFile: Registered encryption key '00000000000000000000000000000000': 0 pak files mounted, 0 remain pending
[2019.01.10-21.27.08:042][  0]LogPakFile: Registered encryption key '00000000000000000000000000000000': 0 pak files mounted, 0 remain pending
[2019.01.10-21.27.08:058][  0]LogPakFile: Registered encryption key '00000000000000000000000000000000': 0 pak files mounted, 0 remain pending
[2019.01.10-21.27.08:067][  0]LogPakFile: Registered encryption key '00000000000000000000000000000000': 0 pak files mounted, 0 remain pending
[2019.01.10-21.27.08:078][  0]LogPakFile: Registered encryption key '00000000000000000000000000000000': 0 pak files mounted, 0 remain pending
[2019.01.10-21.27.08:089][  0]LogPakFile: Registered encryption key '00000000000000000000000000000000': 0 pak files mounted, 0 remain pending
[2019.01.10-21.27.08:097][  0]LogPakFile: Registered encryption key '00000000000000000000000000000000': 0 pak files mounted, 0 remain pending
[2019.01.10-21.27.08:102][  0]LogPakFile: Registered encryption key '00000000000000000000000000000000': 0 pak files mounted, 0 remain pending
[2019.01.10-21.27.08:111][  0]LogPakFile: Registered encryption key '00000000000000000000000000000000': 0 pak files mounted, 0 remain pending
[2019.01.10-21.27.08:147][  0]LogPakFile: Registered encryption key '00000000000000000000000000000000': 0 pak files mounted, 0 remain pending
[2019.01.10-21.27.08:156][  0]LogPakFile: Registered encryption key '00000000000000000000000000000000': 0 pak files mounted, 0 remain pending
[2019.01.10-21.27.08:165][  0]LogPakFile: Registered encryption key '00000000000000000000000000000000': 0 pak files mounted, 0 remain pending
[2019.01.10-21.27.08:174][  0]LogPakFile: Registered encryption key '00000000000000000000000000000000': 0 pak files mounted, 0 remain pending
[2019.01.10-21.27.08:224][  0]LogPakFile: Registered encryption key '00000000000000000000000000000000': 0 pak files mounted, 0 remain pending
[2019.01.10-21.27.08:234][  0]LogPakFile: Registered encryption key '00000000000000000000000000000000': 0 pak files mounted, 0 remain pending
[2019.01.10-21.27.08:244][  0]LogPakFile: Registered encryption key '00000000000000000000000000000000': 0 pak files mounted, 0 remain pending
[2019.01.10-21.27.08:255][  0]LogPakFile: Registered encryption key '00000000000000000000000000000000': 0 pak files mounted, 0 remain pending
[2019.01.10-21.27.08:267][  0]LogPakFile: Registered encryption key '00000000000000000000000000000000': 0 pak files mounted, 0 remain pending
[2019.01.10-21.27.08:276][  0]LogPakFile: Registered encryption key '00000000000000000000000000000000': 0 pak files mounted, 0 remain pending
[2019.01.10-21.27.08:455][  0]LogContentBrowser: Native class hierarchy updated for 'AddContentDialog' in 0.0002 seconds. Added 0 classes and 0 folders.
[2019.01.10-21.27.08:468][  0]LogContentBrowser: Native class hierarchy updated for 'SceneOutliner' in 0.0003 seconds. Added 1 classes and 2 folders.
[2019.01.10-21.27.08:631][  0]LogSlate: Took 0.012669 seconds to synchronously load lazily loaded font '../../../Engine/Content/Slate/Fonts/Roboto-Regular.ttf' (155K)
[2019.01.10-21.27.08:638][  0]LogSlate: Took 0.005092 seconds to synchronously load lazily loaded font '../../../Engine/Content/Slate/Fonts/Roboto-Bold.ttf' (160K)
[2019.01.10-21.27.08:649][  0]LogSlate: Took 0.004719 seconds to synchronously load lazily loaded font '../../../Engine/Content/Editor/Slate/Fonts/FontAwesome.ttf' (139K)
[2019.01.10-21.27.08:828][  0]LogRenderer: Reallocating scene render targets to support 1208x576 Format 10 NumSamples 1 (Frame:1).
[2019.01.10-21.27.08:971][  0]LogContentBrowser: Native class hierarchy updated for 'HierarchicalLODOutliner' in 0.0002 seconds. Added 0 classes and 0 folders.
[2019.01.10-21.27.08:971][  0]LogLoad: (Engine Initialization) Total time: 21.61 seconds
[2019.01.10-21.27.08:971][  0]LogLoad: (Engine Initialization) Total Blueprint compile time: 0.00 seconds
[2019.01.10-21.27.09:044][  0]LogContentStreaming: Texture pool size now 1000 MB
[2019.01.10-21.27.09:077][  0]LogSlate: Took 0.005472 seconds to synchronously load lazily loaded font '../../../Engine/Content/Slate/Fonts/Roboto-Light.ttf' (167K)
[2019.01.10-21.27.09:079][  1]LogSubstanceLiveLink: Warning: Unable to send data along socket, closing connection
[2019.01.10-21.27.09:119][  1]LogAssetRegistry: Asset discovery search completed in 11.9163 seconds
[2019.01.10-21.27.09:121][  1]LogCollectionManager: Rebuilt the object cache for 0 collections in 0.000000 seconds (found 0 objects)
[2019.01.10-21.27.09:121][  1]LogCollectionManager: Fixed up redirectors for 0 collections in 0.000049 seconds (updated 0 objects)
[2019.01.10-21.27.09:999][102]LogSlate: Took 0.000206 seconds to synchronously load lazily loaded font '../../../Engine/Content/Slate/Fonts/Roboto-Light.ttf' (167K)
[2019.01.10-21.27.16:324][858]LogSlate: FSceneViewport::OnFocusLost() reason 0
[2019.01.10-21.27.16:423][870]LogTemp: Repeating last play command: Selected Viewport
[2019.01.10-21.27.16:441][870]LogBlueprintUserMessages: Early PlayInEditor Detection: Level '/Game/Levels/TestMap.TestMap:PersistentLevel' has LevelScriptBlueprint '/Game/Levels/TestMap.TestMap:PersistentLevel.TestMap' with GeneratedClass '/Game/Levels/TestMap.TestMap_C' with ClassGeneratedBy '/Game/Levels/TestMap.TestMap:PersistentLevel.TestMap'
[2019.01.10-21.27.16:441][870]LogPlayLevel: PlayLevel: No blueprints needed recompiling
[2019.01.10-21.27.16:443][870]PIE: New page: PIE session: TestMap (Jan 10, 2019, 5:27:16 AM)
[2019.01.10-21.27.16:455][870]LogPlayLevel: Creating play world package: /Game/Levels/UEDPIE_0_TestMap
[2019.01.10-21.27.16:458][870]LogPlayLevel: PIE: StaticDuplicateObject took: (0.002382s)
[2019.01.10-21.27.16:458][870]LogAIModule: Creating AISystem for world TestMap
[2019.01.10-21.27.16:458][870]LogPlayLevel: PIE: World Init took: (0.000528s)
[2019.01.10-21.27.16:458][870]LogPlayLevel: PIE: Created PIE world by copying editor world from /Game/Levels/TestMap.TestMap to /Game/Levels/UEDPIE_0_TestMap.TestMap (0.003176s)
[2019.01.10-21.27.16:497][870]LogInit: XAudio2 using 'Speakers (Realtek High Definition Audio)' : 2 channels at 48 kHz using 32 bits per sample (channel mask 0x3)
[2019.01.10-21.27.16:538][870]LogInit: FAudioDevice initialized.
[2019.01.10-21.27.16:595][870]LogLoad: Game class is 'BaseGamemode_C'
[2019.01.10-21.27.16:597][870]LogWorld: Bringing World /Game/Levels/UEDPIE_0_TestMap.TestMap up for play (max tick rate 0) at 2019.01.10-13.27.16
[2019.01.10-21.27.16:599][870]LogWorld: Bringing up level for play took: 0.002062
[2019.01.10-21.27.16:618][870]LogContentBrowser: Native class hierarchy updated for 'MovieSceneCapture' in 0.0003 seconds. Added 20 classes and 0 folders.
[2019.01.10-21.27.16:619][870]PIE: Play in editor start time for /Game/Levels/UEDPIE_0_TestMap -0.312
[2019.01.10-21.27.16:619][870]LogBlueprintUserMessages: Late PlayInEditor Detection: Level '/Game/Levels/TestMap.TestMap:PersistentLevel' has LevelScriptBlueprint '/Game/Levels/TestMap.TestMap:PersistentLevel.TestMap' with GeneratedClass '/Game/Levels/TestMap.TestMap_C' with ClassGeneratedBy '/Game/Levels/TestMap.TestMap:PersistentLevel.TestMap'
[2019.01.10-21.28.09:886][986]LogBlueprintUserMessages: Early EndPlayMap Detection: Level '/Game/Levels/TestMap.TestMap:PersistentLevel' has LevelScriptBlueprint '/Game/Levels/TestMap.TestMap:PersistentLevel.TestMap' with GeneratedClass '/Game/Levels/TestMap.TestMap_C' with ClassGeneratedBy '/Game/Levels/TestMap.TestMap:PersistentLevel.TestMap'
[2019.01.10-21.28.09:888][986]LogSlate: Updating window title bar state: overlay mode, drag disabled, window buttons hidden, title bar hidden
[2019.01.10-21.28.09:925][986]LogPlayLevel: Display: Shutting down PIE online subsystems
[2019.01.10-21.28.09:926][986]LogBlueprintUserMessages: Late EndPlayMap Detection: Level '/Game/Levels/TestMap.TestMap:PersistentLevel' has LevelScriptBlueprint '/Game/Levels/TestMap.TestMap:PersistentLevel.TestMap' with GeneratedClass '/Game/Levels/TestMap.TestMap_C' with ClassGeneratedBy '/Game/Levels/TestMap.TestMap:PersistentLevel.TestMap'
[2019.01.10-21.28.09:981][986]LogSlate: Updating window title bar state: overlay mode, drag disabled, window buttons hidden, title bar hidden
[2019.01.10-21.28.10:003][987]LogPlayLevel: Display: Destroying online subsystem :Context_2
[2019.01.10-21.28.15:621][658]LogSlate: FSceneViewport::OnFocusLost() reason 2
[2019.01.10-21.28.17:167][842]LogBlueprintUserMessages: Early PlayInEditor Detection: Level '/Game/Levels/TestMap.TestMap:PersistentLevel' has LevelScriptBlueprint '/Game/Levels/TestMap.TestMap:PersistentLevel.TestMap' with GeneratedClass '/Game/Levels/TestMap.TestMap_C' with ClassGeneratedBy '/Game/Levels/TestMap.TestMap:PersistentLevel.TestMap'
[2019.01.10-21.28.17:167][842]LogPlayLevel: PlayLevel: No blueprints needed recompiling
[2019.01.10-21.28.17:167][842]PIE: New page: SIE session: TestMap (Jan 10, 2019, 5:28:17 AM)
[2019.01.10-21.28.17:167][842]LogPlayLevel: Creating play world package: /Game/Levels/UEDPIE_0_TestMap
[2019.01.10-21.28.17:169][842]LogPlayLevel: PIE: StaticDuplicateObject took: (0.001897s)
[2019.01.10-21.28.17:169][842]LogAIModule: Creating AISystem for world TestMap
[2019.01.10-21.28.17:169][842]LogPlayLevel: PIE: World Init took: (0.000478s)
[2019.01.10-21.28.17:169][842]LogPlayLevel: PIE: Created PIE world by copying editor world from /Game/Levels/TestMap.TestMap to /Game/Levels/UEDPIE_0_TestMap.TestMap (0.002462s)
[2019.01.10-21.28.17:209][842]LogInit: XAudio2 using 'Speakers (Realtek High Definition Audio)' : 2 channels at 48 kHz using 32 bits per sample (channel mask 0x3)
[2019.01.10-21.28.17:243][842]LogInit: FAudioDevice initialized.
[2019.01.10-21.28.17:243][842]LogSlate: FSceneViewport::OnFocusLost() reason 2
[2019.01.10-21.28.17:276][842]LogLoad: Game class is 'BaseGamemode_C'
[2019.01.10-21.28.17:278][842]LogWorld: Bringing World /Game/Levels/UEDPIE_0_TestMap.TestMap up for play (max tick rate 0) at 2019.01.10-13.28.17
[2019.01.10-21.28.17:278][842]LogWorld: Bringing up level for play took: 0.000721
[2019.01.10-21.28.17:290][842]LogGameMode: FindPlayerStart: PATHS NOT DEFINED or NO PLAYERSTART with positive rating
[2019.01.10-21.28.17:291][842]LogPawn: Error: EnableInput can only be specified on a Pawn for its Controller
[2019.01.10-21.28.17:291][842]PIE: Play in editor start time for /Game/Levels/UEDPIE_0_TestMap 0.36
[2019.01.10-21.28.17:308][842]LogBlueprintUserMessages: Late PlayInEditor Detection: Level '/Game/Levels/TestMap.TestMap:PersistentLevel' has LevelScriptBlueprint '/Game/Levels/TestMap.TestMap:PersistentLevel.TestMap' with GeneratedClass '/Game/Levels/TestMap.TestMap_C' with ClassGeneratedBy '/Game/Levels/TestMap.TestMap:PersistentLevel.TestMap'
[2019.01.10-21.28.20:525][225]LogBlueprintUserMessages: Early EndPlayMap Detection: Level '/Game/Levels/TestMap.TestMap:PersistentLevel' has LevelScriptBlueprint '/Game/Levels/TestMap.TestMap:PersistentLevel.TestMap' with GeneratedClass '/Game/Levels/TestMap.TestMap_C' with ClassGeneratedBy '/Game/Levels/TestMap.TestMap:PersistentLevel.TestMap'
[2019.01.10-21.28.20:525][225]LogSlate: Updating window title bar state: overlay mode, drag disabled, window buttons hidden, title bar hidden
[2019.01.10-21.28.20:553][225]LogPlayLevel: Display: Shutting down PIE online subsystems
[2019.01.10-21.28.20:554][225]LogBlueprintUserMessages: Late EndPlayMap Detection: Level '/Game/Levels/TestMap.TestMap:PersistentLevel' has LevelScriptBlueprint '/Game/Levels/TestMap.TestMap:PersistentLevel.TestMap' with GeneratedClass '/Game/Levels/TestMap.TestMap_C' with ClassGeneratedBy '/Game/Levels/TestMap.TestMap:PersistentLevel.TestMap'
[2019.01.10-21.28.20:576][225]LogSlate: Updating window title bar state: overlay mode, drag disabled, window buttons hidden, title bar hidden
[2019.01.10-21.28.20:628][231]LogPlayLevel: Display: Destroying online subsystem :Context_3
[2019.01.10-21.31.31:573][732]LogSlate: FSceneViewport::OnFocusLost() reason 2
[2019.01.10-21.31.32:627][857]LogBlueprintUserMessages: Early PlayInEditor Detection: Level '/Game/Levels/TestMap.TestMap:PersistentLevel' has LevelScriptBlueprint '/Game/Levels/TestMap.TestMap:PersistentLevel.TestMap' with GeneratedClass '/Game/Levels/TestMap.TestMap_C' with ClassGeneratedBy '/Game/Levels/TestMap.TestMap:PersistentLevel.TestMap'
[2019.01.10-21.31.32:627][857]LogPlayLevel: PlayLevel: No blueprints needed recompiling
[2019.01.10-21.31.32:627][857]PIE: New page: PIE session: TestMap (Jan 10, 2019, 5:31:32 AM)
[2019.01.10-21.31.32:628][857]LogPlayLevel: Creating play world package: /Game/Levels/UEDPIE_0_TestMap
[2019.01.10-21.31.32:630][857]LogPlayLevel: PIE: StaticDuplicateObject took: (0.002089s)
[2019.01.10-21.31.32:630][857]LogAIModule: Creating AISystem for world TestMap
[2019.01.10-21.31.32:630][857]LogPlayLevel: PIE: World Init took: (0.000543s)
[2019.01.10-21.31.32:630][857]LogPlayLevel: PIE: Created PIE world by copying editor world from /Game/Levels/TestMap.TestMap to /Game/Levels/UEDPIE_0_TestMap.TestMap (0.002723s)
[2019.01.10-21.31.32:665][857]LogInit: XAudio2 using 'Speakers (Realtek High Definition Audio)' : 2 channels at 48 kHz using 32 bits per sample (channel mask 0x3)
[2019.01.10-21.31.32:701][857]LogInit: FAudioDevice initialized.
[2019.01.10-21.31.32:701][857]LogSlate: FSceneViewport::OnFocusLost() reason 2
[2019.01.10-21.31.32:729][857]LogLoad: Game class is 'BaseGamemode_C'
[2019.01.10-21.31.32:730][857]LogWorld: Bringing World /Game/Levels/UEDPIE_0_TestMap.TestMap up for play (max tick rate 0) at 2019.01.10-13.31.32
[2019.01.10-21.31.32:730][857]LogWorld: Bringing up level for play took: 0.000732
[2019.01.10-21.31.32:743][857]PIE: Play in editor start time for /Game/Levels/UEDPIE_0_TestMap -0.188
[2019.01.10-21.31.32:743][857]LogBlueprintUserMessages: Late PlayInEditor Detection: Level '/Game/Levels/TestMap.TestMap:PersistentLevel' has LevelScriptBlueprint '/Game/Levels/TestMap.TestMap:PersistentLevel.TestMap' with GeneratedClass '/Game/Levels/TestMap.TestMap_C' with ClassGeneratedBy '/Game/Levels/TestMap.TestMap:PersistentLevel.TestMap'
[2019.01.10-21.31.41:381][891]LogBlueprintUserMessages: Early EndPlayMap Detection: Level '/Game/Levels/TestMap.TestMap:PersistentLevel' has LevelScriptBlueprint '/Game/Levels/TestMap.TestMap:PersistentLevel.TestMap' with GeneratedClass '/Game/Levels/TestMap.TestMap_C' with ClassGeneratedBy '/Game/Levels/TestMap.TestMap:PersistentLevel.TestMap'
[2019.01.10-21.31.41:381][891]LogSlate: Updating window title bar state: overlay mode, drag disabled, window buttons hidden, title bar hidden
[2019.01.10-21.31.41:411][891]LogPlayLevel: Display: Shutting down PIE online subsystems
[2019.01.10-21.31.41:412][891]LogBlueprintUserMessages: Late EndPlayMap Detection: Level '/Game/Levels/TestMap.TestMap:PersistentLevel' has LevelScriptBlueprint '/Game/Levels/TestMap.TestMap:PersistentLevel.TestMap' with GeneratedClass '/Game/Levels/TestMap.TestMap_C' with ClassGeneratedBy '/Game/Levels/TestMap.TestMap:PersistentLevel.TestMap'
[2019.01.10-21.31.41:435][891]LogSlate: Updating window title bar state: overlay mode, drag disabled, window buttons hidden, title bar hidden
[2019.01.10-21.31.41:482][896]LogPlayLevel: Display: Destroying online subsystem :Context_4
[2019.01.10-21.36.03:877][ 27]LogSlate: FSceneViewport::OnFocusLost() reason 0
[2019.01.10-21.36.04:052][ 37]LogSlate: Window 'ProjStarlightOasis - Unreal Editor' being destroyed
[2019.01.10-21.36.04:226][ 38]Cmd: QUIT_EDITOR
[2019.01.10-21.36.05:073][ 38]LogWindowsTextInputMethodSystem: Display: IME system now deactivated.
[2019.01.10-21.36.05:093][ 38]LogExit: Preparing to exit.
[2019.01.10-21.36.06:228][ 38]LogExit: Editor shut down
[2019.01.10-21.36.06:228][ 38]LogExit: Transaction tracking system shut down
[2019.01.10-21.36.06:520][ 38]LogExit: Object subsystem successfully closed.
[2019.01.10-21.36.06:540][ 38]LogShaderCompilers: Display: Shaders left to compile 0
[2019.01.10-21.36.06:543][ 38]LogD3D11RHI: Shutdown
[2019.01.10-21.36.06:543][ 38]LogD3D11RHI: CleanupD3DDevice
[2019.01.10-21.36.06:544][ 38]LogD3D11RHI: ~FD3D11DynamicRHI
[2019.01.10-21.36.06:573][ 38]LogModuleManager: Shutting down and abandoning module MovieSceneCapture (634)
[2019.01.10-21.36.06:573][ 38]LogModuleManager: Shutting down and abandoning module Voice (632)
[2019.01.10-21.36.06:573][ 38]LogModuleManager: Shutting down and abandoning module HierarchicalLODOutliner (630)
[2019.01.10-21.36.06:573][ 38]LogModuleManager: Shutting down and abandoning module SceneOutliner (628)
[2019.01.10-21.36.06:573][ 38]LogModuleManager: Shutting down and abandoning module AddContentDialog (626)
[2019.01.10-21.36.06:574][ 38]LogModuleManager: Shutting down and abandoning module WidgetCarousel (625)
[2019.01.10-21.36.06:574][ 38]LogModuleManager: Shutting down and abandoning module EditorWidgets (622)
[2019.01.10-21.36.06:574][ 38]LogModuleManager: Shutting down and abandoning module CollectionManager (620)
[2019.01.10-21.36.06:574][ 38]LogModuleManager: Shutting down and abandoning module StatsViewer (618)
[2019.01.10-21.36.06:574][ 38]LogModuleManager: Shutting down and abandoning module FoliageEdit (616)
[2019.01.10-21.36.06:574][ 38]LogModuleManager: Shutting down and abandoning module LandscapeEditor (614)
[2019.01.10-21.36.06:575][ 38]LogModuleManager: Shutting down and abandoning module MeshPaintMode (612)
[2019.01.10-21.36.06:575][ 38]LogModuleManager: Shutting down and abandoning module SceneDepthPickerMode (610)
[2019.01.10-21.36.06:575][ 38]LogModuleManager: Shutting down and abandoning module ActorPickerMode (608)
[2019.01.10-21.36.06:575][ 38]LogModuleManager: Shutting down and abandoning module GeometryMode (606)
[2019.01.10-21.36.06:575][ 38]LogModuleManager: Shutting down and abandoning module TextureAlignMode (604)
[2019.01.10-21.36.06:575][ 38]LogModuleManager: Shutting down and abandoning module BspMode (602)
[2019.01.10-21.36.06:576][ 38]LogModuleManager: Shutting down and abandoning module PIEPreviewDeviceProfileSelector (600)
[2019.01.10-21.36.06:576][ 38]LogModuleManager: Shutting down and abandoning module SequenceRecorderSections (598)
[2019.01.10-21.36.06:576][ 38]LogModuleManager: Shutting down and abandoning module AutomationWorker (596)
[2019.01.10-21.36.06:576][ 38]LogModuleManager: Shutting down and abandoning module AudioCaptureEditor (594)
[2019.01.10-21.36.06:576][ 38]LogModuleManager: Shutting down and abandoning module MatineeToLevelSequence (592)
[2019.01.10-21.36.06:576][ 38]LogModuleManager: Shutting down and abandoning module LevelSequenceEditor (590)
[2019.01.10-21.36.06:577][ 38]LogModuleManager: Shutting down and abandoning module PlacementMode (589)
[2019.01.10-21.36.06:577][ 38]LogModuleManager: Shutting down and abandoning module MaterialEditor (588)
[2019.01.10-21.36.06:579][ 38]LogModuleManager: Shutting down and abandoning module WmfMediaFactory (584)
[2019.01.10-21.36.06:579][ 38]LogModuleManager: Shutting down and abandoning module WmfMediaEditor (582)
[2019.01.10-21.36.06:579][ 38]LogModuleManager: Shutting down and abandoning module WebMMediaFactory (580)
[2019.01.10-21.36.06:579][ 38]LogModuleManager: Shutting down and abandoning module WebMMediaEditor (578)
[2019.01.10-21.36.06:579][ 38]LogModuleManager: Shutting down and abandoning module WebMMedia (576)
[2019.01.10-21.36.06:579][ 38]LogModuleManager: Shutting down and abandoning module MediaPlayerEditor (574)
[2019.01.10-21.36.06:579][ 38]LogModuleManager: Shutting down and abandoning module MediaCompositingEditor (572)
[2019.01.10-21.36.06:579][ 38]LogModuleManager: Shutting down and abandoning module SequenceRecorder (571)
[2019.01.10-21.36.06:579][ 38]LogModuleManager: Shutting down and abandoning module OpenExrWrapper (568)
[2019.01.10-21.36.06:579][ 38]LogModuleManager: Shutting down and abandoning module ImgMediaFactory (566)
[2019.01.10-21.36.06:579][ 38]LogModuleManager: Shutting down and abandoning module ImgMediaEditor (564)
[2019.01.10-21.36.06:579][ 38]LogModuleManager: Shutting down and abandoning module AvfMediaFactory (562)
[2019.01.10-21.36.06:579][ 38]LogModuleManager: Shutting down and abandoning module AvfMediaEditor (560)
[2019.01.10-21.36.06:579][ 38]LogModuleManager: Shutting down and abandoning module AndroidMediaFactory (558)
[2019.01.10-21.36.06:579][ 38]LogModuleManager: Shutting down and abandoning module AndroidMediaEditor (556)
[2019.01.10-21.36.06:579][ 38]LogModuleManager: Shutting down and abandoning module MagicLeapCameraPreviewFactory (554)
[2019.01.10-21.36.06:579][ 38]LogModuleManager: Shutting down and abandoning module MagicLeapMediaFactory (552)
[2019.01.10-21.36.06:579][ 38]LogModuleManager: Shutting down and abandoning module MagicLeapMediaEditor (550)
[2019.01.10-21.36.06:579][ 38]LogModuleManager: Shutting down and abandoning module CharacterAI (548)
[2019.01.10-21.36.06:579][ 38]LogModuleManager: Shutting down and abandoning module SmartSnapping (546)
[2019.01.10-21.36.06:579][ 38]LogModuleManager: Shutting down and abandoning module SessionServices (544)
[2019.01.10-21.36.06:579][ 38]LogModuleManager: Shutting down and abandoning module ViewportSnapping (542)
[2019.01.10-21.36.06:579][ 38]LogModuleManager: Shutting down and abandoning module ViewportInteraction (540)
[2019.01.10-21.36.06:579][ 38]LogModuleManager: Shutting down and abandoning module ClothPainter (538)
[2019.01.10-21.36.06:579][ 38]LogModuleManager: Shutting down and abandoning module SkeletalMeshEditor (537)
[2019.01.10-21.36.06:580][ 38]LogModuleManager: Shutting down and abandoning module LogVisualizer (534)
[2019.01.10-21.36.06:580][ 38]LogModuleManager: Shutting down and abandoning module IntroTutorials (532)
[2019.01.10-21.36.06:580][ 38]LogModuleManager: Shutting down and abandoning module GameProjectGeneration (531)
[2019.01.10-21.36.06:581][ 38]LogModuleManager: Shutting down and abandoning module LuminPlatformEditor (528)
[2019.01.10-21.36.06:581][ 38]LogModuleManager: Shutting down and abandoning module IOSPlatformEditor (526)
[2019.01.10-21.36.06:581][ 38]LogModuleManager: Shutting down and abandoning module HTML5PlatformEditor (524)
[2019.01.10-21.36.06:581][ 38]LogModuleManager: Shutting down and abandoning module AndroidPlatformEditor (522)
[2019.01.10-21.36.06:581][ 38]LogModuleManager: Shutting down and abandoning module AndroidDeviceDetection (521)
[2019.01.10-21.36.07:202][ 38]LogModuleManager: Shutting down and abandoning module WindowsPlatformEditor (518)
[2019.01.10-21.36.07:202][ 38]LogModuleManager: Shutting down and abandoning module LuminRuntimeSettings (516)
[2019.01.10-21.36.07:202][ 38]LogModuleManager: Shutting down and abandoning module IOSRuntimeSettings (514)
[2019.01.10-21.36.07:202][ 38]LogModuleManager: Shutting down and abandoning module AndroidRuntimeSettings (512)
[2019.01.10-21.36.07:202][ 38]LogModuleManager: Shutting down and abandoning module TimeManagementEditor (510)
[2019.01.10-21.36.07:202][ 38]LogModuleManager: Shutting down and abandoning module InputBindingEditor (508)
[2019.01.10-21.36.07:203][ 38]LogModuleManager: Shutting down and abandoning module MergeActors (506)
[2019.01.10-21.36.07:203][ 38]LogModuleManager: Shutting down and abandoning module LocalizationDashboard (504)
[2019.01.10-21.36.07:203][ 38]LogModuleManager: Shutting down and abandoning module LocalizationService (503)
[2019.01.10-21.36.07:203][ 38]LogModuleManager: Shutting down and abandoning module HardwareTargeting (500)
[2019.01.10-21.36.07:203][ 38]LogModuleManager: Shutting down and abandoning module DeviceProfileEditor (498)
[2019.01.10-21.36.07:203][ 38]LogModuleManager: Shutting down and abandoning module UndoHistory (496)
[2019.01.10-21.36.07:203][ 38]LogModuleManager: Shutting down and abandoning module XmlParser (494)
[2019.01.10-21.36.07:203][ 38]LogModuleManager: Shutting down and abandoning module Blutility (492)
[2019.01.10-21.36.07:203][ 38]LogModuleManager: Shutting down and abandoning module ProjectSettingsViewer (490)
[2019.01.10-21.36.07:203][ 38]LogModuleManager: Shutting down and abandoning module ProjectTargetPlatformEditor (489)
[2019.01.10-21.36.07:203][ 38]LogModuleManager: Shutting down and abandoning module EditorSettingsViewer (486)
[2019.01.10-21.36.07:203][ 38]LogModuleManager: Shutting down and abandoning module SettingsEditor (484)
[2019.01.10-21.36.07:203][ 38]LogModuleManager: Shutting down and abandoning module ProjectLauncher (482)
[2019.01.10-21.36.07:204][ 38]LogModuleManager: Shutting down and abandoning module SessionFrontend (480)
[2019.01.10-21.36.07:204][ 38]LogModuleManager: Shutting down and abandoning module ProfilerClient (478)
[2019.01.10-21.36.07:204][ 38]LogModuleManager: Shutting down and abandoning module DeviceManager (476)
[2019.01.10-21.36.07:204][ 38]LogModuleManager: Shutting down and abandoning module TargetDeviceServices (475)
[2019.01.10-21.36.07:258][ 38]LogModuleManager: Shutting down and abandoning module AutomationController (472)
[2019.01.10-21.36.07:258][ 38]LogModuleManager: Shutting down and abandoning module AutomationWindow (470)
[2019.01.10-21.36.07:259][ 38]LogModuleManager: Shutting down and abandoning module Layers (468)
[2019.01.10-21.36.07:261][ 38]LogModuleManager: Shutting down and abandoning module ComponentVisualizers (466)
[2019.01.10-21.36.07:261][ 38]LogModuleManager: Shutting down and abandoning module DetailCustomizations (464)
[2019.01.10-21.36.07:262][ 38]LogModuleManager: Shutting down and abandoning module PackagesDialog (462)
[2019.01.10-21.36.07:262][ 38]LogModuleManager: Shutting down and abandoning module Persona (460)
[2019.01.10-21.36.07:262][ 38]LogModuleManager: Shutting down and abandoning module AdvancedPreviewScene (459)
[2019.01.10-21.36.07:262][ 38]LogModuleManager: Shutting down and abandoning module AnimGraph (457)
[2019.01.10-21.36.07:263][ 38]LogModuleManager: Shutting down and abandoning module Kismet (454)
[2019.01.10-21.36.07:264][ 38]LogModuleManager: Shutting down and abandoning module GraphEditor (452)
[2019.01.10-21.36.07:266][ 38]LogModuleManager: Shutting down and abandoning module ClassViewer (450)
[2019.01.10-21.36.07:266][ 38]LogModuleManager: Shutting down and abandoning module Toolbox (448)
[2019.01.10-21.36.07:266][ 38]LogModuleManager: Shutting down and abandoning module ModuleUI (446)
[2019.01.10-21.36.07:266][ 38]LogModuleManager: Shutting down and abandoning module MovieSceneTools (444)
[2019.01.10-21.36.07:266][ 38]LogModuleManager: Shutting down and abandoning module OutputLog (442)
[2019.01.10-21.36.07:266][ 38]LogModuleManager: Shutting down and abandoning module GammaUI (440)
[2019.01.10-21.36.07:267][ 38]LogModuleManager: Shutting down and abandoning module Documentation (438)
[2019.01.10-21.36.07:267][ 38]LogModuleManager: Shutting down and abandoning module MovieSceneTracks (436)
[2019.01.10-21.36.07:267][ 38]LogModuleManager: Shutting down and abandoning module MovieScene (434)
[2019.01.10-21.36.07:267][ 38]LogModuleManager: Shutting down and abandoning module StreamingPauseRendering (432)
[2019.01.10-21.36.07:267][ 38]LogModuleManager: Shutting down and abandoning module LauncherPlatform (430)
[2019.01.10-21.36.07:267][ 38]LogModuleManager: Shutting down and abandoning module AnalyticsET (428)
[2019.01.10-21.36.07:267][ 38]LogModuleManager: Shutting down and abandoning module PortalServices (426)
[2019.01.10-21.36.07:267][ 38]LogModuleManager: Shutting down and abandoning module PortalRpc (424)
[2019.01.10-21.36.07:267][ 38]LogModuleManager: Shutting down and abandoning module MessagingRpc (422)
[2019.01.10-21.36.07:267][ 38]LogModuleManager: Shutting down and abandoning module AIModule (420)
[2019.01.10-21.36.07:267][ 38]LogModuleManager: Shutting down and abandoning module GameplayDebugger (419)
[2019.01.10-21.36.07:267][ 38]LogModuleManager: Shutting down and abandoning module AITestSuite (417)
[2019.01.10-21.36.07:267][ 38]LogModuleManager: Shutting down and abandoning module NavigationSystem (415)
[2019.01.10-21.36.07:267][ 38]LogModuleManager: Shutting down and abandoning module DesktopPlatform (412)
[2019.01.10-21.36.07:267][ 38]LogModuleManager: Shutting down and abandoning module ImageWriteQueue (410)
[2019.01.10-21.36.07:270][ 38]LogModuleManager: Shutting down and abandoning module ProfilerService (408)
[2019.01.10-21.36.07:311][ 38]LogModuleManager: Shutting down and abandoning module TaskGraph (406)
[2019.01.10-21.36.07:311][ 38]LogModuleManager: Shutting down and abandoning module SubstanceLiveLink (404)
[2019.01.10-21.36.07:311][ 38]LogModuleManager: Shutting down and abandoning module SubstanceSource (402)
[2019.01.10-21.36.07:312][ 38]LogModuleManager: Shutting down and abandoning module SubstanceEditor (400)
[2019.01.10-21.36.07:313][ 38]LogModuleManager: Shutting down and abandoning module SteamVRController (398)
[2019.01.10-21.36.07:313][ 38]LogModuleManager: Shutting down and abandoning module ProceduralMeshComponentEditor (396)
[2019.01.10-21.36.07:313][ 38]LogModuleManager: Shutting down and abandoning module ProceduralMeshComponent (394)
[2019.01.10-21.36.07:313][ 38]LogModuleManager: Shutting down and abandoning module OculusInput (392)
[2019.01.10-21.36.07:313][ 38]LogModuleManager: Shutting down and abandoning module MobilePatchingUtils (390)
[2019.01.10-21.36.07:313][ 38]LogModuleManager: Shutting down and abandoning module EditableMesh (388)
[2019.01.10-21.36.07:313][ 38]LogModuleManager: Shutting down and abandoning module CustomMeshComponent (386)
[2019.01.10-21.36.07:313][ 38]LogModuleManager: Shutting down and abandoning module CableComponent (384)
[2019.01.10-21.36.07:313][ 38]LogModuleManager: Shutting down and abandoning module AudioCapture (382)
[2019.01.10-21.36.07:313][ 38]LogModuleManager: Shutting down and abandoning module ArchVisCharacter (380)
[2019.01.10-21.36.07:313][ 38]LogModuleManager: Shutting down and abandoning module AndroidPermission (378)
[2019.01.10-21.36.07:313][ 38]LogModuleManager: Shutting down and abandoning module NUTUnrealEngine4 (376)
[2019.01.10-21.36.07:314][ 38]LogModuleManager: Shutting down and abandoning module NetcodeUnitTest (374)
[2019.01.10-21.36.07:314][ 38]LogModuleManager: Shutting down and abandoning module MediaCompositing (372)
[2019.01.10-21.36.07:314][ 38]LogModuleManager: Shutting down and abandoning module LinearTimecode (370)
[2019.01.10-21.36.07:314][ 38]LogModuleManager: Shutting down and abandoning module ImgMedia (368)
[2019.01.10-21.36.07:317][ 38]LogModuleManager: Shutting down and abandoning module HTML5Networking (366)
[2019.01.10-21.36.07:317][ 38]LogModuleManager: Shutting down and abandoning module GeometryCacheTracks (364)
[2019.01.10-21.36.07:317][ 38]LogModuleManager: Shutting down and abandoning module GeometryCacheSequencer (362)
[2019.01.10-21.36.07:317][ 38]LogModuleManager: Shutting down and abandoning module BackChannel (360)
[2019.01.10-21.36.07:317][ 38]LogModuleManager: Shutting down and abandoning module AppleVision (358)
[2019.01.10-21.36.07:317][ 38]LogModuleManager: Shutting down and abandoning module AppleImageUtilsBlueprintSupport (356)
[2019.01.10-21.36.07:317][ 38]LogModuleManager: Shutting down and abandoning module AppleImageUtils (354)
[2019.01.10-21.36.07:317][ 38]LogModuleManager: Shutting down and abandoning module AlembicImporter (352)
[2019.01.10-21.36.07:317][ 38]LogModuleManager: Shutting down and abandoning module AlembicLibrary (351)
[2019.01.10-21.36.07:318][ 38]LogModuleManager: Shutting down and abandoning module GeometryCache (350)
[2019.01.10-21.36.07:318][ 38]LogModuleManager: Shutting down and abandoning module GeometryCacheEd (349)
[2019.01.10-21.36.07:318][ 38]LogModuleManager: Shutting down and abandoning module VariantManagerContent (344)
[2019.01.10-21.36.07:318][ 38]LogModuleManager: Shutting down and abandoning module DatasmithContentEditor (342)
[2019.01.10-21.36.07:318][ 38]LogModuleManager: Shutting down and abandoning module SpeedTreeImporter (340)
[2019.01.10-21.36.07:318][ 38]LogModuleManager: Shutting down and abandoning module PluginBrowser (338)
[2019.01.10-21.36.07:318][ 38]LogModuleManager: Shutting down and abandoning module MobileLauncherProfileWizard (336)
[2019.01.10-21.36.07:319][ 38]LogModuleManager: Shutting down and abandoning module PolygonModeling (334)
[2019.01.10-21.36.07:319][ 38]LogModuleManager: Shutting down and abandoning module MeshEditor (332)
[2019.01.10-21.36.07:319][ 38]LogModuleManager: Shutting down and abandoning module CryptoKeysOpenSSL (330)
[2019.01.10-21.36.07:319][ 38]LogModuleManager: Shutting down and abandoning module CryptoKeys (328)
[2019.01.10-21.36.07:319][ 38]LogModuleManager: Shutting down and abandoning module VisualStudioSourceCodeAccess (326)
[2019.01.10-21.36.07:319][ 38]LogModuleManager: Shutting down and abandoning module VisualStudioCodeSourceCodeAccess (324)
[2019.01.10-21.36.07:319][ 38]LogModuleManager: Shutting down and abandoning module UObjectPlugin (322)
[2019.01.10-21.36.07:319][ 38]LogModuleManager: Shutting down and abandoning module SubversionSourceControl (320)
[2019.01.10-21.36.07:319][ 38]LogModuleManager: Shutting down and abandoning module PerforceSourceControl (318)
[2019.01.10-21.36.07:319][ 38]LogModuleManager: Shutting down and abandoning module GitSourceControl (316)
[2019.01.10-21.36.07:319][ 38]LogModuleManager: Shutting down and abandoning module SourceControl (315)
[2019.01.10-21.36.07:319][ 38]LogModuleManager: Shutting down and abandoning module CLionSourceCodeAccess (312)
[2019.01.10-21.36.07:319][ 38]LogModuleManager: Shutting down and abandoning module ActorLayerUtilitiesEditor (310)
[2019.01.10-21.36.07:319][ 38]LogModuleManager: Shutting down and abandoning module ActorLayerUtilities (308)
[2019.01.10-21.36.07:319][ 38]LogModuleManager: Shutting down and abandoning module LightPropagationVolumeEditor (306)
[2019.01.10-21.36.07:319][ 38]LogModuleManager: Shutting down and abandoning module PaperTiledImporter (304)
[2019.01.10-21.36.07:319][ 38]LogModuleManager: Shutting down and abandoning module PaperSpriteSheetImporter (302)
[2019.01.10-21.36.07:319][ 38]LogModuleManager: Shutting down and abandoning module Paper2DEditor (300)
[2019.01.10-21.36.07:320][ 38]LogModuleManager: Shutting down and abandoning module MeshPaint (299)
[2019.01.10-21.36.07:320][ 38]LogModuleManager: Shutting down and abandoning module RuntimePhysXCooking (296)
[2019.01.10-21.36.07:320][ 38]LogModuleManager: Shutting down and abandoning module PhysXVehiclesEditor (294)
[2019.01.10-21.36.07:320][ 38]LogModuleManager: Shutting down and abandoning module PhysXVehicles (292)
[2019.01.10-21.36.07:320][ 38]LogModuleManager: Shutting down and abandoning module OculusEditor (290)
[2019.01.10-21.36.07:320][ 38]LogModuleManager: Shutting down and abandoning module LocationServicesBPLibrary (288)
[2019.01.10-21.36.07:320][ 38]LogModuleManager: Shutting down and abandoning module ActorSequence (286)
[2019.01.10-21.36.07:320][ 38]LogModuleManager: Shutting down and abandoning module UdpMessaging (284)
[2019.01.10-21.36.07:421][ 38]LogModuleManager: Shutting down and abandoning module TcpMessaging (282)
[2019.01.10-21.36.07:522][ 38]LogModuleManager: Shutting down and abandoning module SubstanceCore (280)
[2019.01.10-21.36.07:522][ 38]LogModuleManager: Shutting down and abandoning module MagicLeapAudio (278)
[2019.01.10-21.36.07:522][ 38]LogModuleManager: Shutting down and abandoning module GameplayTagsEditor (276)
[2019.01.10-21.36.07:522][ 38]LogModuleManager: Shutting down and abandoning module FacialAnimationEditor (274)
[2019.01.10-21.36.07:522][ 38]LogModuleManager: Shutting down and abandoning module FacialAnimation (272)
[2019.01.10-21.36.07:522][ 38]LogModuleManager: Shutting down and abandoning module DataValidation (270)
[2019.01.10-21.36.07:522][ 38]LogModuleManager: Shutting down and abandoning module AssetManagerEditor (268)
[2019.01.10-21.36.07:523][ 38]LogModuleManager: Shutting down and abandoning module LevelEditor (267)
[2019.01.10-21.36.07:524][ 38]LogModuleManager: Shutting down and abandoning module PixelInspectorModule (266)
[2019.01.10-21.36.07:524][ 38]LogModuleManager: Shutting down and abandoning module CommonMenuExtensions (264)
[2019.01.10-21.36.07:524][ 38]LogModuleManager: Shutting down and abandoning module MainFrame (262)
[2019.01.10-21.36.07:524][ 38]LogModuleManager: Shutting down and abandoning module HotReload (261)
[2019.01.10-21.36.07:524][ 38]LogModuleManager: Shutting down and abandoning module ContentBrowser (257)
[2019.01.10-21.36.07:525][ 38]LogModuleManager: Shutting down and abandoning module TreeMap (255)
[2019.01.10-21.36.07:525][ 38]LogModuleManager: Shutting down and abandoning module LightPropagationVolumeRuntime (252)
[2019.01.10-21.36.07:525][ 38]LogModuleManager: Shutting down and abandoning module AISupportModule (250)
[2019.01.10-21.36.07:525][ 38]LogModuleManager: Shutting down and abandoning module Paper2D (248)
[2019.01.10-21.36.07:525][ 38]LogModuleManager: Shutting down and abandoning module WindowsMoviePlayer (246)
[2019.01.10-21.36.07:525][ 38]LogModuleManager: Shutting down and abandoning module WebMMoviePlayer (244)
[2019.01.10-21.36.07:525][ 38]LogModuleManager: Shutting down and abandoning module WmfMedia (242)
[2019.01.10-21.36.07:527][ 38]LogModuleManager: Shutting down and abandoning module Media (241)
[2019.01.10-21.36.07:533][ 38]LogModuleManager: Shutting down and abandoning module PacketHandler (238)
[2019.01.10-21.36.07:533][ 38]LogModuleManager: Shutting down and abandoning module ClothingSystemEditor (236)
[2019.01.10-21.36.07:533][ 38]LogModuleManager: Shutting down and abandoning module ClothingSystemRuntime (234)
[2019.01.10-21.36.07:533][ 38]LogModuleManager: Shutting down and abandoning module MediaAssets (232)
[2019.01.10-21.36.07:533][ 38]LogModuleManager: Shutting down and abandoning module Overlay (230)
[2019.01.10-21.36.07:533][ 38]LogModuleManager: Shutting down and abandoning module OverlayEditor (229)
[2019.01.10-21.36.07:533][ 38]LogModuleManager: Shutting down and abandoning module VREditor (226)
[2019.01.10-21.36.07:534][ 38]LogModuleManager: Shutting down and abandoning module StringTableEditor (224)
[2019.01.10-21.36.07:534][ 38]LogModuleManager: Shutting down and abandoning module GameplayTasksEditor (222)
[2019.01.10-21.36.07:534][ 38]LogModuleManager: Shutting down and abandoning module BehaviorTreeEditor (220)
[2019.01.10-21.36.07:534][ 38]LogModuleManager: Shutting down and abandoning module FunctionalTesting (218)
[2019.01.10-21.36.07:534][ 38]LogModuleManager: Shutting down and abandoning module CollisionAnalyzer (216)
[2019.01.10-21.36.07:534][ 38]LogModuleManager: Shutting down and abandoning module WorkspaceMenuStructure (215)
[2019.01.10-21.36.07:534][ 38]LogModuleManager: Shutting down and abandoning module UMG (212)
[2019.01.10-21.36.07:535][ 38]LogModuleManager: Shutting down and abandoning module UMGEditor (211)
[2019.01.10-21.36.07:535][ 38]LogModuleManager: Shutting down and abandoning module Sequencer (210)
[2019.01.10-21.36.07:536][ 38]LogModuleManager: Shutting down and abandoning module MessageLog (207)
[2019.01.10-21.36.07:536][ 38]LogModuleManager: Shutting down and abandoning module SlateReflector (202)
[2019.01.10-21.36.07:537][ 38]LogModuleManager: Shutting down and abandoning module Slate (200)
[2019.01.10-21.36.07:537][ 38]LogModuleManager: Shutting down and abandoning module EditorStyle (198)
[2019.01.10-21.36.07:538][ 38]LogModuleManager: Shutting down and abandoning module MRMesh (196)
[2019.01.10-21.36.07:538][ 38]LogModuleManager: Shutting down and abandoning module SourceCodeAccess (194)
[2019.01.10-21.36.07:538][ 38]LogModuleManager: Shutting down and abandoning module HeadMountedDisplay (192)
[2019.01.10-21.36.07:538][ 38]LogModuleManager: Shutting down and abandoning module XAudio2 (190)
[2019.01.10-21.36.07:538][ 38]LogModuleManager: Shutting down and abandoning module Networking (188)
[2019.01.10-21.36.07:538][ 38]LogModuleManager: Shutting down and abandoning module Core (186)
[2019.01.10-21.36.07:538][ 38]LogModuleManager: Shutting down and abandoning module LevelSequence (184)
[2019.01.10-21.36.07:538][ 38]LogModuleManager: Shutting down and abandoning module KismetCompiler (182)
[2019.01.10-21.36.07:538][ 38]LogModuleManager: Shutting down and abandoning module MeshUtilities (180)
[2019.01.10-21.36.07:538][ 38]LogModuleManager: Shutting down and abandoning module MeshMergeUtilities (179)
[2019.01.10-21.36.07:538][ 38]LogModuleManager: Shutting down and abandoning module MeshReductionInterface (178)
[2019.01.10-21.36.07:538][ 38]LogModuleManager: Shutting down and abandoning module SimplygonSwarm (177)
[2019.01.10-21.36.07:539][ 38]LogModuleManager: Shutting down and abandoning module ProxyLODMeshReduction (175)
[2019.01.10-21.36.07:539][ 38]LogModuleManager: Shutting down and abandoning module SimplygonMeshReduction (173)
[2019.01.10-21.36.07:539][ 38]LogModuleManager: Shutting down and abandoning module QuadricMeshReduction (171)
[2019.01.10-21.36.07:540][ 38]LogModuleManager: Shutting down and abandoning module MaterialBaking (167)
[2019.01.10-21.36.07:540][ 38]LogModuleManager: Shutting down and abandoning module DirectoryWatcher (163)
[2019.01.10-21.36.07:540][ 38]LogModuleManager: Shutting down and abandoning module DerivedDataCache (160)
[2019.01.10-21.36.07:556][ 38]LogDerivedDataCache: Shutdown
[2019.01.10-21.36.07:556][ 38]LogModuleManager: Shutting down and abandoning module XGEController (158)
[2019.01.10-21.36.07:556][ 38]LogXGEController: Cleaning working directory: c:/Temp/UnrealXGEWorkingDir/
[2019.01.10-21.36.07:556][ 38]LogModuleManager: Shutting down and abandoning module TargetPlatform (156)
[2019.01.10-21.36.07:556][ 38]LogModuleManager: Shutting down and abandoning module VulkanShaderFormat (155)
[2019.01.10-21.36.07:556][ 38]LogModuleManager: Shutting down and abandoning module ShaderFormatVectorVM (153)
[2019.01.10-21.36.07:556][ 38]LogModuleManager: Shutting down and abandoning module ShaderFormatOpenGL (151)
[2019.01.10-21.36.07:557][ 38]LogModuleManager: Shutting down and abandoning module ShaderFormatD3D (149)
[2019.01.10-21.36.07:557][ 38]LogModuleManager: Shutting down and abandoning module MetalShaderFormat (147)
[2019.01.10-21.36.07:557][ 38]LogModuleManager: Shutting down and abandoning module TextureFormatUncompressed (145)
[2019.01.10-21.36.07:557][ 38]LogModuleManager: Shutting down and abandoning module TextureFormatPVR (143)
[2019.01.10-21.36.07:557][ 38]LogModuleManager: Shutting down and abandoning module TextureFormatDXT (141)
[2019.01.10-21.36.07:557][ 38]LogModuleManager: Shutting down and abandoning module TextureFormatIntelISPCTexComp (139)
[2019.01.10-21.36.07:557][ 38]LogModuleManager: Shutting down and abandoning module TextureFormatASTC (137)
[2019.01.10-21.36.07:557][ 38]LogModuleManager: Shutting down and abandoning module ImageWrapper (136)
[2019.01.10-21.36.07:557][ 38]LogModuleManager: Shutting down and abandoning module TextureFormatAndroid (133)
[2019.01.10-21.36.07:557][ 38]LogModuleManager: Shutting down and abandoning module AudioFormatOpus (131)
[2019.01.10-21.36.07:557][ 38]LogModuleManager: Shutting down and abandoning module AudioFormatOgg (129)
[2019.01.10-21.36.07:557][ 38]LogModuleManager: Shutting down and abandoning module AudioFormatADPCM (127)
[2019.01.10-21.36.07:557][ 38]LogModuleManager: Shutting down and abandoning module LuminTargetPlatform (125)
[2019.01.10-21.36.07:558][ 38]LogModuleManager: Shutting down and abandoning module LinuxTargetPlatform (123)
[2019.01.10-21.36.07:558][ 38]LogModuleManager: Shutting down and abandoning module LinuxServerTargetPlatform (121)
[2019.01.10-21.36.07:558][ 38]LogModuleManager: Shutting down and abandoning module LinuxNoEditorTargetPlatform (119)
[2019.01.10-21.36.07:558][ 38]LogModuleManager: Shutting down and abandoning module LinuxClientTargetPlatform (117)
[2019.01.10-21.36.07:558][ 38]LogModuleManager: Shutting down and abandoning module TVOSTargetPlatform (115)
[2019.01.10-21.36.07:558][ 38]LogModuleManager: Shutting down and abandoning module Messaging (113)
[2019.01.10-21.36.07:558][ 38]LogModuleManager: Shutting down and abandoning module IOSTargetPlatform (111)
[2019.01.10-21.36.07:559][ 38]LogModuleManager: Shutting down and abandoning module HTML5TargetPlatform (109)
[2019.01.10-21.36.07:559][ 38]LogModuleManager: Shutting down and abandoning module AndroidTargetPlatform (107)
[2019.01.10-21.36.07:563][ 38]LogModuleManager: Shutting down and abandoning module WindowsTargetPlatform (105)
[2019.01.10-21.36.07:563][ 38]LogModuleManager: Shutting down and abandoning module WindowsServerTargetPlatform (103)
[2019.01.10-21.36.07:563][ 38]LogModuleManager: Shutting down and abandoning module WindowsNoEditorTargetPlatform (101)
[2019.01.10-21.36.07:563][ 38]LogModuleManager: Shutting down and abandoning module WindowsClientTargetPlatform (99)
[2019.01.10-21.36.07:563][ 38]LogModuleManager: Shutting down and abandoning module MacTargetPlatform (97)
[2019.01.10-21.36.07:563][ 38]LogModuleManager: Shutting down and abandoning module MacServerTargetPlatform (95)
[2019.01.10-21.36.07:563][ 38]LogModuleManager: Shutting down and abandoning module MacNoEditorTargetPlatform (93)
[2019.01.10-21.36.07:563][ 38]LogModuleManager: Shutting down and abandoning module MacClientTargetPlatform (91)
[2019.01.10-21.36.07:563][ 38]LogModuleManager: Shutting down and abandoning module AllDesktopTargetPlatform (89)
[2019.01.10-21.36.07:563][ 38]LogModuleManager: Shutting down and abandoning module InputCore (86)
[2019.01.10-21.36.07:563][ 38]LogModuleManager: Shutting down and abandoning module Settings (84)
[2019.01.10-21.36.07:563][ 38]LogModuleManager: Shutting down and abandoning module PhysXCooking (82)
[2019.01.10-21.36.07:563][ 38]LogModuleManager: Shutting down and abandoning module SteamVR (80)
[2019.01.10-21.36.07:563][ 38]LogHMD: Freeing OpenVRDLLHandle.
[2019.01.10-21.36.07:563][ 38]LogModuleManager: Shutting down and abandoning module OculusHMD (78)
[2019.01.10-21.36.07:563][ 38]LogModuleManager: Shutting down and abandoning module ExampleDeviceProfileSelector (76)
[2019.01.10-21.36.07:563][ 38]LogModuleManager: Shutting down and abandoning module LauncherChunkInstaller (74)
[2019.01.10-21.36.07:563][ 38]LogModuleManager: Shutting down and abandoning module OnlineBlueprintSupport (72)
[2019.01.10-21.36.07:563][ 38]LogModuleManager: Shutting down and abandoning module OnlineSubsystem (68)
[2019.01.10-21.36.07:564][ 38]LogModuleManager: Shutting down and abandoning module XMPP (63)
[2019.01.10-21.36.07:565][ 38]LogModuleManager: Shutting down and abandoning module WebSockets (62)
[2019.01.10-21.36.07:576][ 38]LogModuleManager: Shutting down and abandoning module HTTP (59)
[2019.01.10-21.36.07:576][ 38]LogHttp: Display: Http module shutting down, but needs to wait on 1 outstanding Http requests:
[2019.01.10-21.36.07:576][ 38]LogHttp: Display: 	verb=[POST] url=[https://datarouter.ol.epicgames.com/datarouter/api/v1/public/data?SessionID=%7BD8D513DF-43AD-2C6A-7BD6-5189FC40134F%7D&AppID=UEEditor.Rocket.Release&AppVersion=4.21.1-4613538%2B%2B%2BUE4%2BRelease-4.21&UserID=49ea1dc64dc272564c0ed99a85784414%7Cc5d58751afe843d69728741e674af6bc%7Cc587d49a-8f64-455f-bf05-0221a494b86d&AppEnvironment=datacollector-binary&UploadType=eteventstream] status=Processing
[2019.01.10-21.36.07:608][ 38]LogModuleManager: Shutting down and abandoning module SSL (58)
[2019.01.10-21.36.07:609][ 38]LogModuleManager: Shutting down and abandoning module MagicLeapIdentity (54)
[2019.01.10-21.36.07:609][ 38]LogModuleManager: Shutting down and abandoning module MagicLeapHelperVulkan (52)
[2019.01.10-21.36.07:609][ 38]LogModuleManager: Shutting down and abandoning module MagicLeapHelperOpenGL (50)
[2019.01.10-21.36.07:609][ 38]LogModuleManager: Shutting down and abandoning module MagicLeapSecureStorage (48)
[2019.01.10-21.36.07:609][ 38]LogModuleManager: Shutting down and abandoning module MagicLeapHandTracking (46)
[2019.01.10-21.36.07:609][ 38]LogModuleManager: Shutting down and abandoning module MagicLeapEyeTracker (44)
[2019.01.10-21.36.07:609][ 38]LogModuleManager: Shutting down and abandoning module MagicLeapController (42)
[2019.01.10-21.36.07:609][ 38]LogSlate: Slate User Destroyed.  User Index 0, Is Virtual User: 0
[2019.01.10-21.36.07:609][ 38]LogModuleManager: Shutting down and abandoning module MagicLeap (40)
[2019.01.10-21.36.07:609][ 38]LogModuleManager: Shutting down and abandoning module DatasmithContent (38)
[2019.01.10-21.36.07:609][ 38]LogModuleManager: Shutting down and abandoning module AnimationModifiers (36)
[2019.01.10-21.36.07:610][ 38]LogModuleManager: Shutting down and abandoning module PropertyEditor (35)
[2019.01.10-21.36.07:610][ 38]LogModuleManager: Shutting down and abandoning module AudioEditor (32)
[2019.01.10-21.36.07:611][ 38]LogModuleManager: Shutting down and abandoning module TextureCompressor (30)
[2019.01.10-21.36.07:611][ 38]LogModuleManager: Shutting down and abandoning module ShaderCore (28)
[2019.01.10-21.36.07:611][ 38]LogModuleManager: Shutting down and abandoning module Landscape (26)
[2019.01.10-21.36.07:611][ 38]LogModuleManager: Shutting down and abandoning module SlateRHIRenderer (24)
[2019.01.10-21.36.07:611][ 38]LogModuleManager: Shutting down and abandoning module OpenGLDrv (22)
[2019.01.10-21.36.07:611][ 38]LogModuleManager: Shutting down and abandoning module D3D11RHI (20)
[2019.01.10-21.36.07:611][ 38]LogModuleManager: Shutting down and abandoning module AnimGraphRuntime (18)
[2019.01.10-21.36.07:611][ 38]LogModuleManager: Shutting down and abandoning module Renderer (16)
[2019.01.10-21.36.07:611][ 38]LogModuleManager: Shutting down and abandoning module Engine (14)
[2019.01.10-21.36.07:611][ 38]LogModuleManager: Shutting down and abandoning module CoreUObject (12)
[2019.01.10-21.36.07:611][ 38]LogModuleManager: Shutting down and abandoning module NetworkFile (10)
[2019.01.10-21.36.07:611][ 38]LogModuleManager: Shutting down and abandoning module CookedIterativeFile (8)
[2019.01.10-21.36.07:611][ 38]LogModuleManager: Shutting down and abandoning module StreamingFile (6)
[2019.01.10-21.36.07:611][ 38]LogModuleManager: Shutting down and abandoning module SandboxFile (4)
[2019.01.10-21.36.07:611][ 38]LogModuleManager: Shutting down and abandoning module PakFile (2)
[2019.01.10-21.36.07:618][ 38]LogExit: Exiting.
[2019.01.10-21.36.07:628][ 38]Log file closed, 01/10/19 13:36:07
