Log file open, 02/20/19 17:32:01
LogWindows: Failed to load 'aqProf.dll' (GetLastError=126)
LogWindows: File 'aqProf.dll' does not exist
LogWindows: Failed to load 'VtuneApi.dll' (GetLastError=126)
LogWindows: File 'VtuneApi.dll' does not exist
LogWindows: Failed to load 'VtuneApi32e.dll' (GetLastError=126)
LogWindows: File 'VtuneApi32e.dll' does not exist
LogConsoleResponse: Display: Failed to find resolution value strings in scalability ini. Falling back to default.
LogInit: Display: Running engine for game: ProjStarlightOasis
LogPakFile: Registered encryption key '00000000000000000000000000000000': 0 pak files mounted, 0 remain pending
LogPlatformFile: Not using cached read wrapper
LogTaskGraph: Started task graph with 5 named threads and 23 total threads with 3 sets of task threads.
LogStats: Stats thread started at 0.914958
LogD3D11RHI: Loaded GFSDK_Aftermath_Lib.x64.dll
LogICUInternationalization: ICU TimeZone Detection - Raw Offset: -8:00, Platform Override: ''
LogPluginManager: Mounting plugin Paper2D
LogPluginManager: Mounting plugin AISupport
LogPluginManager: Mounting plugin LightPropagationVolume
LogPluginManager: Mounting plugin ActorLayerUtilities
LogPluginManager: Mounting plugin CLionSourceCodeAccess
LogPluginManager: Mounting plugin CodeLiteSourceCodeAccess
LogPluginManager: Mounting plugin GitSourceControl
LogPluginManager: Mounting plugin KDevelopSourceCodeAccess
LogPluginManager: Mounting plugin NullSourceCodeAccess
LogPluginManager: Mounting plugin PerforceSourceControl
LogPluginManager: Mounting plugin SubversionSourceControl
LogPluginManager: Mounting plugin UObjectPlugin
LogPluginManager: Mounting plugin VisualStudioCodeSourceCodeAccess
LogPluginManager: Mounting plugin VisualStudioSourceCodeAccess
LogPluginManager: Mounting plugin XCodeSourceCodeAccess
LogPluginManager: Mounting plugin AssetManagerEditor
LogPluginManager: Mounting plugin CryptoKeys
LogPluginManager: Mounting plugin DataValidation
LogPluginManager: Mounting plugin FacialAnimation
LogPluginManager: Mounting plugin GameplayTagsEditor
LogPluginManager: Mounting plugin MacGraphicsSwitching
LogPluginManager: Mounting plugin MeshEditor
LogPluginManager: Mounting plugin MobileLauncherProfileWizard
LogPluginManager: Mounting plugin PluginBrowser
LogPluginManager: Mounting plugin SpeedTreeImporter
LogPluginManager: Mounting plugin DatasmithContent
LogPluginManager: Mounting plugin VariantManagerContent
LogPluginManager: Mounting plugin AlembicImporter
LogPluginManager: Mounting plugin AppleImageUtils
LogPluginManager: Mounting plugin AppleVision
LogPluginManager: Mounting plugin BackChannel
LogPluginManager: Mounting plugin CharacterAI
LogPluginManager: Mounting plugin GeometryCache
LogPluginManager: Mounting plugin HTML5Networking
LogPluginManager: Mounting plugin ProxyLODPlugin
LogPluginManager: Mounting plugin MagicLeap
LogPluginManager: Mounting plugin MagicLeapMedia
LogPluginManager: Mounting plugin Substance
LogPluginManager: Mounting plugin AndroidMedia
LogPluginManager: Mounting plugin AvfMedia
LogPluginManager: Mounting plugin ImgMedia
LogPluginManager: Mounting plugin LinearTimecode
LogPluginManager: Mounting plugin MediaCompositing
LogPluginManager: Mounting plugin MediaPlayerEditor
LogPluginManager: Mounting plugin WebMMedia
LogPluginManager: Mounting plugin WmfMedia
LogPluginManager: Mounting plugin TcpMessaging
LogPluginManager: Mounting plugin UdpMessaging
LogPluginManager: Mounting plugin ActorSequence
LogPluginManager: Mounting plugin LevelSequenceEditor
LogPluginManager: Mounting plugin MatineeToLevelSequence
LogPluginManager: Mounting plugin NetcodeUnitTest
LogPluginManager: Mounting plugin NUTUnrealEngine4
LogPluginManager: Mounting plugin OnlineSubsystemGooglePlay
LogPluginManager: Mounting plugin OnlineSubsystemIOS
LogPluginManager: Mounting plugin OnlineSubsystem
LogPluginManager: Mounting plugin OnlineSubsystemNull
LogPluginManager: Mounting plugin OnlineSubsystemUtils
LogPluginManager: Mounting plugin LauncherChunkInstaller
LogPluginManager: Mounting plugin AndroidDeviceProfileSelector
LogPluginManager: Mounting plugin AndroidMoviePlayer
LogPluginManager: Mounting plugin AndroidPermission
LogPluginManager: Mounting plugin AppleMoviePlayer
LogPluginManager: Mounting plugin ArchVisCharacter
LogPluginManager: Mounting plugin AudioCapture
LogPluginManager: Mounting plugin CableComponent
LogPluginManager: Mounting plugin CustomMeshComponent
LogPluginManager: Mounting plugin EditableMesh
LogPluginManager: Mounting plugin ExampleDeviceProfileSelector
LogPluginManager: Mounting plugin Firebase
LogPluginManager: Mounting plugin GoogleCloudMessaging
LogPluginManager: Mounting plugin IOSDeviceProfileSelector
LogPluginManager: Mounting plugin LinuxDeviceProfileSelector
LogPluginManager: Mounting plugin LocationServicesBPLibrary
LogPluginManager: Mounting plugin MobilePatchingUtils
LogPluginManager: Mounting plugin OculusVR
LogPluginManager: Mounting plugin PhysXVehicles
LogPluginManager: Mounting plugin ProceduralMeshComponent
LogPluginManager: Mounting plugin RuntimePhysXCooking
LogPluginManager: Mounting plugin SteamVR
LogPluginManager: Mounting plugin WebMMoviePlayer
LogPluginManager: Mounting plugin WindowsMoviePlayer
LogStreaming: Display: Took  0.113s to configure plugins.
LogInit: Using libcurl 7.55.1-DEV
LogInit:  - built for x86_64-pc-win32
LogInit:  - supports SSL with OpenSSL/1.0.2h
LogInit:  - supports HTTP deflate (compression) using libz 1.2.8
LogInit:  - other features:
LogInit:      CURL_VERSION_SSL
LogInit:      CURL_VERSION_LIBZ
LogInit:      CURL_VERSION_IPV6
LogInit:      CURL_VERSION_ASYNCHDNS
LogInit:      CURL_VERSION_LARGEFILE
LogInit:      CURL_VERSION_IDN
LogInit:  CurlRequestOptions (configurable via config and command line):
LogInit:  - bVerifyPeer = true  - Libcurl will verify peer certificate
LogInit:  - bUseHttpProxy = false  - Libcurl will NOT use HTTP proxy
LogInit:  - bDontReuseConnections = false  - Libcurl will reuse connections
LogInit:  - MaxHostConnections = 16  - Libcurl will limit the number of connections to a host
LogInit:  - LocalHostAddr = Default
LogInit:  - BufferSize = 65536
LogInit: WinSock: version 1.1 (2.2), MaxSocks=32767, MaxUdp=65467
LogInit: Build: ++UE4+Release-4.21-CL-4613538
LogInit: Engine Version: 4.21.1-4613538+++UE4+Release-4.21
LogInit: Compatible Engine Version: 4.21.0-4541578+++UE4+Release-4.21
LogInit: Net CL: 4541578
LogInit: OS: Windows 10 (), CPU: Intel(R) Core(TM) i7-6700 CPU @ 3.40GHz, GPU: NVIDIA GeForce GTX 1070 Ti
LogInit: Compiled (64-bit): Nov 30 2018 04:13:25
LogInit: Compiled with Visual C++: 19.13.26129.00
LogInit: Build Configuration: Development
LogInit: Branch Name: ++UE4+Release-4.21
LogInit: Command Line: 
LogInit: Base Directory: C:/Program Files/Epic Games/UE_4.21/Engine/Binaries/Win64/
LogInit: Installed Engine Build: 1
LogDevObjectVersion: Number of dev versions registered: 22
LogDevObjectVersion:   Dev-Blueprints (B0D832E4-1F89-4F0D-ACCF-7EB736FD4AA2): 10
LogDevObjectVersion:   Dev-Build (E1C64328-A22C-4D53-A36C-8E866417BD8C): 0
LogDevObjectVersion:   Dev-Core (375EC13C-06E4-48FB-B500-84F0262A717E): 2
LogDevObjectVersion:   Dev-Editor (E4B068ED-F494-42E9-A231-DA0B2E46BB41): 26
LogDevObjectVersion:   Dev-Framework (CFFC743F-43B0-4480-9391-14DF171D2073): 34
LogDevObjectVersion:   Dev-Mobile (B02B49B5-BB20-44E9-A304-32B752E40360): 2
LogDevObjectVersion:   Dev-Networking (A4E4105C-59A1-49B5-A7C5-40C4547EDFEE): 0
LogDevObjectVersion:   Dev-Online (39C831C9-5AE6-47DC-9A44-9C173E1C8E7C): 0
LogDevObjectVersion:   Dev-Physics (78F01B33-EBEA-4F98-B9B4-84EACCB95AA2): 0
LogDevObjectVersion:   Dev-Platform (6631380F-2D4D-43E0-8009-CF276956A95A): 0
LogDevObjectVersion:   Dev-Rendering (12F88B9F-8875-4AFC-A67C-D90C383ABD29): 27
LogDevObjectVersion:   Dev-Sequencer (7B5AE74C-D270-4C10-A958-57980B212A5A): 9
LogDevObjectVersion:   Dev-VR (D7296918-1DD6-4BDD-9DE2-64A83CC13884): 2
LogDevObjectVersion:   Dev-LoadTimes (C2A15278-BFE7-4AFE-6C17-90FF531DF755): 1
LogDevObjectVersion:   Private-Geometry (6EACA3D4-40EC-4CC1-B786-8BED09428FC5): 3
LogDevObjectVersion:   Dev-AnimPhys (29E575DD-E0A3-4627-9D10-D276232CDCEA): 17
LogDevObjectVersion:   Dev-Anim (AF43A65D-7FD3-4947-9873-3E8ED9C1BB05): 2
LogDevObjectVersion:   Dev-ReflectionCapture (6B266CEC-1EC7-4B8F-A30B-E4D90942FC07): 1
LogDevObjectVersion:   Dev-Automation (0DF73D61-A23F-47EA-B727-89E90C41499A): 1
LogDevObjectVersion:   FortniteMain (601D1886-AC64-4F84-AA16-D3DE0DEAC7D6): 17
LogDevObjectVersion:   Dev-Enterprise (9DFFBCD6-494F-0158-E221-12823C92A888): 4
LogDevObjectVersion:   Dev-Niagara (F2AED0AC-9AFE-416F-8664-AA7FFA26D6FC): 1
LogStreaming: Display: Took  0.004s to delete old logs.
LogInit: Presizing for max 8388607 objects, including 0 objects not considered by GC, pre-allocating 0 bytes for permanent pool.
LogInit: Object subsystem initialized
LogConfig: Setting CVar [[con.DebugEarlyDefault:1]]
LogConfig: Setting CVar [[r.setres:1280x720]]
[2019.02.21-01.32.02:301][  0]LogConfig: Setting CVar [[r.VSync:0]]
[2019.02.21-01.32.02:301][  0]LogConfig: Setting CVar [[r.RHICmdBypass:0]]
[2019.02.21-01.32.02:301][  0]LogConfig: Applying CVar settings from Section [/Script/Engine.RendererSettings] File [C:/Users/Alex Mao/Documents/Unreal Projects/StarlightOasis/ProjStarlightOasis/Saved/Config/Windows/Engine.ini]
[2019.02.21-01.32.02:301][  0]LogConfig: Setting CVar [[r.GPUCrashDebugging:0]]
[2019.02.21-01.32.02:301][  0]LogConfig: Applying CVar settings from Section [/Script/Engine.RendererOverrideSettings] File [C:/Users/Alex Mao/Documents/Unreal Projects/StarlightOasis/ProjStarlightOasis/Saved/Config/Windows/Engine.ini]
[2019.02.21-01.32.02:301][  0]LogConfig: Applying CVar settings from Section [/Script/Engine.StreamingSettings] File [C:/Users/Alex Mao/Documents/Unreal Projects/StarlightOasis/ProjStarlightOasis/Saved/Config/Windows/Engine.ini]
[2019.02.21-01.32.02:301][  0]LogConfig: Setting CVar [[s.MinBulkDataSizeForAsyncLoading:131072]]
[2019.02.21-01.32.02:301][  0]LogConfig: Setting CVar [[s.AsyncLoadingThreadEnabled:0]]
[2019.02.21-01.32.02:301][  0]LogConfig: Setting CVar [[s.EventDrivenLoaderEnabled:1]]
[2019.02.21-01.32.02:301][  0]LogConfig: Setting CVar [[s.WarnIfTimeLimitExceeded:0]]
[2019.02.21-01.32.02:301][  0]LogConfig: Setting CVar [[s.TimeLimitExceededMultiplier:1.5]]
[2019.02.21-01.32.02:301][  0]LogConfig: Setting CVar [[s.TimeLimitExceededMinTime:0.005]]
[2019.02.21-01.32.02:301][  0]LogConfig: Setting CVar [[s.UseBackgroundLevelStreaming:1]]
[2019.02.21-01.32.02:301][  0]LogConfig: Setting CVar [[s.PriorityAsyncLoadingExtraTime:15.0]]
[2019.02.21-01.32.02:301][  0]LogConfig: Setting CVar [[s.LevelStreamingActorsUpdateTimeLimit:5.0]]
[2019.02.21-01.32.02:301][  0]LogConfig: Setting CVar [[s.PriorityLevelStreamingActorsUpdateExtraTime:5.0]]
[2019.02.21-01.32.02:301][  0]LogConfig: Setting CVar [[s.LevelStreamingComponentsRegistrationGranularity:10]]
[2019.02.21-01.32.02:301][  0]LogConfig: Setting CVar [[s.UnregisterComponentsTimeLimit:1.0]]
[2019.02.21-01.32.02:301][  0]LogConfig: Setting CVar [[s.LevelStreamingComponentsUnregistrationGranularity:5]]
[2019.02.21-01.32.02:301][  0]LogConfig: Applying CVar settings from Section [/Script/Engine.GarbageCollectionSettings] File [C:/Users/Alex Mao/Documents/Unreal Projects/StarlightOasis/ProjStarlightOasis/Saved/Config/Windows/Engine.ini]
[2019.02.21-01.32.02:301][  0]LogConfig: Setting CVar [[gc.MaxObjectsNotConsideredByGC:1]]
[2019.02.21-01.32.02:301][  0]LogConfig: Setting CVar [[gc.SizeOfPermanentObjectPool:0]]
[2019.02.21-01.32.02:301][  0]LogConfig: Setting CVar [[gc.FlushStreamingOnGC:0]]
[2019.02.21-01.32.02:301][  0]LogConfig: Setting CVar [[gc.NumRetriesBeforeForcingGC:10]]
[2019.02.21-01.32.02:301][  0]LogConfig: Setting CVar [[gc.AllowParallelGC:1]]
[2019.02.21-01.32.02:302][  0]LogConfig: Setting CVar [[gc.TimeBetweenPurgingPendingKillObjects:61.1]]
[2019.02.21-01.32.02:302][  0]LogConfig: Setting CVar [[gc.MaxObjectsInEditor:8388607]]
[2019.02.21-01.32.02:302][  0]LogConfig: Setting CVar [[gc.IncrementalBeginDestroyEnabled:1]]
[2019.02.21-01.32.02:302][  0]LogConfig: Setting CVar [[gc.CreateGCClusters:1]]
[2019.02.21-01.32.02:302][  0]LogConfig: Setting CVar [[gc.MergeGCClusters:0]]
[2019.02.21-01.32.02:302][  0]LogConfig: Setting CVar [[gc.MinGCClusterSize:5]]
[2019.02.21-01.32.02:302][  0]LogConfig: Setting CVar [[gc.ActorClusteringEnabled:0]]
[2019.02.21-01.32.02:302][  0]LogConfig: Setting CVar [[gc.BlueprintClusteringEnabled:0]]
[2019.02.21-01.32.02:302][  0]LogConfig: Setting CVar [[gc.UseDisregardForGCOnDedicatedServers:0]]
[2019.02.21-01.32.02:302][  0]LogConfig: Applying CVar settings from Section [/Script/Engine.NetworkSettings] File [C:/Users/Alex Mao/Documents/Unreal Projects/StarlightOasis/ProjStarlightOasis/Saved/Config/Windows/Engine.ini]
[2019.02.21-01.32.02:302][  0]LogConfig: Applying CVar settings from Section [/Script/UnrealEd.CookerSettings] File [C:/Users/Alex Mao/Documents/Unreal Projects/StarlightOasis/ProjStarlightOasis/Saved/Config/Windows/Engine.ini]
[2019.02.21-01.32.02:322][  0]LogConfig: Applying CVar settings from Section [ViewDistanceQuality@3] File [C:/Users/Alex Mao/Documents/Unreal Projects/StarlightOasis/ProjStarlightOasis/Saved/Config/Windows/Scalability.ini]
[2019.02.21-01.32.02:322][  0]LogConfig: Setting CVar [[r.SkeletalMeshLODBias:0]]
[2019.02.21-01.32.02:322][  0]LogConfig: Setting CVar [[r.ViewDistanceScale:1.0]]
[2019.02.21-01.32.02:322][  0]LogConfig: Applying CVar settings from Section [AntiAliasingQuality@3] File [C:/Users/Alex Mao/Documents/Unreal Projects/StarlightOasis/ProjStarlightOasis/Saved/Config/Windows/Scalability.ini]
[2019.02.21-01.32.02:322][  0]LogConfig: Setting CVar [[r.PostProcessAAQuality:4]]
[2019.02.21-01.32.02:322][  0]LogConfig: Applying CVar settings from Section [ShadowQuality@3] File [C:/Users/Alex Mao/Documents/Unreal Projects/StarlightOasis/ProjStarlightOasis/Saved/Config/Windows/Scalability.ini]
[2019.02.21-01.32.02:322][  0]LogConfig: Setting CVar [[r.LightFunctionQuality:1]]
[2019.02.21-01.32.02:322][  0]LogConfig: Setting CVar [[r.ShadowQuality:5]]
[2019.02.21-01.32.02:322][  0]LogConfig: Setting CVar [[r.Shadow.CSM.MaxCascades:10]]
[2019.02.21-01.32.02:322][  0]LogConfig: Setting CVar [[r.Shadow.MaxResolution:2048]]
[2019.02.21-01.32.02:322][  0]LogConfig: Setting CVar [[r.Shadow.MaxCSMResolution:2048]]
[2019.02.21-01.32.02:322][  0]LogConfig: Setting CVar [[r.Shadow.RadiusThreshold:0.01]]
[2019.02.21-01.32.02:322][  0]LogConfig: Setting CVar [[r.Shadow.DistanceScale:1.0]]
[2019.02.21-01.32.02:322][  0]LogConfig: Setting CVar [[r.Shadow.CSM.TransitionScale:1.0]]
[2019.02.21-01.32.02:322][  0]LogConfig: Setting CVar [[r.Shadow.PreShadowResolutionFactor:1.0]]
[2019.02.21-01.32.02:322][  0]LogConfig: Setting CVar [[r.DistanceFieldShadowing:1]]
[2019.02.21-01.32.02:322][  0]LogConfig: Setting CVar [[r.DistanceFieldAO:1]]
[2019.02.21-01.32.02:322][  0]LogConfig: Setting CVar [[r.AOQuality:2]]
[2019.02.21-01.32.02:322][  0]LogConfig: Setting CVar [[r.VolumetricFog:1]]
[2019.02.21-01.32.02:322][  0]LogConfig: Setting CVar [[r.VolumetricFog.GridPixelSize:8]]
[2019.02.21-01.32.02:322][  0]LogConfig: Setting CVar [[r.VolumetricFog.GridSizeZ:128]]
[2019.02.21-01.32.02:322][  0]LogConfig: Setting CVar [[r.VolumetricFog.HistoryMissSupersampleCount:4]]
[2019.02.21-01.32.02:322][  0]LogConfig: Setting CVar [[r.LightMaxDrawDistanceScale:1]]
[2019.02.21-01.32.02:322][  0]LogConfig: Setting CVar [[r.CapsuleShadows:1]]
[2019.02.21-01.32.02:322][  0]LogConfig: Applying CVar settings from Section [PostProcessQuality@3] File [C:/Users/Alex Mao/Documents/Unreal Projects/StarlightOasis/ProjStarlightOasis/Saved/Config/Windows/Scalability.ini]
[2019.02.21-01.32.02:322][  0]LogConfig: Setting CVar [[r.MotionBlurQuality:4]]
[2019.02.21-01.32.02:322][  0]LogConfig: Setting CVar [[r.AmbientOcclusionMipLevelFactor:0.4]]
[2019.02.21-01.32.02:322][  0]LogConfig: Setting CVar [[r.AmbientOcclusionMaxQuality:100]]
[2019.02.21-01.32.02:322][  0]LogConfig: Setting CVar [[r.AmbientOcclusionLevels:-1]]
[2019.02.21-01.32.02:322][  0]LogConfig: Setting CVar [[r.AmbientOcclusionRadiusScale:1.0]]
[2019.02.21-01.32.02:322][  0]LogConfig: Setting CVar [[r.DepthOfFieldQuality:2]]
[2019.02.21-01.32.02:322][  0]LogConfig: Setting CVar [[r.RenderTargetPoolMin:400]]
[2019.02.21-01.32.02:322][  0]LogConfig: Setting CVar [[r.LensFlareQuality:2]]
[2019.02.21-01.32.02:322][  0]LogConfig: Setting CVar [[r.SceneColorFringeQuality:1]]
[2019.02.21-01.32.02:322][  0]LogConfig: Setting CVar [[r.EyeAdaptationQuality:2]]
[2019.02.21-01.32.02:322][  0]LogConfig: Setting CVar [[r.BloomQuality:5]]
[2019.02.21-01.32.02:322][  0]LogConfig: Setting CVar [[r.FastBlurThreshold:100]]
[2019.02.21-01.32.02:322][  0]LogConfig: Setting CVar [[r.Upscale.Quality:3]]
[2019.02.21-01.32.02:322][  0]LogConfig: Setting CVar [[r.Tonemapper.GrainQuantization:1]]
[2019.02.21-01.32.02:322][  0]LogConfig: Setting CVar [[r.LightShaftQuality:1]]
[2019.02.21-01.32.02:322][  0]LogConfig: Setting CVar [[r.Filter.SizeScale:1]]
[2019.02.21-01.32.02:322][  0]LogConfig: Setting CVar [[r.Tonemapper.Quality:5]]
[2019.02.21-01.32.02:322][  0]LogConfig: Setting CVar [[r.DOF.Gather.AccumulatorQuality:1        ; higher gathering accumulator quality]]
[2019.02.21-01.32.02:322][  0]LogConfig: Setting CVar [[r.DOF.Gather.PostfilterMethod:1          ; Median3x3 postfilering method]]
[2019.02.21-01.32.02:322][  0]LogConfig: Setting CVar [[r.DOF.Gather.EnableBokehSettings:0       ; no bokeh simulation when gathering]]
[2019.02.21-01.32.02:322][  0]LogConfig: Setting CVar [[r.DOF.Gather.RingCount:4                 ; medium number of samples when gathering]]
[2019.02.21-01.32.02:323][  0]LogConfig: Setting CVar [[r.DOF.Scatter.ForegroundCompositing:1    ; additive foreground scattering]]
[2019.02.21-01.32.02:323][  0]LogConfig: Setting CVar [[r.DOF.Scatter.BackgroundCompositing:2    ; additive background scattering]]
[2019.02.21-01.32.02:323][  0]LogConfig: Setting CVar [[r.DOF.Scatter.EnableBokehSettings:1      ; bokeh simulation when scattering]]
[2019.02.21-01.32.02:323][  0]LogConfig: Setting CVar [[r.DOF.Scatter.MaxSpriteRatio:0.1         ; only a maximum of 10% of scattered bokeh]]
[2019.02.21-01.32.02:323][  0]LogConfig: Setting CVar [[r.DOF.Recombine.Quality:1                ; cheap slight out of focus]]
[2019.02.21-01.32.02:323][  0]LogConfig: Setting CVar [[r.DOF.Recombine.EnableBokehSettings:0    ; no bokeh simulation on slight out of focus]]
[2019.02.21-01.32.02:323][  0]LogConfig: Setting CVar [[r.DOF.TemporalAAQuality:1                ; more stable temporal accumulation]]
[2019.02.21-01.32.02:323][  0]LogConfig: Setting CVar [[r.DOF.Kernel.MaxForegroundRadius:0.025]]
[2019.02.21-01.32.02:323][  0]LogConfig: Setting CVar [[r.DOF.Kernel.MaxBackgroundRadius:0.025]]
[2019.02.21-01.32.02:323][  0]LogConfig: Applying CVar settings from Section [TextureQuality@3] File [C:/Users/Alex Mao/Documents/Unreal Projects/StarlightOasis/ProjStarlightOasis/Saved/Config/Windows/Scalability.ini]
[2019.02.21-01.32.02:323][  0]LogConfig: Setting CVar [[r.Streaming.MipBias:0]]
[2019.02.21-01.32.02:323][  0]LogConfig: Setting CVar [[r.Streaming.AmortizeCPUToGPUCopy:0]]
[2019.02.21-01.32.02:323][  0]LogConfig: Setting CVar [[r.Streaming.MaxNumTexturesToStreamPerFrame:0]]
[2019.02.21-01.32.02:323][  0]LogConfig: Setting CVar [[r.Streaming.Boost:1]]
[2019.02.21-01.32.02:323][  0]LogConfig: Setting CVar [[r.MaxAnisotropy:8]]
[2019.02.21-01.32.02:323][  0]LogConfig: Setting CVar [[r.Streaming.LimitPoolSizeToVRAM:0]]
[2019.02.21-01.32.02:323][  0]LogConfig: Setting CVar [[r.Streaming.PoolSize:1000]]
[2019.02.21-01.32.02:323][  0]LogConfig: Setting CVar [[r.Streaming.MaxEffectiveScreenSize:0]]
[2019.02.21-01.32.02:323][  0]LogConfig: Applying CVar settings from Section [EffectsQuality@3] File [C:/Users/Alex Mao/Documents/Unreal Projects/StarlightOasis/ProjStarlightOasis/Saved/Config/Windows/Scalability.ini]
[2019.02.21-01.32.02:323][  0]LogConfig: Setting CVar [[r.TranslucencyLightingVolumeDim:64]]
[2019.02.21-01.32.02:323][  0]LogConfig: Setting CVar [[r.RefractionQuality:2]]
[2019.02.21-01.32.02:323][  0]LogConfig: Setting CVar [[r.SSR.Quality:3]]
[2019.02.21-01.32.02:323][  0]LogConfig: Setting CVar [[r.SceneColorFormat:4]]
[2019.02.21-01.32.02:323][  0]LogConfig: Setting CVar [[r.DetailMode:2]]
[2019.02.21-01.32.02:323][  0]LogConfig: Setting CVar [[r.TranslucencyVolumeBlur:1]]
[2019.02.21-01.32.02:323][  0]LogConfig: Setting CVar [[r.MaterialQualityLevel:1 ; High quality]]
[2019.02.21-01.32.02:323][  0]LogConfig: Setting CVar [[r.SSS.Scale:1]]
[2019.02.21-01.32.02:323][  0]LogConfig: Setting CVar [[r.SSS.SampleSet:2]]
[2019.02.21-01.32.02:323][  0]LogConfig: Setting CVar [[r.SSS.Quality:1]]
[2019.02.21-01.32.02:323][  0]LogConfig: Setting CVar [[r.SSS.HalfRes:1]]
[2019.02.21-01.32.02:323][  0]LogConfig: Setting CVar [[r.EmitterSpawnRateScale:1.0]]
[2019.02.21-01.32.02:323][  0]LogConfig: Setting CVar [[r.ParticleLightQuality:2]]
[2019.02.21-01.32.02:323][  0]LogConfig: Applying CVar settings from Section [FoliageQuality@3] File [C:/Users/Alex Mao/Documents/Unreal Projects/StarlightOasis/ProjStarlightOasis/Saved/Config/Windows/Scalability.ini]
[2019.02.21-01.32.02:323][  0]LogConfig: Setting CVar [[foliage.DensityScale:1.0]]
[2019.02.21-01.32.02:323][  0]LogConfig: Setting CVar [[grass.DensityScale:1.0]]
[2019.02.21-01.32.02:324][  0]LogInit: Selected Device Profile: [Windows]
[2019.02.21-01.32.02:324][  0]LogInit: Applying CVar settings loaded from the selected device profile: [Windows]
[2019.02.21-01.32.02:350][  0]LogHAL: Display: Platform has ~ 16 GB [17138720768 / 17179869184 / 16], which maps to Larger [LargestMinGB=32, LargerMinGB=12, DefaultMinGB=8, SmallerMinGB=6, SmallestMinGB=0)
[2019.02.21-01.32.02:350][  0]LogConfig: Setting CVar [[r.Vulkan.UseRealUBs:1]]
[2019.02.21-01.32.02:350][  0]LogInit: Going up to parent DeviceProfile []
[2019.02.21-01.32.02:350][  0]LogConfig: Applying CVar settings from Section [ViewDistanceQuality@3] File [C:/Users/Alex Mao/Documents/Unreal Projects/StarlightOasis/ProjStarlightOasis/Saved/Config/Windows/Scalability.ini]
[2019.02.21-01.32.02:350][  0]LogConfig: Setting CVar [[r.SkeletalMeshLODBias:0]]
[2019.02.21-01.32.02:350][  0]LogConfig: Setting CVar [[r.ViewDistanceScale:1.0]]
[2019.02.21-01.32.02:350][  0]LogConfig: Applying CVar settings from Section [AntiAliasingQuality@3] File [C:/Users/Alex Mao/Documents/Unreal Projects/StarlightOasis/ProjStarlightOasis/Saved/Config/Windows/Scalability.ini]
[2019.02.21-01.32.02:350][  0]LogConfig: Setting CVar [[r.PostProcessAAQuality:4]]
[2019.02.21-01.32.02:351][  0]LogConfig: Applying CVar settings from Section [ShadowQuality@3] File [C:/Users/Alex Mao/Documents/Unreal Projects/StarlightOasis/ProjStarlightOasis/Saved/Config/Windows/Scalability.ini]
[2019.02.21-01.32.02:351][  0]LogConfig: Setting CVar [[r.LightFunctionQuality:1]]
[2019.02.21-01.32.02:351][  0]LogConfig: Setting CVar [[r.ShadowQuality:5]]
[2019.02.21-01.32.02:351][  0]LogConfig: Setting CVar [[r.Shadow.CSM.MaxCascades:10]]
[2019.02.21-01.32.02:351][  0]LogConfig: Setting CVar [[r.Shadow.MaxResolution:2048]]
[2019.02.21-01.32.02:351][  0]LogConfig: Setting CVar [[r.Shadow.MaxCSMResolution:2048]]
[2019.02.21-01.32.02:351][  0]LogConfig: Setting CVar [[r.Shadow.RadiusThreshold:0.01]]
[2019.02.21-01.32.02:351][  0]LogConfig: Setting CVar [[r.Shadow.DistanceScale:1.0]]
[2019.02.21-01.32.02:351][  0]LogConfig: Setting CVar [[r.Shadow.CSM.TransitionScale:1.0]]
[2019.02.21-01.32.02:351][  0]LogConfig: Setting CVar [[r.Shadow.PreShadowResolutionFactor:1.0]]
[2019.02.21-01.32.02:351][  0]LogConfig: Setting CVar [[r.DistanceFieldShadowing:1]]
[2019.02.21-01.32.02:351][  0]LogConfig: Setting CVar [[r.DistanceFieldAO:1]]
[2019.02.21-01.32.02:351][  0]LogConfig: Setting CVar [[r.AOQuality:2]]
[2019.02.21-01.32.02:351][  0]LogConfig: Setting CVar [[r.VolumetricFog:1]]
[2019.02.21-01.32.02:351][  0]LogConfig: Setting CVar [[r.VolumetricFog.GridPixelSize:8]]
[2019.02.21-01.32.02:351][  0]LogConfig: Setting CVar [[r.VolumetricFog.GridSizeZ:128]]
[2019.02.21-01.32.02:351][  0]LogConfig: Setting CVar [[r.VolumetricFog.HistoryMissSupersampleCount:4]]
[2019.02.21-01.32.02:351][  0]LogConfig: Setting CVar [[r.LightMaxDrawDistanceScale:1]]
[2019.02.21-01.32.02:351][  0]LogConfig: Setting CVar [[r.CapsuleShadows:1]]
[2019.02.21-01.32.02:351][  0]LogConfig: Applying CVar settings from Section [PostProcessQuality@3] File [C:/Users/Alex Mao/Documents/Unreal Projects/StarlightOasis/ProjStarlightOasis/Saved/Config/Windows/Scalability.ini]
[2019.02.21-01.32.02:351][  0]LogConfig: Setting CVar [[r.MotionBlurQuality:4]]
[2019.02.21-01.32.02:351][  0]LogConfig: Setting CVar [[r.AmbientOcclusionMipLevelFactor:0.4]]
[2019.02.21-01.32.02:351][  0]LogConfig: Setting CVar [[r.AmbientOcclusionMaxQuality:100]]
[2019.02.21-01.32.02:351][  0]LogConfig: Setting CVar [[r.AmbientOcclusionLevels:-1]]
[2019.02.21-01.32.02:351][  0]LogConfig: Setting CVar [[r.AmbientOcclusionRadiusScale:1.0]]
[2019.02.21-01.32.02:351][  0]LogConfig: Setting CVar [[r.DepthOfFieldQuality:2]]
[2019.02.21-01.32.02:351][  0]LogConfig: Setting CVar [[r.RenderTargetPoolMin:400]]
[2019.02.21-01.32.02:351][  0]LogConfig: Setting CVar [[r.LensFlareQuality:2]]
[2019.02.21-01.32.02:351][  0]LogConfig: Setting CVar [[r.SceneColorFringeQuality:1]]
[2019.02.21-01.32.02:351][  0]LogConfig: Setting CVar [[r.EyeAdaptationQuality:2]]
[2019.02.21-01.32.02:351][  0]LogConfig: Setting CVar [[r.BloomQuality:5]]
[2019.02.21-01.32.02:351][  0]LogConfig: Setting CVar [[r.FastBlurThreshold:100]]
[2019.02.21-01.32.02:351][  0]LogConfig: Setting CVar [[r.Upscale.Quality:3]]
[2019.02.21-01.32.02:351][  0]LogConfig: Setting CVar [[r.Tonemapper.GrainQuantization:1]]
[2019.02.21-01.32.02:351][  0]LogConfig: Setting CVar [[r.LightShaftQuality:1]]
[2019.02.21-01.32.02:351][  0]LogConfig: Setting CVar [[r.Filter.SizeScale:1]]
[2019.02.21-01.32.02:351][  0]LogConfig: Setting CVar [[r.Tonemapper.Quality:5]]
[2019.02.21-01.32.02:351][  0]LogConfig: Setting CVar [[r.DOF.Gather.AccumulatorQuality:1        ; higher gathering accumulator quality]]
[2019.02.21-01.32.02:351][  0]LogConfig: Setting CVar [[r.DOF.Gather.PostfilterMethod:1          ; Median3x3 postfilering method]]
[2019.02.21-01.32.02:351][  0]LogConfig: Setting CVar [[r.DOF.Gather.EnableBokehSettings:0       ; no bokeh simulation when gathering]]
[2019.02.21-01.32.02:351][  0]LogConfig: Setting CVar [[r.DOF.Gather.RingCount:4                 ; medium number of samples when gathering]]
[2019.02.21-01.32.02:351][  0]LogConfig: Setting CVar [[r.DOF.Scatter.ForegroundCompositing:1    ; additive foreground scattering]]
[2019.02.21-01.32.02:351][  0]LogConfig: Setting CVar [[r.DOF.Scatter.BackgroundCompositing:2    ; additive background scattering]]
[2019.02.21-01.32.02:351][  0]LogConfig: Setting CVar [[r.DOF.Scatter.EnableBokehSettings:1      ; bokeh simulation when scattering]]
[2019.02.21-01.32.02:351][  0]LogConfig: Setting CVar [[r.DOF.Scatter.MaxSpriteRatio:0.1         ; only a maximum of 10% of scattered bokeh]]
[2019.02.21-01.32.02:351][  0]LogConfig: Setting CVar [[r.DOF.Recombine.Quality:1                ; cheap slight out of focus]]
[2019.02.21-01.32.02:351][  0]LogConfig: Setting CVar [[r.DOF.Recombine.EnableBokehSettings:0    ; no bokeh simulation on slight out of focus]]
[2019.02.21-01.32.02:351][  0]LogConfig: Setting CVar [[r.DOF.TemporalAAQuality:1                ; more stable temporal accumulation]]
[2019.02.21-01.32.02:351][  0]LogConfig: Setting CVar [[r.DOF.Kernel.MaxForegroundRadius:0.025]]
[2019.02.21-01.32.02:351][  0]LogConfig: Setting CVar [[r.DOF.Kernel.MaxBackgroundRadius:0.025]]
[2019.02.21-01.32.02:351][  0]LogConfig: Applying CVar settings from Section [TextureQuality@3] File [C:/Users/Alex Mao/Documents/Unreal Projects/StarlightOasis/ProjStarlightOasis/Saved/Config/Windows/Scalability.ini]
[2019.02.21-01.32.02:351][  0]LogConfig: Setting CVar [[r.Streaming.MipBias:0]]
[2019.02.21-01.32.02:351][  0]LogConfig: Setting CVar [[r.Streaming.AmortizeCPUToGPUCopy:0]]
[2019.02.21-01.32.02:351][  0]LogConfig: Setting CVar [[r.Streaming.MaxNumTexturesToStreamPerFrame:0]]
[2019.02.21-01.32.02:351][  0]LogConfig: Setting CVar [[r.Streaming.Boost:1]]
[2019.02.21-01.32.02:351][  0]LogConfig: Setting CVar [[r.MaxAnisotropy:8]]
[2019.02.21-01.32.02:351][  0]LogConfig: Setting CVar [[r.Streaming.LimitPoolSizeToVRAM:0]]
[2019.02.21-01.32.02:351][  0]LogConfig: Setting CVar [[r.Streaming.PoolSize:1000]]
[2019.02.21-01.32.02:351][  0]LogConfig: Setting CVar [[r.Streaming.MaxEffectiveScreenSize:0]]
[2019.02.21-01.32.02:351][  0]LogConfig: Applying CVar settings from Section [EffectsQuality@3] File [C:/Users/Alex Mao/Documents/Unreal Projects/StarlightOasis/ProjStarlightOasis/Saved/Config/Windows/Scalability.ini]
[2019.02.21-01.32.02:351][  0]LogConfig: Setting CVar [[r.TranslucencyLightingVolumeDim:64]]
[2019.02.21-01.32.02:351][  0]LogConfig: Setting CVar [[r.RefractionQuality:2]]
[2019.02.21-01.32.02:351][  0]LogConfig: Setting CVar [[r.SSR.Quality:3]]
[2019.02.21-01.32.02:351][  0]LogConfig: Setting CVar [[r.SceneColorFormat:4]]
[2019.02.21-01.32.02:351][  0]LogConfig: Setting CVar [[r.DetailMode:2]]
[2019.02.21-01.32.02:351][  0]LogConfig: Setting CVar [[r.TranslucencyVolumeBlur:1]]
[2019.02.21-01.32.02:351][  0]LogConfig: Setting CVar [[r.MaterialQualityLevel:1 ; High quality]]
[2019.02.21-01.32.02:351][  0]LogConfig: Setting CVar [[r.SSS.Scale:1]]
[2019.02.21-01.32.02:351][  0]LogConfig: Setting CVar [[r.SSS.SampleSet:2]]
[2019.02.21-01.32.02:351][  0]LogConfig: Setting CVar [[r.SSS.Quality:1]]
[2019.02.21-01.32.02:351][  0]LogConfig: Setting CVar [[r.SSS.HalfRes:1]]
[2019.02.21-01.32.02:351][  0]LogConfig: Setting CVar [[r.EmitterSpawnRateScale:1.0]]
[2019.02.21-01.32.02:351][  0]LogConfig: Setting CVar [[r.ParticleLightQuality:2]]
[2019.02.21-01.32.02:351][  0]LogConfig: Applying CVar settings from Section [FoliageQuality@3] File [C:/Users/Alex Mao/Documents/Unreal Projects/StarlightOasis/ProjStarlightOasis/Saved/Config/Windows/Scalability.ini]
[2019.02.21-01.32.02:351][  0]LogConfig: Setting CVar [[foliage.DensityScale:1.0]]
[2019.02.21-01.32.02:351][  0]LogConfig: Setting CVar [[grass.DensityScale:1.0]]
[2019.02.21-01.32.02:351][  0]LogConfig: Applying CVar settings from Section [Startup] File [../../../Engine/Config/ConsoleVariables.ini]
[2019.02.21-01.32.02:357][  0]LogConfig: Setting CVar [[net.UseAdaptiveNetUpdateFrequency:0]]
[2019.02.21-01.32.02:357][  0]LogConfig: Applying CVar settings from Section [ConsoleVariables] File [C:/Users/Alex Mao/Documents/Unreal Projects/StarlightOasis/ProjStarlightOasis/Saved/Config/Windows/Engine.ini]
[2019.02.21-01.32.02:357][  0]LogInit: Computer: ATLAS
[2019.02.21-01.32.02:357][  0]LogInit: User: AlexMao
[2019.02.21-01.32.02:357][  0]LogInit: CPU Page size=4096, Cores=4
[2019.02.21-01.32.02:357][  0]LogInit: High frequency timer resolution =3.328122 MHz
[2019.02.21-01.32.02:358][  0]LogMemory: Memory total: Physical=16.0GB (16GB approx)
[2019.02.21-01.32.02:358][  0]LogMemory: Platform Memory Stats for Windows
[2019.02.21-01.32.02:358][  0]LogMemory: Process Physical Memory: 104.61 MB used, 104.61 MB peak
[2019.02.21-01.32.02:358][  0]LogMemory: Process Virtual Memory: 93.78 MB used, 93.78 MB peak
[2019.02.21-01.32.02:358][  0]LogMemory: Physical Memory: 7444.59 MB used,  8900.17 MB free, 16344.76 MB total
[2019.02.21-01.32.02:358][  0]LogMemory: Virtual Memory: 4650.23 MB used,  134213080.00 MB free, 134217728.00 MB total
[2019.02.21-01.32.02:580][  0]LogInit: Using OS detected language (en-US).
[2019.02.21-01.32.02:580][  0]LogInit: Using OS detected locale (en-US).
[2019.02.21-01.32.02:581][  0]LogTextLocalizationManager: No specific localization for 'en-US' exists, so the 'en' localization will be used.
[2019.02.21-01.32.03:066][  0]LogStreaming: Display: Took  0.486s to InitEngineTextLocalization.
[2019.02.21-01.32.03:066][  0]LogInit: Setting process to per monitor DPI aware
[2019.02.21-01.32.03:179][  0]LogSlate: New Slate User Created.  User Index 0, Is Virtual User: 0
[2019.02.21-01.32.03:179][  0]LogSlate: Slate User Registered.  User Index 0, Is Virtual User: 0
[2019.02.21-01.32.05:711][  0]LogHMD: Failed to initialize OpenVR with code 110
[2019.02.21-01.32.05:711][  0]LogD3D11RHI: D3D11 adapters:
[2019.02.21-01.32.05:771][  0]LogD3D11RHI:    0. 'NVIDIA GeForce GTX 1070 Ti' (Feature Level 11_0)
[2019.02.21-01.32.05:771][  0]LogD3D11RHI:       8080/0/8172 MB DedicatedVideo/DedicatedSystem/SharedSystem, Outputs:3, VendorId:0x10de
[2019.02.21-01.32.05:772][  0]LogD3D11RHI:    1. 'Microsoft Basic Render Driver' (Feature Level 11_0)
[2019.02.21-01.32.05:772][  0]LogD3D11RHI:       0/0/8172 MB DedicatedVideo/DedicatedSystem/SharedSystem, Outputs:0, VendorId:0x1414
[2019.02.21-01.32.05:773][  0]LogD3D11RHI: Chosen D3D11 Adapter: 0
[2019.02.21-01.32.05:781][  0]LogD3D11RHI: Creating new Direct3DDevice
[2019.02.21-01.32.05:781][  0]LogD3D11RHI:     GPU DeviceId: 0x1b82 (for the marketing name, search the web for "GPU Device Id")
[2019.02.21-01.32.05:781][  0]LogWindows: EnumDisplayDevices:
[2019.02.21-01.32.05:782][  0]LogWindows:    0. 'NVIDIA GeForce GTX 1070 Ti' (P:0 D:1)
[2019.02.21-01.32.05:782][  0]LogWindows:    1. 'NVIDIA GeForce GTX 1070 Ti' (P:0 D:1)
[2019.02.21-01.32.05:782][  0]LogWindows:    2. 'NVIDIA GeForce GTX 1070 Ti' (P:1 D:1)
[2019.02.21-01.32.05:782][  0]LogWindows:    3. 'NVIDIA GeForce GTX 1070 Ti' (P:0 D:0)
[2019.02.21-01.32.05:782][  0]LogWindows: DebugString: FoundDriverCount:4 
[2019.02.21-01.32.05:782][  0]LogD3D11RHI:     Adapter Name: NVIDIA GeForce GTX 1070 Ti
[2019.02.21-01.32.05:783][  0]LogD3D11RHI:   Driver Version: 417.71 (internal:25.21.14.1771, unified:417.71)
[2019.02.21-01.32.05:783][  0]LogD3D11RHI:      Driver Date: 1-11-2019
[2019.02.21-01.32.05:783][  0]LogRHI: Texture pool is 5656 MB (70% of 8080 MB)
[2019.02.21-01.32.05:826][  0]LogD3D11RHI: Async texture creation enabled
[2019.02.21-01.32.05:891][  0]LogD3D11RHI: GPU Timing Frequency: 1000.000000 (Debug: 2 2)
[2019.02.21-01.32.06:312][  0]LogTemp: Display: Loaded TP AllDesktopTargetPlatform
[2019.02.21-01.32.06:324][  0]LogTemp: Display: Loaded TP MacClientTargetPlatform
[2019.02.21-01.32.06:339][  0]LogTemp: Display: Loaded TP MacNoEditorTargetPlatform
[2019.02.21-01.32.06:353][  0]LogTemp: Display: Loaded TP MacServerTargetPlatform
[2019.02.21-01.32.06:373][  0]LogTemp: Display: Loaded TP MacTargetPlatform
[2019.02.21-01.32.06:390][  0]LogTemp: Display: Loaded TP WindowsClientTargetPlatform
[2019.02.21-01.32.06:405][  0]LogTemp: Display: Loaded TP WindowsNoEditorTargetPlatform
[2019.02.21-01.32.06:420][  0]LogTemp: Display: Loaded TP WindowsServerTargetPlatform
[2019.02.21-01.32.06:428][  0]LogTemp: Display: Loaded TP WindowsTargetPlatform
[2019.02.21-01.32.06:511][  0]LogTemp: Display: Loaded TP AndroidTargetPlatform
[2019.02.21-01.32.06:511][  0]LogTemp: Display: Loaded TP AndroidTargetPlatform
[2019.02.21-01.32.06:511][  0]LogTemp: Display: Loaded TP AndroidTargetPlatform
[2019.02.21-01.32.06:511][  0]LogTemp: Display: Loaded TP AndroidTargetPlatform
[2019.02.21-01.32.06:511][  0]LogTemp: Display: Loaded TP AndroidTargetPlatform
[2019.02.21-01.32.06:511][  0]LogTemp: Display: Loaded TP AndroidTargetPlatform
[2019.02.21-01.32.06:511][  0]LogTemp: Display: Loaded TP AndroidTargetPlatform
[2019.02.21-01.32.06:511][  0]LogTemp: Display: Loaded TP AndroidTargetPlatform
[2019.02.21-01.32.06:511][  0]LogTemp: Display: Loaded TP AndroidTargetPlatform
[2019.02.21-01.32.06:511][  0]LogTemp: Display: Loaded TP AndroidTargetPlatform
[2019.02.21-01.32.06:511][  0]LogTemp: Display: Loaded TP AndroidTargetPlatform
[2019.02.21-01.32.06:511][  0]LogTemp: Display: Loaded TP AndroidTargetPlatform
[2019.02.21-01.32.06:511][  0]LogTemp: Display: Loaded TP AndroidTargetPlatform
[2019.02.21-01.32.06:511][  0]LogTemp: Display: Loaded TP AndroidTargetPlatform
[2019.02.21-01.32.06:511][  0]LogTemp: Display: Loaded TP AndroidTargetPlatform
[2019.02.21-01.32.06:512][  0]LogTemp: Display: Loaded TP AndroidTargetPlatform
[2019.02.21-01.32.06:512][  0]LogTemp: Display: Loaded TP AndroidTargetPlatform
[2019.02.21-01.32.06:512][  0]LogTemp: Display: Loaded TP AndroidTargetPlatform
[2019.02.21-01.32.06:515][  0]LogTemp: Display: Loaded TP HTML5TargetPlatform
[2019.02.21-01.32.06:605][  0]LogTemp: Display: Loaded TP IOSTargetPlatform
[2019.02.21-01.32.06:605][  0]LogTemp: Display: Loaded TP IOSTargetPlatform
[2019.02.21-01.32.06:628][  0]LogTemp: Display: Loaded TP TVOSTargetPlatform
[2019.02.21-01.32.06:629][  0]LogTemp: Display: Loaded TP TVOSTargetPlatform
[2019.02.21-01.32.06:643][  0]LogTemp: Display: Loaded TP LinuxClientTargetPlatform
[2019.02.21-01.32.06:658][  0]LogTemp: Display: Loaded TP LinuxNoEditorTargetPlatform
[2019.02.21-01.32.06:671][  0]LogTemp: Display: Loaded TP LinuxServerTargetPlatform
[2019.02.21-01.32.06:692][  0]LogTemp: Display: Loaded TP LinuxTargetPlatform
[2019.02.21-01.32.06:739][  0]LogTemp: Display: Loaded TP LuminTargetPlatform
[2019.02.21-01.32.06:739][  0]LogTemp: Display: Loaded TP LuminTargetPlatform
[2019.02.21-01.32.06:739][  0]LogTargetPlatformManager: Display: Building Assets For Windows
[2019.02.21-01.32.06:891][  0]LogShaderCompilers: Guid format shader working directory is -72 characters bigger than the processId version (../../../../../../Users/Alex Mao/Documents/Unreal Projects/StarlightOasis/ProjStarlightOasis/Intermediate/Shaders/WorkingDirectory/8196/).
[2019.02.21-01.32.06:891][  0]LogShaderCompilers: Cleaned the shader compiler working directory 'c:/Temp/UnrealShaderWorkingDir/475E29744537F2CC5B7412BE2B8842E1/'.
[2019.02.21-01.32.06:895][  0]LogXGEController: Cleaning working directory: c:/Temp/UnrealXGEWorkingDir/
[2019.02.21-01.32.06:895][  0]LogXGEController: Cannot use XGE Controller as Incredibuild is not installed on this machine.
[2019.02.21-01.32.06:895][  0]LogShaderCompilers: Cannot use XGE Shader Compiler as Incredibuild is not installed on this machine.
[2019.02.21-01.32.06:895][  0]LogShaderCompilers: Display: Using Local Shader Compiler.
[2019.02.21-01.32.08:702][  0]LogDerivedDataCache: Display: Max Cache Size: 512 MB
[2019.02.21-01.32.08:921][  0]LogDerivedDataCache: Loaded boot cache 0.22s 71MB C:/Users/Alex Mao/AppData/Local/UnrealEngine/4.21/DerivedDataCache/Boot.ddc.
[2019.02.21-01.32.08:921][  0]LogDerivedDataCache: Display: Loaded Boot cache: C:/Users/Alex Mao/AppData/Local/UnrealEngine/4.21/DerivedDataCache/Boot.ddc
[2019.02.21-01.32.08:921][  0]LogDerivedDataCache: FDerivedDataBackendGraph:  Pak pak cache file ../../../../../../Users/Alex Mao/Documents/Unreal Projects/StarlightOasis/ProjStarlightOasis/DerivedDataCache/DDC.ddp not found, will not use a pak cache.
[2019.02.21-01.32.08:921][  0]LogDerivedDataCache: Unable to find inner node Pak for hierarchical cache Hierarchy.
[2019.02.21-01.32.08:921][  0]LogDerivedDataCache: FDerivedDataBackendGraph:  CompressedPak pak cache file ../../../../../../Users/Alex Mao/Documents/Unreal Projects/StarlightOasis/ProjStarlightOasis/DerivedDataCache/Compressed.ddp not found, will not use a pak cache.
[2019.02.21-01.32.08:921][  0]LogDerivedDataCache: Unable to find inner node CompressedPak for hierarchical cache Hierarchy.
[2019.02.21-01.32.08:943][  0]LogDerivedDataCache: Display: Pak cache opened for reading ../../../Engine/DerivedDataCache/Compressed.ddp.
[2019.02.21-01.32.08:944][  0]LogDerivedDataCache: FDerivedDataBackendGraph:  EnterprisePak pak cache file ../../../Enterprise/DerivedDataCache/Compressed.ddp not found, will not use a pak cache.
[2019.02.21-01.32.08:944][  0]LogDerivedDataCache: Unable to find inner node EnterprisePak for hierarchical cache Hierarchy.
[2019.02.21-01.32.08:956][  0]LogDerivedDataCache: Using Local data cache path C:/Users/Alex Mao/AppData/Local/UnrealEngine/Common/DerivedDataCache: Writable
[2019.02.21-01.32.08:956][  0]LogDerivedDataCache: Shared data cache path not found in *engine.ini, will not use an Shared cache.
[2019.02.21-01.32.08:956][  0]LogDerivedDataCache: Unable to find inner node Shared for hierarchical cache Hierarchy.
[2019.02.21-01.32.08:979][  0]LogMaterial: Verifying Global Shaders for PCD3D_SM5
[2019.02.21-01.32.08:987][  0]LogSlate: Using FreeType 2.6.0
[2019.02.21-01.32.09:004][  0]LogSlate: SlateFontServices - WITH_FREETYPE: 1, WITH_HARFBUZZ: 1
[2019.02.21-01.32.09:336][  0]LogAssetRegistry: FAssetRegistry took 0.0362 seconds to start up
[2019.02.21-01.32.09:737][  0]LogInit: Selected Device Profile: [Windows]
[2019.02.21-01.32.10:080][  0]LogSimplygon: Simplygon DLL not present - disabling.
[2019.02.21-01.32.10:100][  0]LogMeshReduction: Using SimplygonSwarm for distributed automatic mesh merging
[2019.02.21-01.32.10:101][  0]LogMeshReduction: Using ProxyLODMeshReduction for automatic mesh merging
[2019.02.21-01.32.10:102][  0]LogMeshReduction: Using QuadricMeshReduction for automatic static mesh reduction
[2019.02.21-01.32.10:102][  0]LogMeshReduction: No automatic skeletal mesh reduction module available
[2019.02.21-01.32.10:161][  0]LogNetVersion: ProjStarlightOasis 1.0.0, NetCL: 4541578, EngineNetVer: 5, GameNetVer: 0 (Checksum: 461897118)
[2019.02.21-01.32.11:580][  0]LogPackageLocalizationCache: Processed 11 localized package path(s) for 2 prioritized culture(s) in 0.106595 seconds
[2019.02.21-01.32.11:588][  0]LogUObjectArray: 39775 objects as part of root set at end of initial load.
[2019.02.21-01.32.11:588][  0]LogUObjectAllocator: 6914656 out of 0 bytes used by permanent object pool.
[2019.02.21-01.32.11:588][  0]LogUObjectArray: CloseDisregardForGC: 0/0 objects in disregard for GC pool
[2019.02.21-01.32.15:346][  0]LogSubstanceCoreModule: Substance [CPU] Engine Loaded, Max Texture Size = 2048
[2019.02.21-01.32.15:366][  0]LogTcpMessaging: Initializing TcpMessaging bridge
[2019.02.21-01.32.15:385][  0]LogUdpMessaging: Initializing bridge on interface 0.0.0.0:0 to multicast group 230.0.0.1:6666.
[2019.02.21-01.32.16:246][  0]SourceControl: Source control is disabled
[2019.02.21-01.32.16:246][  0]SourceControl: Source control is disabled
[2019.02.21-01.32.16:260][  0]SourceControl: Source control is disabled
[2019.02.21-01.32.16:265][  0]SourceControl: Source control is disabled
[2019.02.21-01.32.16:597][  0]LogAndroidPermission: UAndroidPermissionCallbackProxy::GetInstance
[2019.02.21-01.32.16:693][  0]LogOcInput: OculusInput pre-init called
[2019.02.21-01.32.17:083][  0]LogEngine: Initializing Engine...
[2019.02.21-01.32.17:085][  0]LogHMD: Failed to initialize OpenVR with code 110
[2019.02.21-01.32.17:089][  0]LogStats: UGameplayTagsManager::ConstructGameplayTagTree: ImportINI prefixes -  0.000 s
[2019.02.21-01.32.17:089][  0]LogStats: UGameplayTagsManager::ConstructGameplayTagTree: Construct from data asset -  0.000 s
[2019.02.21-01.32.17:089][  0]LogStats: UGameplayTagsManager::ConstructGameplayTagTree: ImportINI -  0.000 s
[2019.02.21-01.32.17:089][  0]LogStats: UGameplayTagsManager::ConstructGameplayTagTree: GameplayTagTreeChangedEvent.Broadcast -  0.000 s
[2019.02.21-01.32.17:523][  0]LogInit: Initializing FReadOnlyCVARCache
[2019.02.21-01.32.17:554][  0]LogAIModule: Creating AISystem for world Untitled
[2019.02.21-01.32.17:598][  0]LogInit: XAudio2 using 'DELL U2518D (NVIDIA High Definition Audio)' : 2 channels at 48 kHz using 16 bits per sample (channel mask 0x3)
[2019.02.21-01.32.17:612][  0]LogInit: FAudioDevice initialized.
[2019.02.21-01.32.17:612][  0]LogNetVersion: Set ProjectVersion to 1.0.0.0. Version Checksum will be recalculated on next use.
[2019.02.21-01.32.17:684][  0]LogDerivedDataCache: Saved boot cache 0.07s 71MB C:/Users/Alex Mao/AppData/Local/UnrealEngine/4.21/DerivedDataCache/Boot.ddc.
[2019.02.21-01.32.17:694][  0]LogInit: Texture streaming: Enabled
[2019.02.21-01.32.17:718][  0]LogEngineSessionManager: EngineSessionManager initialized
[2019.02.21-01.32.17:745][  0]LogWindowsTextInputMethodSystem: Display: IME system now deactivated.
[2019.02.21-01.32.17:780][  0]LogInit: Transaction tracking system initialized
[2019.02.21-01.32.17:875][  0]BlueprintLog: New page: Editor Load
[2019.02.21-01.32.18:092][  0]LocalizationService: Localization service is disabled
[2019.02.21-01.32.19:027][  0]LogFileCache: Scanning file cache for directory 'C:/Users/Alex Mao/Documents/Unreal Projects/StarlightOasis/ProjStarlightOasis/Content/' took 0.02s
[2019.02.21-01.32.19:027][  0]LogCook: Display: Max memory allowance for cook 16384mb min free memory 0mb
[2019.02.21-01.32.19:027][  0]LogCook: Display: Mobile HDR setting 1
[2019.02.21-01.32.19:027][  0]LogGameplayTags: Display: UGameplayTagsManager::DoneAddingNativeTags. DelegateIsBound: 0
[2019.02.21-01.32.19:027][  0]LogStats: UGameplayTagsManager::ConstructGameplayTagTree: ImportINI prefixes -  0.000 s
[2019.02.21-01.32.19:027][  0]LogStats: UGameplayTagsManager::ConstructGameplayTagTree: Construct from data asset -  0.000 s
[2019.02.21-01.32.19:027][  0]LogStats: UGameplayTagsManager::ConstructGameplayTagTree: ImportINI -  0.000 s
[2019.02.21-01.32.19:027][  0]LogStats: UGameplayTagsManager::ConstructGameplayTagTree: GameplayTagTreeChangedEvent.Broadcast -  0.000 s
[2019.02.21-01.32.19:376][  0]SourceControl: Source control is disabled
[2019.02.21-01.32.19:377][  0]Cmd: MAP LOAD FILE="../../../../../../Users/Alex Mao/Documents/Unreal Projects/StarlightOasis/ProjStarlightOasis/Content/Levels/TestMap.umap" TEMPLATE=0 SHOWPROGRESS=1 FEATURELEVEL=3
[2019.02.21-01.32.19:383][  0]LightingResults: New page: Lighting Build
[2019.02.21-01.32.19:394][  0]MapCheck: New page: Map Check
[2019.02.21-01.32.19:394][  0]LightingResults: New page: Lighting Build
[2019.02.21-01.32.24:146][  0]LogAIModule: Creating AISystem for world TestMap
[2019.02.21-01.32.24:179][  0]LogEditorServer: Finished looking for orphan Actors (0.000 secs)
[2019.02.21-01.32.24:215][  0]Cmd: MAP CHECKDEP NOCLEARLOG
[2019.02.21-01.32.24:215][  0]MapCheck: Map check complete: 0 Error(s), 0 Warning(s), took 0.256ms to complete.
[2019.02.21-01.32.24:216][  0]LogFileHelpers: Loading map 'TestMap' took 4.839
[2019.02.21-01.32.24:401][  0]LogSlate: Updating window title bar state: overlay mode, drag disabled, window buttons hidden, title bar hidden
[2019.02.21-01.32.24:409][  0]LogSlate: Updating window title bar state: overlay mode, drag disabled, window buttons hidden, title bar hidden
[2019.02.21-01.32.24:417][  0]LogSlate: Updating window title bar state: overlay mode, drag disabled, window buttons hidden, title bar hidden
[2019.02.21-01.32.24:425][  0]LogSlate: Updating window title bar state: overlay mode, drag disabled, window buttons hidden, title bar hidden
[2019.02.21-01.32.24:446][  0]LogCollectionManager: Loaded 0 collections in 0.002351 seconds
[2019.02.21-01.32.24:489][  0]LogFileCache: Scanning file cache for directory 'C:/Users/Alex Mao/Documents/Unreal Projects/StarlightOasis/ProjStarlightOasis/Saved/Collections/' took 0.01s
[2019.02.21-01.32.24:489][  0]LogFileCache: Scanning file cache for directory 'C:/Users/Alex Mao/Documents/Unreal Projects/StarlightOasis/ProjStarlightOasis/Content/Developers/AlexMao/Collections/' took 0.01s
[2019.02.21-01.32.24:489][  0]LogFileCache: Scanning file cache for directory 'C:/Users/Alex Mao/Documents/Unreal Projects/StarlightOasis/ProjStarlightOasis/Content/Collections/' took 0.00s
[2019.02.21-01.32.24:489][  0]LogCollectionManager: Rebuilt the GUID cache for 0 collections in 0.000000 seconds
[2019.02.21-01.32.24:503][  0]LogContentBrowser: Native class hierarchy populated in 0.0118 seconds. Added 2665 classes and 626 folders.
[2019.02.21-01.32.24:517][  0]LogContentBrowser: Native class hierarchy updated for 'WidgetCarousel' in 0.0003 seconds. Added 0 classes and 0 folders.
[2019.02.21-01.32.24:529][  0]LogPakFile: Registered encryption key '00000000000000000000000000000000': 0 pak files mounted, 0 remain pending
[2019.02.21-01.32.24:538][  0]LogPakFile: Registered encryption key '00000000000000000000000000000000': 0 pak files mounted, 0 remain pending
[2019.02.21-01.32.24:566][  0]LogPakFile: Registered encryption key '00000000000000000000000000000000': 0 pak files mounted, 0 remain pending
[2019.02.21-01.32.24:572][  0]LogPakFile: Registered encryption key '00000000000000000000000000000000': 0 pak files mounted, 0 remain pending
[2019.02.21-01.32.24:579][  0]LogPakFile: Registered encryption key '00000000000000000000000000000000': 0 pak files mounted, 0 remain pending
[2019.02.21-01.32.24:586][  0]LogPakFile: Registered encryption key '00000000000000000000000000000000': 0 pak files mounted, 0 remain pending
[2019.02.21-01.32.24:592][  0]LogPakFile: Registered encryption key '00000000000000000000000000000000': 0 pak files mounted, 0 remain pending
[2019.02.21-01.32.24:598][  0]LogPakFile: Registered encryption key '00000000000000000000000000000000': 0 pak files mounted, 0 remain pending
[2019.02.21-01.32.24:606][  0]LogPakFile: Registered encryption key '00000000000000000000000000000000': 0 pak files mounted, 0 remain pending
[2019.02.21-01.32.24:614][  0]LogPakFile: Registered encryption key '00000000000000000000000000000000': 0 pak files mounted, 0 remain pending
[2019.02.21-01.32.24:620][  0]LogPakFile: Registered encryption key '00000000000000000000000000000000': 0 pak files mounted, 0 remain pending
[2019.02.21-01.32.24:626][  0]LogPakFile: Registered encryption key '00000000000000000000000000000000': 0 pak files mounted, 0 remain pending
[2019.02.21-01.32.24:633][  0]LogPakFile: Registered encryption key '00000000000000000000000000000000': 0 pak files mounted, 0 remain pending
[2019.02.21-01.32.24:640][  0]LogPakFile: Registered encryption key '00000000000000000000000000000000': 0 pak files mounted, 0 remain pending
[2019.02.21-01.32.24:647][  0]LogPakFile: Registered encryption key '00000000000000000000000000000000': 0 pak files mounted, 0 remain pending
[2019.02.21-01.32.24:653][  0]LogPakFile: Registered encryption key '00000000000000000000000000000000': 0 pak files mounted, 0 remain pending
[2019.02.21-01.32.24:695][  0]LogPakFile: Registered encryption key '00000000000000000000000000000000': 0 pak files mounted, 0 remain pending
[2019.02.21-01.32.24:701][  0]LogPakFile: Registered encryption key '00000000000000000000000000000000': 0 pak files mounted, 0 remain pending
[2019.02.21-01.32.24:707][  0]LogPakFile: Registered encryption key '00000000000000000000000000000000': 0 pak files mounted, 0 remain pending
[2019.02.21-01.32.24:712][  0]LogPakFile: Registered encryption key '00000000000000000000000000000000': 0 pak files mounted, 0 remain pending
[2019.02.21-01.32.24:767][  0]LogPakFile: Registered encryption key '00000000000000000000000000000000': 0 pak files mounted, 0 remain pending
[2019.02.21-01.32.24:773][  0]LogPakFile: Registered encryption key '00000000000000000000000000000000': 0 pak files mounted, 0 remain pending
[2019.02.21-01.32.24:781][  0]LogPakFile: Registered encryption key '00000000000000000000000000000000': 0 pak files mounted, 0 remain pending
[2019.02.21-01.32.24:789][  0]LogPakFile: Registered encryption key '00000000000000000000000000000000': 0 pak files mounted, 0 remain pending
[2019.02.21-01.32.24:796][  0]LogPakFile: Registered encryption key '00000000000000000000000000000000': 0 pak files mounted, 0 remain pending
[2019.02.21-01.32.24:802][  0]LogPakFile: Registered encryption key '00000000000000000000000000000000': 0 pak files mounted, 0 remain pending
[2019.02.21-01.32.24:973][  0]LogContentBrowser: Native class hierarchy updated for 'AddContentDialog' in 0.0003 seconds. Added 0 classes and 0 folders.
[2019.02.21-01.32.24:986][  0]LogContentBrowser: Native class hierarchy updated for 'SceneOutliner' in 0.0002 seconds. Added 1 classes and 2 folders.
[2019.02.21-01.32.25:151][  0]LogSlate: Took 0.006386 seconds to synchronously load lazily loaded font '../../../Engine/Content/Slate/Fonts/Roboto-Regular.ttf' (155K)
[2019.02.21-01.32.25:161][  0]LogSlate: Took 0.007373 seconds to synchronously load lazily loaded font '../../../Engine/Content/Slate/Fonts/Roboto-Bold.ttf' (160K)
[2019.02.21-01.32.25:176][  0]LogSlate: Took 0.007233 seconds to synchronously load lazily loaded font '../../../Engine/Content/Editor/Slate/Fonts/FontAwesome.ttf' (139K)
[2019.02.21-01.32.25:378][  0]LogRenderer: Reallocating scene render targets to support 1288x624 Format 10 NumSamples 1 (Frame:1).
[2019.02.21-01.32.25:579][  0]LogContentBrowser: Native class hierarchy updated for 'HierarchicalLODOutliner' in 0.0004 seconds. Added 0 classes and 0 folders.
[2019.02.21-01.32.25:579][  0]LogLoad: (Engine Initialization) Total time: 28.03 seconds
[2019.02.21-01.32.25:579][  0]LogLoad: (Engine Initialization) Total Blueprint compile time: 0.00 seconds
[2019.02.21-01.32.25:648][  0]LogContentStreaming: Texture pool size now 1000 MB
[2019.02.21-01.32.25:691][  1]LogSubstanceLiveLink: Warning: Unable to send data along socket, closing connection
[2019.02.21-01.32.25:713][  1]LogScript: Warning: Script Msg: Attempted to access index 0 from array 'CallFunc_GetAllActorsOfClass_OutActors' of length 0 in '/Game/GameObjects/Planets/GenericPlanet.GenericPlanet_C:UserConstructionScript'!
[2019.02.21-01.32.26:096][  4]LogAssetRegistry: Asset discovery search completed in 16.7827 seconds
[2019.02.21-01.32.26:098][  4]LogCollectionManager: Rebuilt the object cache for 0 collections in 0.000000 seconds (found 0 objects)
[2019.02.21-01.32.26:098][  4]LogCollectionManager: Fixed up redirectors for 0 collections in 0.000056 seconds (updated 0 objects)
[2019.02.21-02.16.48:526][478]LogSlate: FSceneViewport::OnFocusLost() reason 0
[2019.02.21-02.24.31:927][115]LogSlate: Took 0.007008 seconds to synchronously load lazily loaded font '../../../Engine/Content/Slate/Fonts/Roboto-Light.ttf' (167K)
[2019.02.21-02.24.31:936][115]LogAssetEditorManager: Opening Asset editor for Blueprint /Game/GameObjects/Star/Generic_Star.Generic_Star
[2019.02.21-02.24.32:489][115]LogContentBrowser: Native class hierarchy updated for 'BlueprintGraph' in 0.0006 seconds. Added 117 classes and 0 folders.
[2019.02.21-02.24.33:313][115]LogSlate: Took 0.005121 seconds to synchronously load lazily loaded font '../../../Engine/Content/Slate/Fonts/Roboto-BoldCondensed.ttf' (158K)
[2019.02.21-02.24.33:471][116]LogSlate: Took 0.004607 seconds to synchronously load lazily loaded font '../../../Engine/Content/Slate/Fonts/Roboto-Italic.ttf' (157K)
[2019.02.21-02.26.44:152][471]LogSlate: Window 'Generic_Star' being destroyed
[2019.02.21-02.26.44:157][471]LogSlate: Window 'Generic_Star' being destroyed
[2019.02.21-02.31.20:502][224]LogSlate: Window 'Pick Parent Class' being destroyed
[2019.02.21-02.31.20:540][225]LogUnrealEdMisc: Warning: Heartbeat event firing too frequently (0.000 sec). This should never happen. Something is wrong with the timer delegate!
[2019.02.21-02.31.20:540][225]LogUnrealEdMisc: Warning: Heartbeat event firing too frequently (0.000 sec). This should never happen. Something is wrong with the timer delegate!
[2019.02.21-02.31.20:540][225]LogUnrealEdMisc: Warning: Heartbeat event firing too frequently (0.000 sec). This should never happen. Something is wrong with the timer delegate!
[2019.02.21-02.31.25:595][829]LogUnrealEdMisc: Warning: Heartbeat event firing too frequently (5.054 sec). This should never happen. Something is wrong with the timer delegate!
[2019.02.21-02.32.24:887][585]LogAssetEditorManager: Opening Asset editor for Blueprint /Game/GameObjects/Star/Generic_Star_System.Generic_Star_System
[2019.02.21-02.32.25:218][585]LogRenderer: Reallocating scene render targets to support 1304x772 Format 10 NumSamples 1 (Frame:1).
[2019.02.21-02.33.01:948][343]BlueprintLog: New page: Compile Generic_Star_System
[2019.02.21-02.36.25:951][614]BlueprintLog: New page: Compile Generic_Star_System
[2019.02.21-02.36.26:480][648]LogSavePackage: Moving '../../../../../../Users/Alex Mao/Documents/Unreal Projects/StarlightOasis/ProjStarlightOasis/Saved/Generic_Star_System1E6B8FC447B8EBE6A350CF888DDE92A5.tmp' to '../../../../../../Users/Alex Mao/Documents/Unreal Projects/StarlightOasis/ProjStarlightOasis/Content/GameObjects/Star/Generic_Star_System.uasset'
[2019.02.21-02.37.03:785][688]LogSlate: FSceneViewport::OnFocusLost() reason 0
[2019.02.21-02.37.47:688][274]BlueprintLog: New page: Compile Generic_Star_System
[2019.02.21-02.37.48:311][313]LogSavePackage: Moving '../../../../../../Users/Alex Mao/Documents/Unreal Projects/StarlightOasis/ProjStarlightOasis/Saved/Generic_Star_SystemD153C5574F770E4E819625AD06881787.tmp' to '../../../../../../Users/Alex Mao/Documents/Unreal Projects/StarlightOasis/ProjStarlightOasis/Content/GameObjects/Star/Generic_Star_System.uasset'
[2019.02.21-02.38.01:911][880]LogSlate: Took 0.006056 seconds to synchronously load lazily loaded font '../../../Engine/Content/Slate/Fonts/Roboto-BoldCondensedItalic.ttf' (160K)
[2019.02.21-02.38.20:902][ 72]BlueprintLog: New page: Compile Generic_Star_System
[2019.02.21-02.38.21:600][125]LogSavePackage: Moving '../../../../../../Users/Alex Mao/Documents/Unreal Projects/StarlightOasis/ProjStarlightOasis/Saved/Generic_Star_System03A7A2E94290DC1918632194E23A8371.tmp' to '../../../../../../Users/Alex Mao/Documents/Unreal Projects/StarlightOasis/ProjStarlightOasis/Content/GameObjects/Star/Generic_Star_System.uasset'
[2019.02.21-02.38.34:742][646]LogSlate: FSceneViewport::OnFocusLost() reason 0
[2019.02.21-02.38.46:944][100]LogAssetEditorManager: Opening Asset editor for Blueprint /Game/GameObjects/Spaceship/Spaceship_SpaceFlight.Spaceship_SpaceFlight
[2019.02.21-02.48.50:524][480]LogFileHelpers: Editor autosave (incl. sublevels) for '/Game/Levels/TestMap' took 0.030
[2019.02.21-02.48.50:526][480]OBJ SavePackage: Generating thumbnails for [1] asset(s) in package [/Game/GameObjects/Spaceship/Spaceship_SpaceFlight] ([1] browsable assets)...
[2019.02.21-02.48.50:538][480]OBJ SavePackage:     Rendered thumbnail for [Blueprint /Game/GameObjects/Spaceship/Spaceship_SpaceFlight.Spaceship_SpaceFlight]
[2019.02.21-02.48.50:538][480]OBJ SavePackage: Finished generating thumbnails for package [/Game/GameObjects/Spaceship/Spaceship_SpaceFlight]
[2019.02.21-02.48.50:735][480]LogSavePackage: Moving '../../../../../../Users/Alex Mao/Documents/Unreal Projects/StarlightOasis/ProjStarlightOasis/Saved/Spaceship_SpaceFlight_Auto1B2F904AE430A721EB9449A8DDF4FB20F.tmp' to '../../../../../../Users/Alex Mao/Documents/Unreal Projects/StarlightOasis/ProjStarlightOasis/Saved/Autosaves/Game/GameObjects/Spaceship/Spaceship_SpaceFlight_Auto1.uasset'
[2019.02.21-02.48.50:737][480]LogFileHelpers: Auto-saving content packages took 0.212
[2019.02.21-03.08.15:118][ 62]BlueprintLog: New page: Compile Spaceship_SpaceFlight
[2019.02.21-03.08.16:217][101]LogSavePackage: Moving '../../../../../../Users/Alex Mao/Documents/Unreal Projects/StarlightOasis/ProjStarlightOasis/Saved/Spaceship_SpaceFlightA9528D9A44371CA2A07CE2BE669669DD.tmp' to '../../../../../../Users/Alex Mao/Documents/Unreal Projects/StarlightOasis/ProjStarlightOasis/Content/GameObjects/Spaceship/Spaceship_SpaceFlight.uasset'
[2019.02.21-03.08.17:818][251]LogSlate: Window 'Spaceship_SpaceFlight' being destroyed
[2019.02.21-03.08.17:821][251]LogSlate: Window 'Spaceship_SpaceFlight' being destroyed
[2019.02.21-03.08.17:892][251]LogActorComponent: UnregisterComponent: (/Engine/Transient.EditorFloorComp) Not registered. Aborting.
[2019.02.21-03.08.20:088][477]LogSavePackage: Moving '../../../../../../Users/Alex Mao/Documents/Unreal Projects/StarlightOasis/ProjStarlightOasis/Saved/TestMapC09D588944A1BEE4EFD60D8852071AD0.tmp' to '../../../../../../Users/Alex Mao/Documents/Unreal Projects/StarlightOasis/ProjStarlightOasis/Content/Levels/TestMap.umap'
[2019.02.21-03.08.21:524][629]LogSlate: Window 'ProjStarlightOasis - Unreal Editor' being destroyed
[2019.02.21-03.08.21:525][629]LogWindowsTextInputMethodSystem: Display: IME system now deactivated.
[2019.02.21-03.08.21:722][630]Cmd: QUIT_EDITOR
[2019.02.21-03.08.21:755][630]LogExit: Preparing to exit.
[2019.02.21-03.08.22:303][630]LogExit: Editor shut down
[2019.02.21-03.08.22:304][630]LogExit: Transaction tracking system shut down
[2019.02.21-03.08.22:558][630]LogExit: Object subsystem successfully closed.
[2019.02.21-03.08.22:574][630]LogShaderCompilers: Display: Shaders left to compile 0
[2019.02.21-03.08.22:580][630]LogD3D11RHI: Shutdown
[2019.02.21-03.08.22:580][630]LogD3D11RHI: CleanupD3DDevice
[2019.02.21-03.08.22:584][630]LogD3D11RHI: ~FD3D11DynamicRHI
[2019.02.21-03.08.22:613][630]LogModuleManager: Shutting down and abandoning module HierarchicalLODUtilities (634)
[2019.02.21-03.08.22:613][630]LogModuleManager: Shutting down and abandoning module BlueprintGraph (632)
[2019.02.21-03.08.22:613][630]LogModuleManager: Shutting down and abandoning module HierarchicalLODOutliner (630)
[2019.02.21-03.08.22:613][630]LogModuleManager: Shutting down and abandoning module SceneOutliner (628)
[2019.02.21-03.08.22:613][630]LogModuleManager: Shutting down and abandoning module AddContentDialog (626)
[2019.02.21-03.08.22:613][630]LogModuleManager: Shutting down and abandoning module WidgetCarousel (625)
[2019.02.21-03.08.22:613][630]LogModuleManager: Shutting down and abandoning module EditorWidgets (622)
[2019.02.21-03.08.22:613][630]LogModuleManager: Shutting down and abandoning module CollectionManager (620)
[2019.02.21-03.08.22:614][630]LogModuleManager: Shutting down and abandoning module StatsViewer (618)
[2019.02.21-03.08.22:614][630]LogModuleManager: Shutting down and abandoning module FoliageEdit (616)
[2019.02.21-03.08.22:614][630]LogModuleManager: Shutting down and abandoning module LandscapeEditor (614)
[2019.02.21-03.08.22:615][630]LogModuleManager: Shutting down and abandoning module MeshPaintMode (612)
[2019.02.21-03.08.22:615][630]LogModuleManager: Shutting down and abandoning module SceneDepthPickerMode (610)
[2019.02.21-03.08.22:615][630]LogModuleManager: Shutting down and abandoning module ActorPickerMode (608)
[2019.02.21-03.08.22:615][630]LogModuleManager: Shutting down and abandoning module GeometryMode (606)
[2019.02.21-03.08.22:615][630]LogModuleManager: Shutting down and abandoning module TextureAlignMode (604)
[2019.02.21-03.08.22:615][630]LogModuleManager: Shutting down and abandoning module BspMode (602)
[2019.02.21-03.08.22:615][630]LogModuleManager: Shutting down and abandoning module PIEPreviewDeviceProfileSelector (600)
[2019.02.21-03.08.22:615][630]LogModuleManager: Shutting down and abandoning module SequenceRecorderSections (598)
[2019.02.21-03.08.22:615][630]LogModuleManager: Shutting down and abandoning module AutomationWorker (596)
[2019.02.21-03.08.22:615][630]LogModuleManager: Shutting down and abandoning module AudioCaptureEditor (594)
[2019.02.21-03.08.22:615][630]LogModuleManager: Shutting down and abandoning module MatineeToLevelSequence (592)
[2019.02.21-03.08.22:615][630]LogModuleManager: Shutting down and abandoning module LevelSequenceEditor (590)
[2019.02.21-03.08.22:616][630]LogModuleManager: Shutting down and abandoning module PlacementMode (589)
[2019.02.21-03.08.22:616][630]LogModuleManager: Shutting down and abandoning module MaterialEditor (588)
[2019.02.21-03.08.22:617][630]LogModuleManager: Shutting down and abandoning module WmfMediaFactory (584)
[2019.02.21-03.08.22:617][630]LogModuleManager: Shutting down and abandoning module WmfMediaEditor (582)
[2019.02.21-03.08.22:617][630]LogModuleManager: Shutting down and abandoning module WebMMediaFactory (580)
[2019.02.21-03.08.22:617][630]LogModuleManager: Shutting down and abandoning module WebMMediaEditor (578)
[2019.02.21-03.08.22:617][630]LogModuleManager: Shutting down and abandoning module WebMMedia (576)
[2019.02.21-03.08.22:617][630]LogModuleManager: Shutting down and abandoning module MediaPlayerEditor (574)
[2019.02.21-03.08.22:617][630]LogModuleManager: Shutting down and abandoning module MediaCompositingEditor (572)
[2019.02.21-03.08.22:617][630]LogModuleManager: Shutting down and abandoning module SequenceRecorder (571)
[2019.02.21-03.08.22:617][630]LogModuleManager: Shutting down and abandoning module OpenExrWrapper (568)
[2019.02.21-03.08.22:617][630]LogModuleManager: Shutting down and abandoning module ImgMediaFactory (566)
[2019.02.21-03.08.22:617][630]LogModuleManager: Shutting down and abandoning module ImgMediaEditor (564)
[2019.02.21-03.08.22:618][630]LogModuleManager: Shutting down and abandoning module AvfMediaFactory (562)
[2019.02.21-03.08.22:618][630]LogModuleManager: Shutting down and abandoning module AvfMediaEditor (560)
[2019.02.21-03.08.22:618][630]LogModuleManager: Shutting down and abandoning module AndroidMediaFactory (558)
[2019.02.21-03.08.22:618][630]LogModuleManager: Shutting down and abandoning module AndroidMediaEditor (556)
[2019.02.21-03.08.22:618][630]LogModuleManager: Shutting down and abandoning module MagicLeapCameraPreviewFactory (554)
[2019.02.21-03.08.22:618][630]LogModuleManager: Shutting down and abandoning module MagicLeapMediaFactory (552)
[2019.02.21-03.08.22:618][630]LogModuleManager: Shutting down and abandoning module MagicLeapMediaEditor (550)
[2019.02.21-03.08.22:618][630]LogModuleManager: Shutting down and abandoning module CharacterAI (548)
[2019.02.21-03.08.22:618][630]LogModuleManager: Shutting down and abandoning module SmartSnapping (546)
[2019.02.21-03.08.22:618][630]LogModuleManager: Shutting down and abandoning module SessionServices (544)
[2019.02.21-03.08.22:618][630]LogModuleManager: Shutting down and abandoning module ViewportSnapping (542)
[2019.02.21-03.08.22:618][630]LogModuleManager: Shutting down and abandoning module ViewportInteraction (540)
[2019.02.21-03.08.22:618][630]LogModuleManager: Shutting down and abandoning module ClothPainter (538)
[2019.02.21-03.08.22:618][630]LogModuleManager: Shutting down and abandoning module SkeletalMeshEditor (537)
[2019.02.21-03.08.22:619][630]LogModuleManager: Shutting down and abandoning module LogVisualizer (534)
[2019.02.21-03.08.22:620][630]LogModuleManager: Shutting down and abandoning module IntroTutorials (532)
[2019.02.21-03.08.22:620][630]LogModuleManager: Shutting down and abandoning module GameProjectGeneration (531)
[2019.02.21-03.08.22:620][630]LogModuleManager: Shutting down and abandoning module LuminPlatformEditor (528)
[2019.02.21-03.08.22:620][630]LogModuleManager: Shutting down and abandoning module IOSPlatformEditor (526)
[2019.02.21-03.08.22:620][630]LogModuleManager: Shutting down and abandoning module HTML5PlatformEditor (524)
[2019.02.21-03.08.22:620][630]LogModuleManager: Shutting down and abandoning module AndroidPlatformEditor (522)
[2019.02.21-03.08.22:620][630]LogModuleManager: Shutting down and abandoning module AndroidDeviceDetection (521)
[2019.02.21-03.08.23:487][630]LogModuleManager: Shutting down and abandoning module WindowsPlatformEditor (518)
[2019.02.21-03.08.23:487][630]LogModuleManager: Shutting down and abandoning module LuminRuntimeSettings (516)
[2019.02.21-03.08.23:487][630]LogModuleManager: Shutting down and abandoning module IOSRuntimeSettings (514)
[2019.02.21-03.08.23:487][630]LogModuleManager: Shutting down and abandoning module AndroidRuntimeSettings (512)
[2019.02.21-03.08.23:487][630]LogModuleManager: Shutting down and abandoning module TimeManagementEditor (510)
[2019.02.21-03.08.23:487][630]LogModuleManager: Shutting down and abandoning module InputBindingEditor (508)
[2019.02.21-03.08.23:495][630]LogModuleManager: Shutting down and abandoning module MergeActors (506)
[2019.02.21-03.08.23:495][630]LogModuleManager: Shutting down and abandoning module LocalizationDashboard (504)
[2019.02.21-03.08.23:495][630]LogModuleManager: Shutting down and abandoning module LocalizationService (503)
[2019.02.21-03.08.23:495][630]LogModuleManager: Shutting down and abandoning module HardwareTargeting (500)
[2019.02.21-03.08.23:495][630]LogModuleManager: Shutting down and abandoning module DeviceProfileEditor (498)
[2019.02.21-03.08.23:495][630]LogModuleManager: Shutting down and abandoning module UndoHistory (496)
[2019.02.21-03.08.23:495][630]LogModuleManager: Shutting down and abandoning module XmlParser (494)
[2019.02.21-03.08.23:495][630]LogModuleManager: Shutting down and abandoning module Blutility (492)
[2019.02.21-03.08.23:495][630]LogModuleManager: Shutting down and abandoning module ProjectSettingsViewer (490)
[2019.02.21-03.08.23:495][630]LogModuleManager: Shutting down and abandoning module ProjectTargetPlatformEditor (489)
[2019.02.21-03.08.23:496][630]LogModuleManager: Shutting down and abandoning module EditorSettingsViewer (486)
[2019.02.21-03.08.23:496][630]LogModuleManager: Shutting down and abandoning module SettingsEditor (484)
[2019.02.21-03.08.23:496][630]LogModuleManager: Shutting down and abandoning module ProjectLauncher (482)
[2019.02.21-03.08.23:496][630]LogModuleManager: Shutting down and abandoning module SessionFrontend (480)
[2019.02.21-03.08.23:496][630]LogModuleManager: Shutting down and abandoning module ProfilerClient (478)
[2019.02.21-03.08.23:497][630]LogModuleManager: Shutting down and abandoning module DeviceManager (476)
[2019.02.21-03.08.23:497][630]LogModuleManager: Shutting down and abandoning module TargetDeviceServices (475)
[2019.02.21-03.08.23:551][630]LogModuleManager: Shutting down and abandoning module AutomationController (472)
[2019.02.21-03.08.23:551][630]LogModuleManager: Shutting down and abandoning module AutomationWindow (470)
[2019.02.21-03.08.23:552][630]LogModuleManager: Shutting down and abandoning module Layers (468)
[2019.02.21-03.08.23:554][630]LogModuleManager: Shutting down and abandoning module ComponentVisualizers (466)
[2019.02.21-03.08.23:554][630]LogModuleManager: Shutting down and abandoning module DetailCustomizations (464)
[2019.02.21-03.08.23:554][630]LogModuleManager: Shutting down and abandoning module PackagesDialog (462)
[2019.02.21-03.08.23:554][630]LogModuleManager: Shutting down and abandoning module Persona (460)
[2019.02.21-03.08.23:555][630]LogModuleManager: Shutting down and abandoning module AdvancedPreviewScene (459)
[2019.02.21-03.08.23:555][630]LogModuleManager: Shutting down and abandoning module AnimGraph (457)
[2019.02.21-03.08.23:555][630]LogModuleManager: Shutting down and abandoning module Kismet (454)
[2019.02.21-03.08.23:558][630]LogModuleManager: Shutting down and abandoning module GraphEditor (452)
[2019.02.21-03.08.23:559][630]LogModuleManager: Shutting down and abandoning module ClassViewer (450)
[2019.02.21-03.08.23:559][630]LogModuleManager: Shutting down and abandoning module Toolbox (448)
[2019.02.21-03.08.23:559][630]LogModuleManager: Shutting down and abandoning module ModuleUI (446)
[2019.02.21-03.08.23:560][630]LogModuleManager: Shutting down and abandoning module MovieSceneTools (444)
[2019.02.21-03.08.23:560][630]LogModuleManager: Shutting down and abandoning module OutputLog (442)
[2019.02.21-03.08.23:560][630]LogModuleManager: Shutting down and abandoning module GammaUI (440)
[2019.02.21-03.08.23:561][630]LogModuleManager: Shutting down and abandoning module Documentation (438)
[2019.02.21-03.08.23:561][630]LogModuleManager: Shutting down and abandoning module MovieSceneTracks (436)
[2019.02.21-03.08.23:561][630]LogModuleManager: Shutting down and abandoning module MovieScene (434)
[2019.02.21-03.08.23:561][630]LogModuleManager: Shutting down and abandoning module StreamingPauseRendering (432)
[2019.02.21-03.08.23:561][630]LogModuleManager: Shutting down and abandoning module LauncherPlatform (430)
[2019.02.21-03.08.23:561][630]LogModuleManager: Shutting down and abandoning module AnalyticsET (428)
[2019.02.21-03.08.23:561][630]LogModuleManager: Shutting down and abandoning module PortalServices (426)
[2019.02.21-03.08.23:561][630]LogModuleManager: Shutting down and abandoning module PortalRpc (424)
[2019.02.21-03.08.23:561][630]LogModuleManager: Shutting down and abandoning module MessagingRpc (422)
[2019.02.21-03.08.23:561][630]LogModuleManager: Shutting down and abandoning module AIModule (420)
[2019.02.21-03.08.23:561][630]LogModuleManager: Shutting down and abandoning module GameplayDebugger (419)
[2019.02.21-03.08.23:561][630]LogModuleManager: Shutting down and abandoning module AITestSuite (417)
[2019.02.21-03.08.23:561][630]LogModuleManager: Shutting down and abandoning module NavigationSystem (415)
[2019.02.21-03.08.23:561][630]LogModuleManager: Shutting down and abandoning module DesktopPlatform (412)
[2019.02.21-03.08.23:561][630]LogModuleManager: Shutting down and abandoning module ImageWriteQueue (410)
[2019.02.21-03.08.23:565][630]LogModuleManager: Shutting down and abandoning module ProfilerService (408)
[2019.02.21-03.08.23:797][630]LogModuleManager: Shutting down and abandoning module TaskGraph (406)
[2019.02.21-03.08.23:797][630]LogModuleManager: Shutting down and abandoning module SubstanceLiveLink (404)
[2019.02.21-03.08.23:797][630]LogModuleManager: Shutting down and abandoning module SubstanceSource (402)
[2019.02.21-03.08.23:797][630]LogModuleManager: Shutting down and abandoning module SubstanceEditor (400)
[2019.02.21-03.08.23:797][630]LogModuleManager: Shutting down and abandoning module SteamVRController (398)
[2019.02.21-03.08.23:797][630]LogModuleManager: Shutting down and abandoning module ProceduralMeshComponentEditor (396)
[2019.02.21-03.08.23:797][630]LogModuleManager: Shutting down and abandoning module ProceduralMeshComponent (394)
[2019.02.21-03.08.23:797][630]LogModuleManager: Shutting down and abandoning module OculusInput (392)
[2019.02.21-03.08.23:797][630]LogModuleManager: Shutting down and abandoning module MobilePatchingUtils (390)
[2019.02.21-03.08.23:797][630]LogModuleManager: Shutting down and abandoning module EditableMesh (388)
[2019.02.21-03.08.23:797][630]LogModuleManager: Shutting down and abandoning module CustomMeshComponent (386)
[2019.02.21-03.08.23:798][630]LogModuleManager: Shutting down and abandoning module CableComponent (384)
[2019.02.21-03.08.23:798][630]LogModuleManager: Shutting down and abandoning module AudioCapture (382)
[2019.02.21-03.08.23:798][630]LogModuleManager: Shutting down and abandoning module ArchVisCharacter (380)
[2019.02.21-03.08.23:798][630]LogModuleManager: Shutting down and abandoning module AndroidPermission (378)
[2019.02.21-03.08.23:798][630]LogModuleManager: Shutting down and abandoning module NUTUnrealEngine4 (376)
[2019.02.21-03.08.23:798][630]LogModuleManager: Shutting down and abandoning module NetcodeUnitTest (374)
[2019.02.21-03.08.23:798][630]LogModuleManager: Shutting down and abandoning module MediaCompositing (372)
[2019.02.21-03.08.23:798][630]LogModuleManager: Shutting down and abandoning module LinearTimecode (370)
[2019.02.21-03.08.23:798][630]LogModuleManager: Shutting down and abandoning module ImgMedia (368)
[2019.02.21-03.08.23:802][630]LogModuleManager: Shutting down and abandoning module HTML5Networking (366)
[2019.02.21-03.08.23:802][630]LogModuleManager: Shutting down and abandoning module GeometryCacheTracks (364)
[2019.02.21-03.08.23:802][630]LogModuleManager: Shutting down and abandoning module GeometryCacheSequencer (362)
[2019.02.21-03.08.23:802][630]LogModuleManager: Shutting down and abandoning module BackChannel (360)
[2019.02.21-03.08.23:802][630]LogModuleManager: Shutting down and abandoning module AppleVision (358)
[2019.02.21-03.08.23:802][630]LogModuleManager: Shutting down and abandoning module AppleImageUtilsBlueprintSupport (356)
[2019.02.21-03.08.23:802][630]LogModuleManager: Shutting down and abandoning module AppleImageUtils (354)
[2019.02.21-03.08.23:802][630]LogModuleManager: Shutting down and abandoning module AlembicImporter (352)
[2019.02.21-03.08.23:802][630]LogModuleManager: Shutting down and abandoning module AlembicLibrary (351)
[2019.02.21-03.08.23:802][630]LogModuleManager: Shutting down and abandoning module GeometryCache (350)
[2019.02.21-03.08.23:802][630]LogModuleManager: Shutting down and abandoning module GeometryCacheEd (349)
[2019.02.21-03.08.23:802][630]LogModuleManager: Shutting down and abandoning module VariantManagerContent (344)
[2019.02.21-03.08.23:802][630]LogModuleManager: Shutting down and abandoning module DatasmithContentEditor (342)
[2019.02.21-03.08.23:802][630]LogModuleManager: Shutting down and abandoning module SpeedTreeImporter (340)
[2019.02.21-03.08.23:802][630]LogModuleManager: Shutting down and abandoning module PluginBrowser (338)
[2019.02.21-03.08.23:803][630]LogModuleManager: Shutting down and abandoning module MobileLauncherProfileWizard (336)
[2019.02.21-03.08.23:804][630]LogModuleManager: Shutting down and abandoning module PolygonModeling (334)
[2019.02.21-03.08.23:804][630]LogModuleManager: Shutting down and abandoning module MeshEditor (332)
[2019.02.21-03.08.23:804][630]LogModuleManager: Shutting down and abandoning module CryptoKeysOpenSSL (330)
[2019.02.21-03.08.23:804][630]LogModuleManager: Shutting down and abandoning module CryptoKeys (328)
[2019.02.21-03.08.23:804][630]LogModuleManager: Shutting down and abandoning module VisualStudioSourceCodeAccess (326)
[2019.02.21-03.08.23:804][630]LogModuleManager: Shutting down and abandoning module VisualStudioCodeSourceCodeAccess (324)
[2019.02.21-03.08.23:804][630]LogModuleManager: Shutting down and abandoning module UObjectPlugin (322)
[2019.02.21-03.08.23:804][630]LogModuleManager: Shutting down and abandoning module SubversionSourceControl (320)
[2019.02.21-03.08.23:804][630]LogModuleManager: Shutting down and abandoning module PerforceSourceControl (318)
[2019.02.21-03.08.23:804][630]LogModuleManager: Shutting down and abandoning module GitSourceControl (316)
[2019.02.21-03.08.23:804][630]LogModuleManager: Shutting down and abandoning module SourceControl (315)
[2019.02.21-03.08.23:804][630]LogModuleManager: Shutting down and abandoning module CLionSourceCodeAccess (312)
[2019.02.21-03.08.23:804][630]LogModuleManager: Shutting down and abandoning module ActorLayerUtilitiesEditor (310)
[2019.02.21-03.08.23:804][630]LogModuleManager: Shutting down and abandoning module ActorLayerUtilities (308)
[2019.02.21-03.08.23:804][630]LogModuleManager: Shutting down and abandoning module LightPropagationVolumeEditor (306)
[2019.02.21-03.08.23:804][630]LogModuleManager: Shutting down and abandoning module PaperTiledImporter (304)
[2019.02.21-03.08.23:804][630]LogModuleManager: Shutting down and abandoning module PaperSpriteSheetImporter (302)
[2019.02.21-03.08.23:804][630]LogModuleManager: Shutting down and abandoning module Paper2DEditor (300)
[2019.02.21-03.08.23:805][630]LogModuleManager: Shutting down and abandoning module MeshPaint (299)
[2019.02.21-03.08.23:805][630]LogModuleManager: Shutting down and abandoning module RuntimePhysXCooking (296)
[2019.02.21-03.08.23:805][630]LogModuleManager: Shutting down and abandoning module PhysXVehiclesEditor (294)
[2019.02.21-03.08.23:805][630]LogModuleManager: Shutting down and abandoning module PhysXVehicles (292)
[2019.02.21-03.08.23:805][630]LogModuleManager: Shutting down and abandoning module OculusEditor (290)
[2019.02.21-03.08.23:805][630]LogModuleManager: Shutting down and abandoning module LocationServicesBPLibrary (288)
[2019.02.21-03.08.23:805][630]LogModuleManager: Shutting down and abandoning module ActorSequence (286)
[2019.02.21-03.08.23:805][630]LogModuleManager: Shutting down and abandoning module UdpMessaging (284)
[2019.02.21-03.08.23:906][630]LogModuleManager: Shutting down and abandoning module TcpMessaging (282)
[2019.02.21-03.08.24:007][630]LogModuleManager: Shutting down and abandoning module SubstanceCore (280)
[2019.02.21-03.08.24:007][630]LogModuleManager: Shutting down and abandoning module MagicLeapAudio (278)
[2019.02.21-03.08.24:007][630]LogModuleManager: Shutting down and abandoning module GameplayTagsEditor (276)
[2019.02.21-03.08.24:007][630]LogModuleManager: Shutting down and abandoning module FacialAnimationEditor (274)
[2019.02.21-03.08.24:007][630]LogModuleManager: Shutting down and abandoning module FacialAnimation (272)
[2019.02.21-03.08.24:007][630]LogModuleManager: Shutting down and abandoning module DataValidation (270)
[2019.02.21-03.08.24:007][630]LogModuleManager: Shutting down and abandoning module AssetManagerEditor (268)
[2019.02.21-03.08.24:008][630]LogModuleManager: Shutting down and abandoning module LevelEditor (267)
[2019.02.21-03.08.24:009][630]LogModuleManager: Shutting down and abandoning module PixelInspectorModule (266)
[2019.02.21-03.08.24:009][630]LogModuleManager: Shutting down and abandoning module CommonMenuExtensions (264)
[2019.02.21-03.08.24:010][630]LogModuleManager: Shutting down and abandoning module MainFrame (262)
[2019.02.21-03.08.24:010][630]LogModuleManager: Shutting down and abandoning module HotReload (261)
[2019.02.21-03.08.24:010][630]LogModuleManager: Shutting down and abandoning module ContentBrowser (257)
[2019.02.21-03.08.24:012][630]LogModuleManager: Shutting down and abandoning module TreeMap (255)
[2019.02.21-03.08.24:012][630]LogModuleManager: Shutting down and abandoning module LightPropagationVolumeRuntime (252)
[2019.02.21-03.08.24:012][630]LogModuleManager: Shutting down and abandoning module AISupportModule (250)
[2019.02.21-03.08.24:012][630]LogModuleManager: Shutting down and abandoning module Paper2D (248)
[2019.02.21-03.08.24:012][630]LogModuleManager: Shutting down and abandoning module WindowsMoviePlayer (246)
[2019.02.21-03.08.24:013][630]LogModuleManager: Shutting down and abandoning module WebMMoviePlayer (244)
[2019.02.21-03.08.24:013][630]LogModuleManager: Shutting down and abandoning module WmfMedia (242)
[2019.02.21-03.08.24:015][630]LogModuleManager: Shutting down and abandoning module Media (241)
[2019.02.21-03.08.24:021][630]LogModuleManager: Shutting down and abandoning module PacketHandler (238)
[2019.02.21-03.08.24:021][630]LogModuleManager: Shutting down and abandoning module ClothingSystemEditor (236)
[2019.02.21-03.08.24:021][630]LogModuleManager: Shutting down and abandoning module ClothingSystemRuntime (234)
[2019.02.21-03.08.24:021][630]LogModuleManager: Shutting down and abandoning module MediaAssets (232)
[2019.02.21-03.08.24:021][630]LogModuleManager: Shutting down and abandoning module Overlay (230)
[2019.02.21-03.08.24:021][630]LogModuleManager: Shutting down and abandoning module OverlayEditor (229)
[2019.02.21-03.08.24:021][630]LogModuleManager: Shutting down and abandoning module VREditor (226)
[2019.02.21-03.08.24:021][630]LogModuleManager: Shutting down and abandoning module StringTableEditor (224)
[2019.02.21-03.08.24:022][630]LogModuleManager: Shutting down and abandoning module GameplayTasksEditor (222)
[2019.02.21-03.08.24:022][630]LogModuleManager: Shutting down and abandoning module BehaviorTreeEditor (220)
[2019.02.21-03.08.24:022][630]LogModuleManager: Shutting down and abandoning module FunctionalTesting (218)
[2019.02.21-03.08.24:022][630]LogModuleManager: Shutting down and abandoning module CollisionAnalyzer (216)
[2019.02.21-03.08.24:022][630]LogModuleManager: Shutting down and abandoning module WorkspaceMenuStructure (215)
[2019.02.21-03.08.24:022][630]LogModuleManager: Shutting down and abandoning module UMG (212)
[2019.02.21-03.08.24:022][630]LogModuleManager: Shutting down and abandoning module UMGEditor (211)
[2019.02.21-03.08.24:023][630]LogModuleManager: Shutting down and abandoning module Sequencer (210)
[2019.02.21-03.08.24:024][630]LogModuleManager: Shutting down and abandoning module MessageLog (207)
[2019.02.21-03.08.24:024][630]LogModuleManager: Shutting down and abandoning module SlateReflector (202)
[2019.02.21-03.08.24:025][630]LogModuleManager: Shutting down and abandoning module Slate (200)
[2019.02.21-03.08.24:025][630]LogModuleManager: Shutting down and abandoning module EditorStyle (198)
[2019.02.21-03.08.24:027][630]LogModuleManager: Shutting down and abandoning module MRMesh (196)
[2019.02.21-03.08.24:027][630]LogModuleManager: Shutting down and abandoning module SourceCodeAccess (194)
[2019.02.21-03.08.24:027][630]LogModuleManager: Shutting down and abandoning module HeadMountedDisplay (192)
[2019.02.21-03.08.24:027][630]LogModuleManager: Shutting down and abandoning module XAudio2 (190)
[2019.02.21-03.08.24:027][630]LogModuleManager: Shutting down and abandoning module Networking (188)
[2019.02.21-03.08.24:027][630]LogModuleManager: Shutting down and abandoning module Core (186)
[2019.02.21-03.08.24:027][630]LogModuleManager: Shutting down and abandoning module LevelSequence (184)
[2019.02.21-03.08.24:027][630]LogModuleManager: Shutting down and abandoning module KismetCompiler (182)
[2019.02.21-03.08.24:027][630]LogModuleManager: Shutting down and abandoning module MeshUtilities (180)
[2019.02.21-03.08.24:027][630]LogModuleManager: Shutting down and abandoning module MeshMergeUtilities (179)
[2019.02.21-03.08.24:027][630]LogModuleManager: Shutting down and abandoning module MeshReductionInterface (178)
[2019.02.21-03.08.24:027][630]LogModuleManager: Shutting down and abandoning module SimplygonSwarm (177)
[2019.02.21-03.08.24:027][630]LogModuleManager: Shutting down and abandoning module ProxyLODMeshReduction (175)
[2019.02.21-03.08.24:028][630]LogModuleManager: Shutting down and abandoning module SimplygonMeshReduction (173)
[2019.02.21-03.08.24:028][630]LogModuleManager: Shutting down and abandoning module QuadricMeshReduction (171)
[2019.02.21-03.08.24:028][630]LogModuleManager: Shutting down and abandoning module MaterialBaking (167)
[2019.02.21-03.08.24:029][630]LogModuleManager: Shutting down and abandoning module DirectoryWatcher (163)
[2019.02.21-03.08.24:029][630]LogModuleManager: Shutting down and abandoning module DerivedDataCache (160)
[2019.02.21-03.08.24:093][630]LogDerivedDataCache: Shutdown
[2019.02.21-03.08.24:093][630]LogModuleManager: Shutting down and abandoning module XGEController (158)
[2019.02.21-03.08.24:093][630]LogXGEController: Cleaning working directory: c:/Temp/UnrealXGEWorkingDir/
[2019.02.21-03.08.24:094][630]LogModuleManager: Shutting down and abandoning module TargetPlatform (156)
[2019.02.21-03.08.24:094][630]LogModuleManager: Shutting down and abandoning module VulkanShaderFormat (155)
[2019.02.21-03.08.24:094][630]LogModuleManager: Shutting down and abandoning module ShaderFormatVectorVM (153)
[2019.02.21-03.08.24:094][630]LogModuleManager: Shutting down and abandoning module ShaderFormatOpenGL (151)
[2019.02.21-03.08.24:094][630]LogModuleManager: Shutting down and abandoning module ShaderFormatD3D (149)
[2019.02.21-03.08.24:094][630]LogModuleManager: Shutting down and abandoning module MetalShaderFormat (147)
[2019.02.21-03.08.24:095][630]LogModuleManager: Shutting down and abandoning module TextureFormatUncompressed (145)
[2019.02.21-03.08.24:095][630]LogModuleManager: Shutting down and abandoning module TextureFormatPVR (143)
[2019.02.21-03.08.24:095][630]LogModuleManager: Shutting down and abandoning module TextureFormatDXT (141)
[2019.02.21-03.08.24:095][630]LogModuleManager: Shutting down and abandoning module TextureFormatIntelISPCTexComp (139)
[2019.02.21-03.08.24:095][630]LogModuleManager: Shutting down and abandoning module TextureFormatASTC (137)
[2019.02.21-03.08.24:095][630]LogModuleManager: Shutting down and abandoning module ImageWrapper (136)
[2019.02.21-03.08.24:095][630]LogModuleManager: Shutting down and abandoning module TextureFormatAndroid (133)
[2019.02.21-03.08.24:095][630]LogModuleManager: Shutting down and abandoning module AudioFormatOpus (131)
[2019.02.21-03.08.24:095][630]LogModuleManager: Shutting down and abandoning module AudioFormatOgg (129)
[2019.02.21-03.08.24:095][630]LogModuleManager: Shutting down and abandoning module AudioFormatADPCM (127)
[2019.02.21-03.08.24:095][630]LogModuleManager: Shutting down and abandoning module LuminTargetPlatform (125)
[2019.02.21-03.08.24:098][630]LogModuleManager: Shutting down and abandoning module LinuxTargetPlatform (123)
[2019.02.21-03.08.24:098][630]LogModuleManager: Shutting down and abandoning module LinuxServerTargetPlatform (121)
[2019.02.21-03.08.24:098][630]LogModuleManager: Shutting down and abandoning module LinuxNoEditorTargetPlatform (119)
[2019.02.21-03.08.24:098][630]LogModuleManager: Shutting down and abandoning module LinuxClientTargetPlatform (117)
[2019.02.21-03.08.24:098][630]LogModuleManager: Shutting down and abandoning module TVOSTargetPlatform (115)
[2019.02.21-03.08.24:100][630]LogModuleManager: Shutting down and abandoning module Messaging (113)
[2019.02.21-03.08.24:100][630]LogModuleManager: Shutting down and abandoning module IOSTargetPlatform (111)
[2019.02.21-03.08.24:101][630]LogModuleManager: Shutting down and abandoning module HTML5TargetPlatform (109)
[2019.02.21-03.08.24:101][630]LogModuleManager: Shutting down and abandoning module AndroidTargetPlatform (107)
[2019.02.21-03.08.24:113][630]LogModuleManager: Shutting down and abandoning module WindowsTargetPlatform (105)
[2019.02.21-03.08.24:113][630]LogModuleManager: Shutting down and abandoning module WindowsServerTargetPlatform (103)
[2019.02.21-03.08.24:113][630]LogModuleManager: Shutting down and abandoning module WindowsNoEditorTargetPlatform (101)
[2019.02.21-03.08.24:113][630]LogModuleManager: Shutting down and abandoning module WindowsClientTargetPlatform (99)
[2019.02.21-03.08.24:113][630]LogModuleManager: Shutting down and abandoning module MacTargetPlatform (97)
[2019.02.21-03.08.24:113][630]LogModuleManager: Shutting down and abandoning module MacServerTargetPlatform (95)
[2019.02.21-03.08.24:113][630]LogModuleManager: Shutting down and abandoning module MacNoEditorTargetPlatform (93)
[2019.02.21-03.08.24:113][630]LogModuleManager: Shutting down and abandoning module MacClientTargetPlatform (91)
[2019.02.21-03.08.24:113][630]LogModuleManager: Shutting down and abandoning module AllDesktopTargetPlatform (89)
[2019.02.21-03.08.24:113][630]LogModuleManager: Shutting down and abandoning module InputCore (86)
[2019.02.21-03.08.24:113][630]LogModuleManager: Shutting down and abandoning module Settings (84)
[2019.02.21-03.08.24:113][630]LogModuleManager: Shutting down and abandoning module PhysXCooking (82)
[2019.02.21-03.08.24:113][630]LogModuleManager: Shutting down and abandoning module SteamVR (80)
[2019.02.21-03.08.24:113][630]LogHMD: Freeing OpenVRDLLHandle.
[2019.02.21-03.08.24:113][630]LogModuleManager: Shutting down and abandoning module OculusHMD (78)
[2019.02.21-03.08.24:113][630]LogModuleManager: Shutting down and abandoning module ExampleDeviceProfileSelector (76)
[2019.02.21-03.08.24:113][630]LogModuleManager: Shutting down and abandoning module LauncherChunkInstaller (74)
[2019.02.21-03.08.24:114][630]LogModuleManager: Shutting down and abandoning module OnlineBlueprintSupport (72)
[2019.02.21-03.08.24:114][630]LogModuleManager: Shutting down and abandoning module OnlineSubsystem (68)
[2019.02.21-03.08.24:115][630]LogModuleManager: Shutting down and abandoning module XMPP (63)
[2019.02.21-03.08.24:116][630]LogModuleManager: Shutting down and abandoning module WebSockets (62)
[2019.02.21-03.08.24:140][630]LogModuleManager: Shutting down and abandoning module HTTP (59)
[2019.02.21-03.08.24:140][630]LogHttp: Display: Http module shutting down, but needs to wait on 1 outstanding Http requests:
[2019.02.21-03.08.24:140][630]LogHttp: Display: 	verb=[POST] url=[https://datarouter.ol.epicgames.com/datarouter/api/v1/public/data?SessionID=%7B1383CD41-4A33-4062-4735-8DB1379BFDC2%7D&AppID=UEEditor.Rocket.Release&AppVersion=4.21.1-4613538%2B%2B%2BUE4%2BRelease-4.21&UserID=49ea1dc64dc272564c0ed99a85784414%7Cc5d58751afe843d69728741e674af6bc%7Cc587d49a-8f64-455f-bf05-0221a494b86d&AppEnvironment=datacollector-binary&UploadType=eteventstream] status=Processing
[2019.02.21-03.08.24:141][630]LogModuleManager: Shutting down and abandoning module SSL (58)
[2019.02.21-03.08.24:142][630]LogModuleManager: Shutting down and abandoning module MagicLeapIdentity (54)
[2019.02.21-03.08.24:142][630]LogModuleManager: Shutting down and abandoning module MagicLeapHelperVulkan (52)
[2019.02.21-03.08.24:142][630]LogModuleManager: Shutting down and abandoning module MagicLeapHelperOpenGL (50)
[2019.02.21-03.08.24:142][630]LogModuleManager: Shutting down and abandoning module MagicLeapSecureStorage (48)
[2019.02.21-03.08.24:142][630]LogModuleManager: Shutting down and abandoning module MagicLeapHandTracking (46)
[2019.02.21-03.08.24:143][630]LogModuleManager: Shutting down and abandoning module MagicLeapEyeTracker (44)
[2019.02.21-03.08.24:143][630]LogModuleManager: Shutting down and abandoning module MagicLeapController (42)
[2019.02.21-03.08.24:143][630]LogSlate: Slate User Destroyed.  User Index 0, Is Virtual User: 0
[2019.02.21-03.08.24:143][630]LogModuleManager: Shutting down and abandoning module MagicLeap (40)
[2019.02.21-03.08.24:143][630]LogModuleManager: Shutting down and abandoning module DatasmithContent (38)
[2019.02.21-03.08.24:143][630]LogModuleManager: Shutting down and abandoning module AnimationModifiers (36)
[2019.02.21-03.08.24:143][630]LogModuleManager: Shutting down and abandoning module PropertyEditor (35)
[2019.02.21-03.08.24:143][630]LogModuleManager: Shutting down and abandoning module AudioEditor (32)
[2019.02.21-03.08.24:144][630]LogModuleManager: Shutting down and abandoning module TextureCompressor (30)
[2019.02.21-03.08.24:144][630]LogModuleManager: Shutting down and abandoning module ShaderCore (28)
[2019.02.21-03.08.24:144][630]LogModuleManager: Shutting down and abandoning module Landscape (26)
[2019.02.21-03.08.24:144][630]LogModuleManager: Shutting down and abandoning module SlateRHIRenderer (24)
[2019.02.21-03.08.24:144][630]LogModuleManager: Shutting down and abandoning module OpenGLDrv (22)
[2019.02.21-03.08.24:145][630]LogModuleManager: Shutting down and abandoning module D3D11RHI (20)
[2019.02.21-03.08.24:145][630]LogModuleManager: Shutting down and abandoning module AnimGraphRuntime (18)
[2019.02.21-03.08.24:145][630]LogModuleManager: Shutting down and abandoning module Renderer (16)
[2019.02.21-03.08.24:145][630]LogModuleManager: Shutting down and abandoning module Engine (14)
[2019.02.21-03.08.24:145][630]LogModuleManager: Shutting down and abandoning module CoreUObject (12)
[2019.02.21-03.08.24:145][630]LogModuleManager: Shutting down and abandoning module NetworkFile (10)
[2019.02.21-03.08.24:145][630]LogModuleManager: Shutting down and abandoning module CookedIterativeFile (8)
[2019.02.21-03.08.24:145][630]LogModuleManager: Shutting down and abandoning module StreamingFile (6)
[2019.02.21-03.08.24:145][630]LogModuleManager: Shutting down and abandoning module SandboxFile (4)
[2019.02.21-03.08.24:145][630]LogModuleManager: Shutting down and abandoning module PakFile (2)
[2019.02.21-03.08.24:151][630]LogExit: Exiting.
[2019.02.21-03.08.24:162][630]Log file closed, 02/20/19 19:08:24
