Log file open, 03/06/19 20:42:57
LogWindows: Failed to load 'aqProf.dll' (GetLastError=126)
LogWindows: File 'aqProf.dll' does not exist
LogWindows: Failed to load 'VtuneApi.dll' (GetLastError=126)
LogWindows: File 'VtuneApi.dll' does not exist
LogWindows: Failed to load 'VtuneApi32e.dll' (GetLastError=126)
LogWindows: File 'VtuneApi32e.dll' does not exist
LogInit: Display: Running engine for game: ProjStarlightOasis
LogPlatformFile: Not using cached read wrapper
LogInit: Display: RandInit(-311813616) SRandInit(-311813616).
LogInit: Read version file with build ID '3944462'
LogInit: Overriding engine version to CL 4033788, compatible CL 3944462
LogInit: Registered custom module enumerator with build ID '3944462'
LogTaskGraph: Started task graph with 5 named threads and 11 total threads with 3 sets of task threads.
LogStats: Stats thread started at 0.245262
LogD3D11RHI: Aftermath initialized
LogICUInternationalization: Display: ICU TimeZone Detection - Raw Offset: -8:00, Platform Override: ''
LogModuleManager: Display: Found up-to-date module file ../../../Engine/Plugins/Marketplace/Substance/Binaries/Win64/UE4Editor-SubstanceCore.dll (API version 3944462).
LogModuleManager: Display: Found up-to-date module file ../../../Engine/Plugins/Marketplace/Substance/Binaries/Win64/UE4Editor-SubstanceEditor.dll (API version 3944462).
LogModuleManager: Display: Found up-to-date module file ../../../Engine/Plugins/Marketplace/Substance/Binaries/Win64/UE4Editor-SubstanceSource.dll (API version 3944462).
LogModuleManager: Display: Found up-to-date module file ../../../Engine/Plugins/Marketplace/Substance/Binaries/Win64/UE4Editor-SubstanceLiveLink.dll (API version 3944462).
LogModuleManager: Display: Found up-to-date module file ../../../Engine/Plugins/2D/Paper2D/Binaries/Win64/UE4Editor-Paper2D.dll (API version 3944462).
LogModuleManager: Display: Found up-to-date module file ../../../Engine/Plugins/2D/Paper2D/Binaries/Win64/UE4Editor-Paper2DEditor.dll (API version 3944462).
LogModuleManager: Display: Found up-to-date module file ../../../Engine/Plugins/2D/Paper2D/Binaries/Win64/UE4Editor-PaperSpriteSheetImporter.dll (API version 3944462).
LogModuleManager: Display: Found up-to-date module file ../../../Engine/Plugins/2D/Paper2D/Binaries/Win64/UE4Editor-PaperTiledImporter.dll (API version 3944462).
LogModuleManager: Display: Found up-to-date module file ../../../Engine/Plugins/2D/Paper2D/Binaries/Win64/UE4Editor-SmartSnapping.dll (API version 3944462).
LogModuleManager: Display: Found up-to-date module file ../../../Engine/Plugins/Blendables/LightPropagationVolume/Binaries/Win64/UE4Editor-LightPropagationVolumeRuntime.dll (API version 3944462).
LogModuleManager: Display: Found up-to-date module file ../../../Engine/Plugins/Blendables/LightPropagationVolume/Binaries/Win64/UE4Editor-LightPropagationVolumeEditor.dll (API version 3944462).
LogModuleManager: Display: Found up-to-date module file ../../../Engine/Plugins/Developer/CLionSourceCodeAccess/Binaries/Win64/UE4Editor-CLionSourceCodeAccess.dll (API version 3944462).
LogModuleManager: Display: Found up-to-date module file ../../../Engine/Plugins/Developer/GitSourceControl/Binaries/Win64/UE4Editor-GitSourceControl.dll (API version 3944462).
LogModuleManager: Display: Found up-to-date module file ../../../Engine/Plugins/Developer/PerforceSourceControl/Binaries/Win64/UE4Editor-PerforceSourceControl.dll (API version 3944462).
LogModuleManager: Display: Found up-to-date module file ../../../Engine/Plugins/Developer/SubversionSourceControl/Binaries/Win64/UE4Editor-SubversionSourceControl.dll (API version 3944462).
LogModuleManager: Display: Found up-to-date module file ../../../Engine/Plugins/Developer/UObjectPlugin/Binaries/Win64/UE4Editor-UObjectPlugin.dll (API version 3944462).
LogModuleManager: Display: Found up-to-date module file ../../../Engine/Plugins/Developer/VisualStudioCodeSourceCodeAccess/Binaries/Win64/UE4Editor-VisualStudioCodeSourceCodeAccess.dll (API version 3944462).
LogModuleManager: Display: Found up-to-date module file ../../../Engine/Plugins/Developer/VisualStudioSourceCodeAccess/Binaries/Win64/UE4Editor-VisualStudioSourceCodeAccess.dll (API version 3944462).
LogModuleManager: Display: Found up-to-date module file ../../../Engine/Plugins/Editor/AssetManagerEditor/Binaries/Win64/UE4Editor-AssetManagerEditor.dll (API version 3944462).
LogModuleManager: Display: Found up-to-date module file ../../../Engine/Plugins/Editor/CryptoKeys/Binaries/Win64/UE4Editor-CryptoKeys.dll (API version 3944462).
LogModuleManager: Display: Found up-to-date module file ../../../Engine/Plugins/Editor/CryptoKeys/Binaries/Win64/UE4Editor-CryptoKeysOpenSSL.dll (API version 3944462).
LogModuleManager: Display: Found up-to-date module file ../../../Engine/Plugins/Editor/DataValidation/Binaries/Win64/UE4Editor-DataValidation.dll (API version 3944462).
LogModuleManager: Display: Found up-to-date module file ../../../Engine/Plugins/Editor/FacialAnimation/Binaries/Win64/UE4Editor-FacialAnimation.dll (API version 3944462).
LogModuleManager: Display: Found up-to-date module file ../../../Engine/Plugins/Editor/FacialAnimation/Binaries/Win64/UE4Editor-FacialAnimationEditor.dll (API version 3944462).
LogModuleManager: Display: Found up-to-date module file ../../../Engine/Plugins/Editor/GameplayTagsEditor/Binaries/Win64/UE4Editor-GameplayTagsEditor.dll (API version 3944462).
LogModuleManager: Display: Found up-to-date module file ../../../Engine/Plugins/Editor/MobileLauncherProfileWizard/Binaries/Win64/UE4Editor-MobileLauncherProfileWizard.dll (API version 3944462).
LogModuleManager: Display: Found up-to-date module file ../../../Engine/Plugins/Editor/PluginBrowser/Binaries/Win64/UE4Editor-PluginBrowser.dll (API version 3944462).
LogModuleManager: Display: Found up-to-date module file ../../../Engine/Plugins/Editor/SpeedTreeImporter/Binaries/Win64/UE4Editor-SpeedTreeImporter.dll (API version 3944462).
LogModuleManager: Display: Found up-to-date module file ../../../Engine/Plugins/Enterprise/DatasmithContent/Binaries/Win64/UE4Editor-DatasmithContent.dll (API version 3944462).
LogModuleManager: Display: Found up-to-date module file ../../../Engine/Plugins/Experimental/AlembicImporter/Binaries/Win64/UE4Editor-AlembicImporter.dll (API version 3944462).
LogModuleManager: Display: Found up-to-date module file ../../../Engine/Plugins/Experimental/AlembicImporter/Binaries/Win64/UE4Editor-AlembicLibrary.dll (API version 3944462).
LogModuleManager: Display: Found up-to-date module file ../../../Engine/Plugins/Experimental/CharacterAI/Binaries/Win64/UE4Editor-CharacterAI.dll (API version 3944462).
LogModuleManager: Display: Found up-to-date module file ../../../Engine/Plugins/Experimental/HTML5Networking/Binaries/Win64/UE4Editor-HTML5Networking.dll (API version 3944462).
LogModuleManager: Display: Found up-to-date module file ../../../Engine/Plugins/Media/AndroidMedia/Binaries/Win64/UE4Editor-AndroidMediaEditor.dll (API version 3944462).
LogModuleManager: Display: Found up-to-date module file ../../../Engine/Plugins/Media/AndroidMedia/Binaries/Win64/UE4Editor-AndroidMediaFactory.dll (API version 3944462).
LogModuleManager: Display: Found up-to-date module file ../../../Engine/Plugins/Media/AvfMedia/Binaries/Win64/UE4Editor-AvfMediaEditor.dll (API version 3944462).
LogModuleManager: Display: Found up-to-date module file ../../../Engine/Plugins/Media/AvfMedia/Binaries/Win64/UE4Editor-AvfMediaFactory.dll (API version 3944462).
LogModuleManager: Display: Found up-to-date module file ../../../Engine/Plugins/Media/AvfMedia/Binaries/Win64/UE4Editor-AvfMediaFactory.dll (API version 3944462).
LogModuleManager: Display: Found up-to-date module file ../../../Engine/Plugins/Media/ImgMedia/Binaries/Win64/UE4Editor-ImgMedia.dll (API version 3944462).
LogModuleManager: Display: Found up-to-date module file ../../../Engine/Plugins/Media/ImgMedia/Binaries/Win64/UE4Editor-ImgMediaEditor.dll (API version 3944462).
LogModuleManager: Display: Found up-to-date module file ../../../Engine/Plugins/Media/ImgMedia/Binaries/Win64/UE4Editor-ImgMediaFactory.dll (API version 3944462).
LogModuleManager: Display: Found up-to-date module file ../../../Engine/Plugins/Media/ImgMedia/Binaries/Win64/UE4Editor-ImgMediaFactory.dll (API version 3944462).
LogModuleManager: Display: Found up-to-date module file ../../../Engine/Plugins/Media/ImgMedia/Binaries/Win64/UE4Editor-OpenExrWrapper.dll (API version 3944462).
LogModuleManager: Display: Found up-to-date module file ../../../Engine/Plugins/Media/LinearTimecode/Binaries/Win64/UE4Editor-LinearTimecode.dll (API version 3944462).
LogModuleManager: Display: Found up-to-date module file ../../../Engine/Plugins/Media/MediaCompositing/Binaries/Win64/UE4Editor-MediaCompositing.dll (API version 3944462).
LogModuleManager: Display: Found up-to-date module file ../../../Engine/Plugins/Media/MediaCompositing/Binaries/Win64/UE4Editor-MediaCompositingEditor.dll (API version 3944462).
LogModuleManager: Display: Found up-to-date module file ../../../Engine/Plugins/Media/MediaPlayerEditor/Binaries/Win64/UE4Editor-MediaPlayerEditor.dll (API version 3944462).
LogModuleManager: Display: Found up-to-date module file ../../../Engine/Plugins/Media/WmfMedia/Binaries/Win64/UE4Editor-WmfMedia.dll (API version 3944462).
LogModuleManager: Display: Found up-to-date module file ../../../Engine/Plugins/Media/WmfMedia/Binaries/Win64/UE4Editor-WmfMediaEditor.dll (API version 3944462).
LogModuleManager: Display: Found up-to-date module file ../../../Engine/Plugins/Media/WmfMedia/Binaries/Win64/UE4Editor-WmfMediaFactory.dll (API version 3944462).
LogModuleManager: Display: Found up-to-date module file ../../../Engine/Plugins/Media/WmfMedia/Binaries/Win64/UE4Editor-WmfMediaFactory.dll (API version 3944462).
LogModuleManager: Display: Found up-to-date module file ../../../Engine/Plugins/Messaging/TcpMessaging/Binaries/Win64/UE4Editor-TcpMessaging.dll (API version 3944462).
LogModuleManager: Display: Found up-to-date module file ../../../Engine/Plugins/Messaging/UdpMessaging/Binaries/Win64/UE4Editor-UdpMessaging.dll (API version 3944462).
LogModuleManager: Display: Found up-to-date module file ../../../Engine/Plugins/MovieScene/ActorSequence/Binaries/Win64/UE4Editor-ActorSequence.dll (API version 3944462).
LogModuleManager: Display: Found up-to-date module file ../../../Engine/Plugins/MovieScene/LevelSequenceEditor/Binaries/Win64/UE4Editor-LevelSequenceEditor.dll (API version 3944462).
LogModuleManager: Display: Found up-to-date module file ../../../Engine/Plugins/MovieScene/MatineeToLevelSequence/Binaries/Win64/UE4Editor-MatineeToLevelSequence.dll (API version 3944462).
LogModuleManager: Display: Found up-to-date module file ../../../Engine/Plugins/NetcodeUnitTest/NetcodeUnitTest/Binaries/Win64/UE4Editor-NetcodeUnitTest.dll (API version 3944462).
LogModuleManager: Display: Found up-to-date module file ../../../Engine/Plugins/NetcodeUnitTest/NUTUnrealEngine4/Binaries/Win64/UE4Editor-NUTUnrealEngine4.dll (API version 3944462).
LogModuleManager: Display: Found up-to-date module file ../../../Engine/Plugins/Online/OnlineSubsystem/Binaries/Win64/UE4Editor-OnlineSubsystem.dll (API version 3944462).
LogModuleManager: Display: Found up-to-date module file ../../../Engine/Plugins/Runtime/AndroidPermission/Binaries/Win64/UE4Editor-AndroidPermission.dll (API version 3944462).
LogModuleManager: Display: Found up-to-date module file ../../../Engine/Plugins/Online/OnlineSubsystemNull/Binaries/Win64/UE4Editor-OnlineSubsystemNull.dll (API version 3944462).
LogModuleManager: Display: Found up-to-date module file ../../../Engine/Plugins/Online/OnlineSubsystemUtils/Binaries/Win64/UE4Editor-OnlineSubsystemUtils.dll (API version 3944462).
LogModuleManager: Display: Found up-to-date module file ../../../Engine/Plugins/Online/OnlineSubsystemUtils/Binaries/Win64/UE4Editor-OnlineBlueprintSupport.dll (API version 3944462).
LogModuleManager: Display: Found up-to-date module file ../../../Engine/Plugins/Runtime/AndroidDeviceProfileSelector/Binaries/Win64/UE4Editor-AndroidDeviceProfileSelector.dll (API version 3944462).
LogModuleManager: Display: Found up-to-date module file ../../../Engine/Plugins/Runtime/AppleARKit/Binaries/Win64/UE4Editor-AppleARKit.dll (API version 3944462).
LogModuleManager: Display: Found up-to-date module file ../../../Engine/Plugins/Runtime/ProceduralMeshComponent/Binaries/Win64/UE4Editor-ProceduralMeshComponent.dll (API version 3944462).
LogModuleManager: Display: Found up-to-date module file ../../../Engine/Plugins/Runtime/ProceduralMeshComponent/Binaries/Win64/UE4Editor-ProceduralMeshComponentEditor.dll (API version 3944462).
LogModuleManager: Display: Found up-to-date module file ../../../Engine/Plugins/Animation/LiveLink/Binaries/Win64/UE4Editor-LiveLink.dll (API version 3944462).
LogModuleManager: Display: Found up-to-date module file ../../../Engine/Plugins/Animation/LiveLink/Binaries/Win64/UE4Editor-LiveLinkEditor.dll (API version 3944462).
LogModuleManager: Display: Found up-to-date module file ../../../Engine/Plugins/Runtime/ArchVisCharacter/Binaries/Win64/UE4Editor-ArchVisCharacter.dll (API version 3944462).
LogModuleManager: Display: Found up-to-date module file ../../../Engine/Plugins/Runtime/AudioCapture/Binaries/Win64/UE4Editor-AudioCapture.dll (API version 3944462).
LogModuleManager: Display: Found up-to-date module file ../../../Engine/Plugins/Runtime/AudioCapture/Binaries/Win64/UE4Editor-AudioCaptureEditor.dll (API version 3944462).
LogModuleManager: Display: Found up-to-date module file ../../../Engine/Plugins/Runtime/CableComponent/Binaries/Win64/UE4Editor-CableComponent.dll (API version 3944462).
LogModuleManager: Display: Found up-to-date module file ../../../Engine/Plugins/Runtime/CustomMeshComponent/Binaries/Win64/UE4Editor-CustomMeshComponent.dll (API version 3944462).
LogModuleManager: Display: Found up-to-date module file ../../../Engine/Plugins/Runtime/ExampleDeviceProfileSelector/Binaries/Win64/UE4Editor-ExampleDeviceProfileSelector.dll (API version 3944462).
LogModuleManager: Display: Found up-to-date module file ../../../Engine/Plugins/Runtime/ImmediatePhysics/Binaries/Win64/UE4Editor-ImmediatePhysics.dll (API version 3944462).
LogModuleManager: Display: Found up-to-date module file ../../../Engine/Plugins/Runtime/ImmediatePhysics/Binaries/Win64/UE4Editor-ImmediatePhysicsEditor.dll (API version 3944462).
LogModuleManager: Display: Found up-to-date module file ../../../Engine/Plugins/Runtime/LocationServicesBPLibrary/Binaries/Win64/UE4Editor-LocationServicesBPLibrary.dll (API version 3944462).
LogModuleManager: Display: Found up-to-date module file ../../../Engine/Plugins/Runtime/MobilePatchingUtils/Binaries/Win64/UE4Editor-MobilePatchingUtils.dll (API version 3944462).
LogModuleManager: Display: Found up-to-date module file ../../../Engine/Plugins/Runtime/Oculus/OculusVR/Binaries/Win64/UE4Editor-OculusHMD.dll (API version 3944462).
LogModuleManager: Display: Found up-to-date module file ../../../Engine/Plugins/Runtime/Oculus/OculusVR/Binaries/Win64/UE4Editor-OculusInput.dll (API version 3944462).
LogModuleManager: Display: Found up-to-date module file ../../../Engine/Plugins/Runtime/Oculus/OculusVR/Binaries/Win64/UE4Editor-OculusEditor.dll (API version 3944462).
LogModuleManager: Display: Found up-to-date module file ../../../Engine/Plugins/Runtime/PhysXVehicles/Binaries/Win64/UE4Editor-PhysXVehicles.dll (API version 3944462).
LogModuleManager: Display: Found up-to-date module file ../../../Engine/Plugins/Runtime/PhysXVehicles/Binaries/Win64/UE4Editor-PhysXVehiclesEditor.dll (API version 3944462).
LogModuleManager: Display: Found up-to-date module file ../../../Engine/Plugins/Runtime/RuntimePhysXCooking/Binaries/Win64/UE4Editor-RuntimePhysXCooking.dll (API version 3944462).
LogModuleManager: Display: Found up-to-date module file ../../../Engine/Plugins/Runtime/Steam/SteamVR/Binaries/Win64/UE4Editor-SteamVR.dll (API version 3944462).
LogModuleManager: Display: Found up-to-date module file ../../../Engine/Plugins/Runtime/Steam/SteamVR/Binaries/Win64/UE4Editor-SteamVRController.dll (API version 3944462).
LogModuleManager: Display: Found up-to-date module file ../../../Engine/Plugins/Runtime/WindowsMoviePlayer/Binaries/Win64/UE4Editor-WindowsMoviePlayer.dll (API version 3944462).
LogPluginManager: Mounting plugin Paper2D
LogPluginManager: Mounting plugin LiveLink
LogPluginManager: Mounting plugin LightPropagationVolume
LogPluginManager: Mounting plugin CLionSourceCodeAccess
LogPluginManager: Mounting plugin CodeLiteSourceCodeAccess
LogPluginManager: Mounting plugin GitSourceControl
LogPluginManager: Mounting plugin KDevelopSourceCodeAccess
LogPluginManager: Mounting plugin NullSourceCodeAccess
LogPluginManager: Mounting plugin PerforceSourceControl
LogPluginManager: Mounting plugin SubversionSourceControl
LogPluginManager: Mounting plugin UObjectPlugin
LogPluginManager: Mounting plugin VisualStudioCodeSourceCodeAccess
LogPluginManager: Mounting plugin VisualStudioSourceCodeAccess
LogPluginManager: Mounting plugin XCodeSourceCodeAccess
LogPluginManager: Mounting plugin AssetManagerEditor
LogPluginManager: Mounting plugin CryptoKeys
LogPluginManager: Mounting plugin DataValidation
LogPluginManager: Mounting plugin FacialAnimation
LogPluginManager: Mounting plugin GameplayTagsEditor
LogPluginManager: Mounting plugin MobileLauncherProfileWizard
LogPluginManager: Mounting plugin PluginBrowser
LogPluginManager: Mounting plugin SpeedTreeImporter
LogPluginManager: Mounting plugin DatasmithContent
LogPluginManager: Mounting plugin AlembicImporter
LogPluginManager: Mounting plugin CharacterAI
LogPluginManager: Mounting plugin HTML5Networking
LogPluginManager: Mounting plugin Substance
LogPluginManager: Mounting plugin AndroidMedia
LogPluginManager: Mounting plugin AvfMedia
LogPluginManager: Mounting plugin ImgMedia
LogPluginManager: Mounting plugin LinearTimecode
LogPluginManager: Mounting plugin MediaCompositing
LogPluginManager: Mounting plugin MediaPlayerEditor
LogPluginManager: Mounting plugin WmfMedia
LogPluginManager: Mounting plugin TcpMessaging
LogPluginManager: Mounting plugin UdpMessaging
LogPluginManager: Mounting plugin ActorSequence
LogPluginManager: Mounting plugin LevelSequenceEditor
LogPluginManager: Mounting plugin MatineeToLevelSequence
LogPluginManager: Mounting plugin NetcodeUnitTest
LogPluginManager: Mounting plugin NUTUnrealEngine4
LogPluginManager: Mounting plugin OnlineSubsystemGooglePlay
LogPluginManager: Mounting plugin OnlineSubsystemIOS
LogPluginManager: Mounting plugin OnlineSubsystem
LogPluginManager: Mounting plugin OnlineSubsystemNull
LogPluginManager: Mounting plugin OnlineSubsystemUtils
LogPluginManager: Mounting plugin AndroidDeviceProfileSelector
LogPluginManager: Mounting plugin AndroidMoviePlayer
LogPluginManager: Mounting plugin AndroidPermission
LogPluginManager: Mounting plugin AppleARKit
LogPluginManager: Mounting plugin AppleMoviePlayer
LogPluginManager: Mounting plugin ArchVisCharacter
LogPluginManager: Mounting plugin AudioCapture
LogPluginManager: Mounting plugin CableComponent
LogPluginManager: Mounting plugin CustomMeshComponent
LogPluginManager: Mounting plugin ExampleDeviceProfileSelector
LogPluginManager: Mounting plugin GoogleCloudMessaging
LogPluginManager: Mounting plugin ImmediatePhysics
LogPluginManager: Mounting plugin IOSDeviceProfileSelector
LogPluginManager: Mounting plugin LinuxDeviceProfileSelector
LogPluginManager: Mounting plugin LocationServicesBPLibrary
LogPluginManager: Mounting plugin MobilePatchingUtils
LogPluginManager: Mounting plugin OculusVR
LogPluginManager: Plugin shader directory ../../../Engine/Plugins/Runtime/Oculus/OculusVR/Shaders found
LogPluginManager: Mapping shader source directory ../../../Engine/Plugins/Runtime/Oculus/OculusVR/Shaders to virtual directory /Plugin/OculusVR
LogPluginManager: Mounting plugin PhysXVehicles
LogPluginManager: Mounting plugin ProceduralMeshComponent
LogPluginManager: Mounting plugin RuntimePhysXCooking
LogPluginManager: Mounting plugin SteamVR
LogPluginManager: Mounting plugin WindowsMoviePlayer
LogStreaming: Display: Took  6.955s to configure plugins.
LogInit: Using libcurl 7.47.1
LogInit:  - built for x86_64-pc-win32
LogInit:  - supports SSL with OpenSSL/1.0.2g
LogInit:  - supports HTTP deflate (compression) using libz 1.2.8
LogInit:  - other features:
LogInit:      CURL_VERSION_SSL
LogInit:      CURL_VERSION_LIBZ
LogInit:      CURL_VERSION_IPV6
LogInit:      CURL_VERSION_ASYNCHDNS
LogInit:      CURL_VERSION_LARGEFILE
LogInit:      CURL_VERSION_IDN
LogInit:  CurlRequestOptions (configurable via config and command line):
LogInit:  - bVerifyPeer = false  - Libcurl will NOT verify peer certificate
LogInit:  - bUseHttpProxy = false  - Libcurl will NOT use HTTP proxy
LogInit:  - bDontReuseConnections = false  - Libcurl will reuse connections
LogInit:  - CertBundlePath = nullptr  - Libcurl will use whatever was configured at build time.
LogInit:  - MaxHostConnections = 16  - Libcurl will limit the number of connections to a host
LogInit:  - LocalHostAddr = Default
LogInit: WinSock: version 1.1 (2.2), MaxSocks=32767, MaxUdp=65467
LogInit: WinSock: I am Phils-PC (192.168.1.41:0)
LogInit: Build: ++UE4+Release-4.19-CL-4033788
LogInit: Engine Version: 4.19.2-4033788+++UE4+Release-4.19
LogInit: Compatible Engine Version: 4.19.0-3944462+++UE4+Release-4.19
LogInit: Net CL: 3944462
LogDevObjectVersion: Number of dev versions registered: 18
LogDevObjectVersion:   Dev-Blueprints (B0D832E4-1F89-4F0D-ACCF-7EB736FD4AA2): 10
LogDevObjectVersion:   Dev-Build (E1C64328-A22C-4D53-A36C-8E866417BD8C): 0
LogDevObjectVersion:   Dev-Core (375EC13C-06E4-48FB-B500-84F0262A717E): 2
LogDevObjectVersion:   Dev-Editor (E4B068ED-F494-42E9-A231-DA0B2E46BB41): 23
LogDevObjectVersion:   Dev-Framework (CFFC743F-43B0-4480-9391-14DF171D2073): 33
LogDevObjectVersion:   Dev-Mobile (B02B49B5-BB20-44E9-A304-32B752E40360): 2
LogDevObjectVersion:   Dev-Networking (A4E4105C-59A1-49B5-A7C5-40C4547EDFEE): 0
LogDevObjectVersion:   Dev-Online (39C831C9-5AE6-47DC-9A44-9C173E1C8E7C): 0
LogDevObjectVersion:   Dev-Physics (78F01B33-EBEA-4F98-B9B4-84EACCB95AA2): 0
LogDevObjectVersion:   Dev-Platform (6631380F-2D4D-43E0-8009-CF276956A95A): 0
LogDevObjectVersion:   Dev-Rendering (12F88B9F-8875-4AFC-A67C-D90C383ABD29): 25
LogDevObjectVersion:   Dev-Sequencer (7B5AE74C-D270-4C10-A958-57980B212A5A): 6
LogDevObjectVersion:   Dev-VR (D7296918-1DD6-4BDD-9DE2-64A83CC13884): 1
LogDevObjectVersion:   Dev-LoadTimes (C2A15278-BFE7-4AFE-6C17-90FF531DF755): 1
LogDevObjectVersion:   Private-Geometry (6EACA3D4-40EC-4CC1-B786-8BED09428FC5): 2
LogDevObjectVersion:   Dev-AnimPhys (29E575DD-E0A3-4627-9D10-D276232CDCEA): 16
LogDevObjectVersion:   Dev-ReflectionCapture (6B266CEC-1EC7-4B8F-A30B-E4D90942FC07): 1
LogDevObjectVersion:   Dev-Automation (0DF73D61-A23F-47EA-B727-89E90C41499A): 1
LogInit: Compiled (64-bit): Apr 27 2018 02:06:57
LogInit: Compiled with Visual C++: 19.00.24215.01
LogInit: Build Configuration: Development
LogInit: Branch Name: ++UE4+Release-4.19
LogInit: Command Line:  
LogInit: Base Directory: C:/Program Files/Epic Games/UE_4.19/Engine/Binaries/Win64/
LogInit: Installed Engine Build: 1
LogStreaming: Display: Took  0.018s to delete old logs.
LogInit: Presizing for max 8388607 objects, including 0 objects not considered by GC, pre-allocating 0 bytes for permanent pool.
LogInit: Object subsystem initialized
[2019.03.07-04.43.11:193][  0]LogInit: Selected Device Profile: [Windows]
[2019.03.07-04.43.11:193][  0]LogInit: Applying CVar settings loaded from the selected device profile: [Windows]
[2019.03.07-04.43.11:472][  0]LogInit: Computer: PHILS-PC
[2019.03.07-04.43.11:472][  0]LogInit: User: Phil
[2019.03.07-04.43.11:472][  0]LogInit: CPU Page size=4096, Cores=2
[2019.03.07-04.43.11:472][  0]LogInit: High frequency timer resolution =2.143478 MHz
[2019.03.07-04.43.11:495][  0]LogMemory: Memory total: Physical=7.9GB (8GB approx)
[2019.03.07-04.43.11:495][  0]LogMemory: Platform Memory Stats for Windows
[2019.03.07-04.43.11:495][  0]LogMemory: Process Physical Memory: 274.90 MB used, 274.90 MB peak
[2019.03.07-04.43.11:495][  0]LogMemory: Process Virtual Memory: 263.93 MB used, 263.93 MB peak
[2019.03.07-04.43.11:495][  0]LogMemory: Physical Memory: 4308.05 MB used,  3798.40 MB free, 8106.45 MB total
[2019.03.07-04.43.11:495][  0]LogMemory: Virtual Memory: 4766.93 MB used,  3798.40 MB free, 134217728.00 MB total
[2019.03.07-04.43.17:358][  0]LogInit: Using OS detected language (en-US).
[2019.03.07-04.43.17:358][  0]LogInit: Using OS detected locale (en-US).
[2019.03.07-04.43.17:932][  0]LogTextLocalizationManager: No specific localization for 'en-US' exists, so the 'en' localization will be used.
[2019.03.07-04.43.22:691][  0]LogStreaming: Display: Took  5.372s to EndInitTextLocalization.
[2019.03.07-04.43.22:838][  0]LogInit: Setting process to per monitor DPI aware
[2019.03.07-04.43.27:180][  0]LogSlate: New Slate User Created.  User Index 0, Is Virtual User: 0
[2019.03.07-04.43.27:180][  0]LogSlate: Slate User Registered.  User Index 0, Is Virtual User: 0
[2019.03.07-04.43.35:713][  0]LogD3D11RHI: D3D11 adapters:
[2019.03.07-04.43.36:464][  0]LogD3D11RHI:    0. 'NVIDIA GeForce 840M' (Feature Level 11_0)
[2019.03.07-04.43.36:464][  0]LogD3D11RHI:       2019/0/4053 MB DedicatedVideo/DedicatedSystem/SharedSystem, Outputs:1, VendorId:0x10de
[2019.03.07-04.43.36:729][  0]LogD3D11RHI:    1. 'Intel(R) HD Graphics 5500' (Feature Level 11_0)
[2019.03.07-04.43.36:730][  0]LogD3D11RHI:       128/0/4053 MB DedicatedVideo/DedicatedSystem/SharedSystem, Outputs:0, VendorId:0x8086
[2019.03.07-04.43.36:878][  0]LogD3D11RHI:    2. 'Microsoft Basic Render Driver' (Feature Level 11_0)
[2019.03.07-04.43.36:878][  0]LogD3D11RHI:       0/0/4053 MB DedicatedVideo/DedicatedSystem/SharedSystem, Outputs:0, VendorId:0x1414
[2019.03.07-04.43.36:878][  0]LogD3D11RHI: Chosen D3D11 Adapter: 0
[2019.03.07-04.43.37:150][  0]LogD3D11RHI: Creating new Direct3DDevice
[2019.03.07-04.43.37:150][  0]LogD3D11RHI:     GPU DeviceId: 0x1341 (for the marketing name, search the web for "GPU Device Id")
[2019.03.07-04.43.37:150][  0]LogWindows: EnumDisplayDevices:
[2019.03.07-04.43.37:150][  0]LogWindows:    0. 'Intel(R) HD Graphics 5500' (P:1 D:1)
[2019.03.07-04.43.37:150][  0]LogWindows:    1. 'Intel(R) HD Graphics 5500' (P:0 D:0)
[2019.03.07-04.43.37:151][  0]LogWindows:    2. 'Intel(R) HD Graphics 5500' (P:0 D:0)
[2019.03.07-04.43.37:151][  0]LogWindows: DebugString: GetVideoDriverDetailsInvalid PrimaryIsNotTheChoosenAdapter GetVideoDriverDetailsInvalid PrimaryIsNotTheChoosenAdapter GetVideoDriverDetailsInvalid PrimaryIsNotTheChoosenAdapter FoundDriverCount:0 
[2019.03.07-04.43.37:151][  0]LogD3D11RHI:     Adapter Name: NVIDIA GeForce 840M
[2019.03.07-04.43.37:151][  0]LogD3D11RHI:   Driver Version: Unknown (internal:Unknown, unified:Unknown)
[2019.03.07-04.43.37:151][  0]LogD3D11RHI:      Driver Date: Unknown
[2019.03.07-04.43.37:171][  0]LogRHI: Texture pool is 1413 MB (70% of 2019 MB)
[2019.03.07-04.43.38:028][  0]LogD3D11RHI: [Aftermath] Aftermath enabled but failed to initialize
[2019.03.07-04.43.38:028][  0]LogD3D11RHI: [Aftermath] Aftermath enabled and primed
[2019.03.07-04.43.38:028][  0]LogD3D11RHI: Async texture creation enabled
[2019.03.07-04.43.40:030][  0]LogD3D11RHI: GPU Timing Frequency: 1000.000000 (Debug: 2 7)
[2019.03.07-04.43.40:569][  0]LogShaderCompilers: Guid format shader working directory is -44 characters bigger than the processId version (../../../../../../Users/Phil/Documents/Unreal Projects/StarlightOasis/ProjStarlightOasis/Intermediate/Shaders/WorkingDirectory/17004/).
[2019.03.07-04.43.40:594][  0]LogShaderCompilers: Cleaned the shader compiler working directory 'C:/Users/Phil/AppData/Local/Temp/UnrealShaderWorkingDir/906788FB41CA0F08DCBE0F82C68DF694/'.
[2019.03.07-04.43.44:265][  0]LogTemp: Display: Loaded TP AllDesktopTargetPlatform
[2019.03.07-04.43.44:308][  0]LogTemp: Display: Loaded TP MacClientTargetPlatform
[2019.03.07-04.43.44:343][  0]LogTemp: Display: Loaded TP MacNoEditorTargetPlatform
[2019.03.07-04.43.44:387][  0]LogTemp: Display: Loaded TP MacServerTargetPlatform
[2019.03.07-04.43.44:512][  0]LogTemp: Display: Loaded TP MacTargetPlatform
[2019.03.07-04.43.44:598][  0]LogTemp: Display: Loaded TP WindowsClientTargetPlatform
[2019.03.07-04.43.44:673][  0]LogTemp: Display: Loaded TP WindowsNoEditorTargetPlatform
[2019.03.07-04.43.44:766][  0]LogTemp: Display: Loaded TP WindowsServerTargetPlatform
[2019.03.07-04.43.44:882][  0]LogTemp: Display: Loaded TP WindowsTargetPlatform
[2019.03.07-04.43.45:033][  0]LogTemp: Display: Loaded TP Android_ASTCTargetPlatform
[2019.03.07-04.43.45:317][  0]LogTemp: Display: Loaded TP Android_ATCTargetPlatform
[2019.03.07-04.43.45:381][  0]LogTemp: Display: Loaded TP Android_DXTTargetPlatform
[2019.03.07-04.43.45:479][  0]LogTemp: Display: Loaded TP Android_ETC1aTargetPlatform
[2019.03.07-04.43.45:591][  0]LogTemp: Display: Loaded TP Android_ETC1TargetPlatform
[2019.03.07-04.43.45:697][  0]LogTemp: Display: Loaded TP Android_ETC2TargetPlatform
[2019.03.07-04.43.45:927][  0]LogTemp: Display: Loaded TP Android_MultiTargetPlatform
[2019.03.07-04.43.45:927][  0]LogTemp: Display: Loaded TP Android_PVRTCTargetPlatform
[2019.03.07-04.43.46:058][  0]LogTemp: Display: Loaded TP AndroidTargetPlatform
[2019.03.07-04.43.46:155][  0]LogTemp: Display: Loaded TP HTML5TargetPlatform
[2019.03.07-04.43.46:885][  0]LogTemp: Display: Loaded TP IOSTargetPlatform
[2019.03.07-04.43.46:925][  0]LogTemp: Display: Loaded TP TVOSTargetPlatform
[2019.03.07-04.43.47:066][  0]LogTemp: Display: Loaded TP LinuxClientTargetPlatform
[2019.03.07-04.43.47:221][  0]LogTemp: Display: Loaded TP LinuxNoEditorTargetPlatform
[2019.03.07-04.43.47:385][  0]LogTemp: Display: Loaded TP LinuxServerTargetPlatform
[2019.03.07-04.43.47:502][  0]LogTemp: Display: Loaded TP LinuxTargetPlatform
[2019.03.07-04.43.47:502][  0]LogTargetPlatformManager: Display: Building Assets For Windows
[2019.03.07-04.43.52:905][  0]LogXGEController: Cleaning working directory: C:/Users/Phil/AppData/Local/Temp/UnrealXGEWorkingDir/
[2019.03.07-04.43.52:949][  0]LogXGEController: Cannot use XGE Controller as Incredibuild is not installed on this machine.
[2019.03.07-04.43.53:003][  0]LogShaderCompilers: Cannot use XGE Shader Compiler as Incredibuild is not installed on this machine.
[2019.03.07-04.43.53:003][  0]LogShaderCompilers: Display: Using Local Shader Compiler.
[2019.03.07-04.44.07:320][  0]LogDerivedDataCache: Display: Max Cache Size: 512 MB
[2019.03.07-04.44.15:687][  0]LogDerivedDataCache: Loaded boot cache 8.37s 77MB C:/Users/Phil/AppData/Local/UnrealEngine/4.19/DerivedDataCache/Boot.ddc.
[2019.03.07-04.44.15:687][  0]LogDerivedDataCache: Display: Loaded Boot cache: C:/Users/Phil/AppData/Local/UnrealEngine/4.19/DerivedDataCache/Boot.ddc
[2019.03.07-04.44.15:687][  0]LogDerivedDataCache: FDerivedDataBackendGraph:  Pak pak cache file ../../../../../../Users/Phil/Documents/Unreal Projects/StarlightOasis/ProjStarlightOasis/DerivedDataCache/DDC.ddp not found, will not use a pak cache.
[2019.03.07-04.44.15:687][  0]LogDerivedDataCache: Unable to find inner node Pak for hierarchical cache Hierarchy.
[2019.03.07-04.44.15:687][  0]LogDerivedDataCache: FDerivedDataBackendGraph:  CompressedPak pak cache file ../../../../../../Users/Phil/Documents/Unreal Projects/StarlightOasis/ProjStarlightOasis/DerivedDataCache/Compressed.ddp not found, will not use a pak cache.
[2019.03.07-04.44.15:687][  0]LogDerivedDataCache: Unable to find inner node CompressedPak for hierarchical cache Hierarchy.
[2019.03.07-04.44.16:171][  0]LogDerivedDataCache: Display: Pak cache opened for reading ../../../Engine/DerivedDataCache/Compressed.ddp.
[2019.03.07-04.44.16:220][  0]LogDerivedDataCache: Using Local data cache path C:/Users/Phil/AppData/Local/UnrealEngine/Common/DerivedDataCache: Writable
[2019.03.07-04.44.16:220][  0]LogDerivedDataCache: Shared data cache path not found in *engine.ini, will not use an Shared cache.
[2019.03.07-04.44.16:220][  0]LogDerivedDataCache: Unable to find inner node Shared for hierarchical cache Hierarchy.
[2019.03.07-04.44.16:487][  0]LogMaterial: Verifying Global Shaders for PCD3D_SM5
[2019.03.07-04.44.16:791][  0]LogSlate: Using Freetype 2.6.0
[2019.03.07-04.44.17:050][  0]LogSlate: SlateFontCache - WITH_FREETYPE: 1, WITH_HARFBUZZ: 1
[2019.03.07-04.44.17:050][  0]LogSlate: SlateFontCache - WITH_FREETYPE: 1, WITH_HARFBUZZ: 1
[2019.03.07-04.44.29:311][  0]LogAssetRegistry: FAssetRegistry took 0.0589 seconds to start up
[2019.03.07-04.44.42:401][  0]LogInit: Selected Device Profile: [Windows]
[2019.03.07-04.44.50:190][  0]LogSimplygon: Simplygon DLL not present - disabling.
[2019.03.07-04.44.50:418][  0]LogMeshReduction: Using SimplygonSwarm for distributed automatic mesh merging
[2019.03.07-04.44.50:452][  0]LogMeshReduction: Using QuadricMeshReduction for automatic static mesh reduction
[2019.03.07-04.44.50:452][  0]LogMeshReduction: No automatic skeletal mesh reduction module available
[2019.03.07-04.44.50:452][  0]LogMeshReduction: No automatic mesh merging module available
[2019.03.07-04.44.50:452][  0]LogMeshMerging: No automatic mesh merging module available
[2019.03.07-04.44.52:780][  0]LogNetVersion: ProjStarlightOasis , NetCL: 3944462, EngineNetVer: 2, GameNetVer: 0 (Checksum: 2904713652)
[2019.03.07-04.45.11:018][  0]LogPackageLocalizationCache: Processed 9 localized package path(s) for 2 prioritized culture(s) in 0.291884 seconds
[2019.03.07-04.45.11:074][  0]LogUObjectArray: 36728 objects as part of root set at end of initial load.
[2019.03.07-04.45.11:074][  0]LogUObjectAllocator: 7314304 out of 0 bytes used by permanent object pool.
[2019.03.07-04.45.11:074][  0]LogUObjectArray: CloseDisregardForGC: 0/0 objects in disregard for GC pool
[2019.03.07-04.46.00:340][  0]LogSubstanceCoreModule: Substance [CPU] Engine Loaded, Max Texture Size = 2048
[2019.03.07-04.46.00:546][  0]LogTcpMessaging: Initializing TcpMessaging bridge
[2019.03.07-04.46.00:713][  0]LogUdpMessaging: Initializing bridge on interface 0.0.0.0:0 to multicast group 230.0.0.1:6666.
[2019.03.07-04.46.03:315][  0]SourceControl: Source control is disabled
[2019.03.07-04.46.03:338][  0]SourceControl: Source control is disabled
[2019.03.07-04.46.03:508][  0]SourceControl: Source control is disabled
[2019.03.07-04.46.03:612][  0]SourceControl: Source control is disabled
[2019.03.07-04.46.06:679][  0]LogAndroidPermission: UAndroidPermissionCallbackProxy::GetInstance
[2019.03.07-04.46.07:623][  0]LogOcInput: OculusInput pre-init called
[2019.03.07-04.46.09:207][  0]LogEngine: Initializing Engine...
[2019.03.07-04.46.09:320][  0]LogHMD: Failed to initialize OpenVR with code 110
[2019.03.07-04.46.09:350][  0]LogStats: UGameplayTagsManager::ConstructGameplayTagTree: Construct from data asset -  0.000 s
[2019.03.07-04.46.09:351][  0]LogStats: UGameplayTagsManager::ConstructGameplayTagTree: GameplayTagTreeChangedEvent.Broadcast -  0.000 s
[2019.03.07-04.46.11:175][  0]LogAIModule: Creating AISystem for world Untitled
[2019.03.07-04.46.11:727][  0]LogInit: XAudio2 using 'Speakers (Conexant SmartAudio HD)' : 2 channels at 44.1 kHz using 32 bits per sample (channel mask 0x3)
[2019.03.07-04.46.12:573][  0]LogInit: FAudioDevice initialized.
[2019.03.07-04.46.13:078][  0]LogDerivedDataCache: Saved boot cache 0.31s 77MB C:/Users/Phil/AppData/Local/UnrealEngine/4.19/DerivedDataCache/Boot.ddc.
[2019.03.07-04.46.13:137][  0]LogInit: Texture streaming: Enabled
[2019.03.07-04.46.13:388][  0]LogEngineSessionManager: EngineSessionManager initialized
[2019.03.07-04.46.13:745][  0]LogInit: Transaction tracking system initialized
[2019.03.07-04.46.14:532][  0]BlueprintLog: New page: Editor Load
[2019.03.07-04.46.16:708][  0]LocalizationService: Localization service is disabled
[2019.03.07-04.46.17:400][  0]LogLinker: Warning: Can't find file '/Game/SideScrollerCPP/SideScrollerOverview'
[2019.03.07-04.46.17:403][  0]LogLinker: Warning: Can't find file '/Game/SideScrollerCPP/SideScrollerOverview'
[2019.03.07-04.46.17:403][  0]LogUObjectGlobals: Warning: Failed to find object 'Class /Game/SideScrollerCPP/SideScrollerOverview.SideScrollerOverview_C'
[2019.03.07-04.46.17:990][  0]LogConsoleResponse: Display: 
[2019.03.07-04.46.20:353][  0]LogFileCache: Scanning file cache for directory 'C:/Users/Phil/Documents/Unreal Projects/StarlightOasis/ProjStarlightOasis/Content/' took 0.07s
[2019.03.07-04.46.20:353][  0]LogCook: Display: Max memory allowance for cook 16384mb min free memory 0mb
[2019.03.07-04.46.20:353][  0]LogCook: Display: Mobile HDR setting 1
[2019.03.07-04.46.20:353][  0]LogGameplayTags: Display: UGameplayTagsManager::DoneAddingNativeTags. DelegateIsBound: 0
[2019.03.07-04.46.20:353][  0]LogStats: UGameplayTagsManager::ConstructGameplayTagTree: Construct from data asset -  0.000 s
[2019.03.07-04.46.20:353][  0]LogStats: UGameplayTagsManager::ConstructGameplayTagTree: GameplayTagTreeChangedEvent.Broadcast -  0.000 s
[2019.03.07-04.46.24:312][  0]SourceControl: Source control is disabled
[2019.03.07-04.46.24:346][  0]Cmd: MAP LOAD FILE="../../../../../../Users/Phil/Documents/Unreal Projects/StarlightOasis/ProjStarlightOasis/Content/Levels/TestMap.umap" TEMPLATE=0 SHOWPROGRESS=1 FEATURELEVEL=3
[2019.03.07-04.46.24:806][  0]LogSlate: Took 0.016533 seconds to synchronously load lazily loaded font '../../../Engine/Content/Slate/Fonts/Roboto-Regular.ttf' (155K)
[2019.03.07-04.48.45:999][  0]LogSlate: Window 'Message' being destroyed
[2019.03.07-04.48.46:006][  0]LogWindowsTextInputMethodSystem: Display: IME system now deactivated.
[2019.03.07-04.48.46:173][  0]LightingResults: New page: Lighting Build
[2019.03.07-04.48.46:389][  0]MapCheck: New page: Map Check
[2019.03.07-04.48.46:389][  0]LightingResults: New page: Lighting Build
[2019.03.07-04.48.47:212][  0]LogAIModule: Creating AISystem for world Untitled
[2019.03.07-04.48.47:320][  0]LoadErrors: New page: New Map
[2019.03.07-04.48.48:365][  0]LogWindowsTextInputMethodSystem: Display: IME system now deactivated.
[2019.03.07-04.48.49:630][  0]LogCollectionManager: Loaded 0 collections in 0.004845 seconds
[2019.03.07-04.48.49:972][  0]LogFileCache: Scanning file cache for directory 'C:/Users/Phil/Documents/Unreal Projects/StarlightOasis/ProjStarlightOasis/Saved/Collections/' took 0.01s
[2019.03.07-04.48.49:972][  0]LogFileCache: Scanning file cache for directory 'C:/Users/Phil/Documents/Unreal Projects/StarlightOasis/ProjStarlightOasis/Content/Developers/Phil/Collections/' took 0.01s
[2019.03.07-04.48.49:972][  0]LogFileCache: Scanning file cache for directory 'C:/Users/Phil/Documents/Unreal Projects/StarlightOasis/ProjStarlightOasis/Content/Collections/' took 0.01s
[2019.03.07-04.48.49:972][  0]LogCollectionManager: Rebuilt the GUID cache for 0 collections in 0.000000 seconds
[2019.03.07-04.48.50:029][  0]LogContentBrowser: Native class hierarchy populated in 0.0269 seconds. Added 2466 classes and 564 folders.
[2019.03.07-04.48.50:152][  0]LogContentBrowser: Native class hierarchy updated for 'WidgetCarousel' in 0.0003 seconds. Added 0 classes and 0 folders.
[2019.03.07-04.48.51:348][  0]LogContentBrowser: Native class hierarchy updated for 'AddContentDialog' in 0.0010 seconds. Added 0 classes and 0 folders.
[2019.03.07-04.48.51:470][  0]LogContentBrowser: Native class hierarchy updated for 'SceneOutliner' in 0.0004 seconds. Added 1 classes and 2 folders.
[2019.03.07-04.48.53:242][  0]LogSlate: Took 0.036234 seconds to synchronously load lazily loaded font '../../../Engine/Content/Slate/Fonts/Roboto-Bold.ttf' (160K)
[2019.03.07-04.48.53:302][  0]LogSlate: Took 0.008925 seconds to synchronously load lazily loaded font '../../../Engine/Content/Editor/Slate/Fonts/FontAwesome.ttf' (139K)
[2019.03.07-04.48.54:058][  0]LogRenderer: Reallocating scene render targets to support 1172x680 Format 10 NumSamples 1 (Frame:1).
[2019.03.07-04.48.56:068][  0]LogContentBrowser: Native class hierarchy updated for 'HierarchicalLODOutliner' in 0.0009 seconds. Added 0 classes and 0 folders.
[2019.03.07-04.48.56:068][  0]LogLoad: (Engine Initialization) Total time: 361.88 seconds
[2019.03.07-04.48.56:068][  0]LogLoad: (Engine Initialization) Total Blueprint compile time: 0.00 seconds
[2019.03.07-04.48.56:457][  0]LogContentStreaming: Texture pool size now 3000 MB
[2019.03.07-04.48.56:612][  1]LogSubstanceLiveLink: Warning: Unable to send data along socket, closing connection
[2019.03.07-04.48.56:968][  2]LogAssetRegistry: Asset discovery search completed in 267.7083 seconds
[2019.03.07-04.48.56:982][  2]LogCollectionManager: Rebuilt the object cache for 0 collections in 0.000000 seconds (found 0 objects)
[2019.03.07-04.48.56:982][  2]LogCollectionManager: Fixed up redirectors for 0 collections in 0.000085 seconds (updated 0 objects)
[2019.03.07-04.49.03:343][328]LogSlate: FSceneViewport::OnFocusLost() reason 0
[2019.03.07-04.49.03:497][333]LogSlate: Took 0.051907 seconds to synchronously load lazily loaded font '../../../Engine/Content/Slate/Fonts/Roboto-Light.ttf' (167K)
[2019.03.07-04.49.11:119][647]LogTemp: Repeating last play command: Selected Viewport
[2019.03.07-04.49.11:235][647]LogPlayLevel: PlayLevel: No blueprints needed recompiling
[2019.03.07-04.49.11:368][647]PIE: New page: PIE session: Untitled_1 (Mar 6, 2019, 12:49:11 PM)
[2019.03.07-04.49.11:393][647]LogPlayLevel: Creating play world package: /Temp/UEDPIE_0_Untitled_1
[2019.03.07-04.49.11:461][647]LogPlayLevel: PIE: StaticDuplicateObject took: (0.067878s)
[2019.03.07-04.49.11:472][647]LogAIModule: Creating AISystem for world Untitled
[2019.03.07-04.49.11:483][647]LogPlayLevel: PIE: World Init took: (0.010789s)
[2019.03.07-04.49.11:497][647]LogPlayLevel: PIE: Created PIE world by copying editor world from /Temp/Untitled_1.Untitled to /Temp/UEDPIE_0_Untitled_1.Untitled (0.103717s)
[2019.03.07-04.49.11:548][647]LogInit: XAudio2 using 'Speakers (Conexant SmartAudio HD)' : 2 channels at 44.1 kHz using 32 bits per sample (channel mask 0x3)
[2019.03.07-04.49.11:600][647]LogInit: FAudioDevice initialized.
[2019.03.07-04.49.11:689][647]LogLinker: Warning: Asset '../../../../../../Users/Phil/Documents/Unreal Projects/StarlightOasis/ProjStarlightOasis/Content/Gamemodes/SpectatorPawn_Gamemode.uasset' has been saved with empty engine version. The asset will be loaded but may be incompatible.
[2019.03.07-04.49.11:689][647]LogLinker: Warning: Unable to load package (../../../../../../Users/Phil/Documents/Unreal Projects/StarlightOasis/ProjStarlightOasis/Content/Gamemodes/SpectatorPawn_Gamemode.uasset) PackageVersion 517, MaxExpected 516 : LicenseePackageVersion 0, MaxExpected 0.
[2019.03.07-04.49.11:691][647]LogLinker: Warning: Asset '../../../../../../Users/Phil/Documents/Unreal Projects/StarlightOasis/ProjStarlightOasis/Content/Gamemodes/SpectatorPawn_Gamemode.uasset' has been saved with empty engine version. The asset will be loaded but may be incompatible.
[2019.03.07-04.49.11:691][647]LogLinker: Warning: Unable to load package (../../../../../../Users/Phil/Documents/Unreal Projects/StarlightOasis/ProjStarlightOasis/Content/Gamemodes/SpectatorPawn_Gamemode.uasset) PackageVersion 517, MaxExpected 516 : LicenseePackageVersion 0, MaxExpected 0.
[2019.03.07-04.49.11:691][647]LogUObjectGlobals: Warning: Failed to find object 'Class /Game/Gamemodes/SpectatorPawn_Gamemode.SpectatorPawn_Gamemode_C'
[2019.03.07-04.49.11:691][647]LogLoad: Game class is 'GameModeBase'
[2019.03.07-04.49.11:821][647]LogWorld: Bringing World /Temp/UEDPIE_0_Untitled_1.Untitled up for play (max tick rate 60) at 2019.03.06-20.49.11
[2019.03.07-04.49.11:827][647]LogWorld: Bringing up level for play took: 0.020471
[2019.03.07-04.49.12:138][647]LogContentBrowser: Native class hierarchy updated for 'MovieSceneCapture' in 0.0005 seconds. Added 11 classes and 0 folders.
[2019.03.07-04.49.12:375][647]PIE: Play in editor start time for /Temp/UEDPIE_0_Untitled_1 0.404
[2019.03.07-04.49.16:375][813]LogSlate: Window 'ProjStarlightOasis - Unreal Editor' being destroyed
[2019.03.07-04.49.16:376][813]LogWindowsTextInputMethodSystem: Display: IME system now deactivated.
[2019.03.07-04.49.16:802][814]Cmd: QUIT_EDITOR
[2019.03.07-04.49.17:310][814]LogSlate: Slate User Destroyed.  User Index 0, Is Virtual User: 0
[2019.03.07-04.49.17:328][814]LogExit: Preparing to exit.
[2019.03.07-04.49.18:201][814]LogDirectoryWatcher: A directory notification for 'C:/Users/Phil/Documents/Unreal Projects/StarlightOasis/ProjStarlightOasis/Content/' was aborted.
[2019.03.07-04.49.18:326][814]LogExit: Editor shut down
[2019.03.07-04.49.18:333][814]LogExit: Transaction tracking system shut down
[2019.03.07-04.49.18:490][814]LogDirectoryWatcher: A directory notification for '../../../Engine/Content/' was aborted.
[2019.03.07-04.49.18:490][814]LogDirectoryWatcher: A directory notification for '../../../../../../Users/Phil/Documents/Unreal Projects/StarlightOasis/ProjStarlightOasis/Content/' was aborted.
[2019.03.07-04.49.18:490][814]LogDirectoryWatcher: A directory notification for '../../Plugins/2D/Paper2D/Content/' was aborted.
[2019.03.07-04.49.18:490][814]LogDirectoryWatcher: A directory notification for '../../Plugins/Enterprise/DatasmithContent/Content/' was aborted.
[2019.03.07-04.49.18:490][814]LogDirectoryWatcher: A directory notification for '../../Plugins/Media/MediaCompositing/Content/' was aborted.
[2019.03.07-04.49.18:490][814]LogDirectoryWatcher: A directory notification for '../../Plugins/Runtime/AppleARKit/Content/' was aborted.
[2019.03.07-04.49.18:491][814]LogDirectoryWatcher: A directory notification for '../../Plugins/Runtime/Oculus/OculusVR/Content/' was aborted.
[2019.03.07-04.49.18:491][814]LogDirectoryWatcher: A directory notification for '../../Plugins/Runtime/Steam/SteamVR/Content/' was aborted.
[2019.03.07-04.49.19:728][814]LogExit: Object subsystem successfully closed.
[2019.03.07-04.49.19:933][814]LogShaderCompilers: Display: Shaders left to compile 0
[2019.03.07-04.49.19:964][814]LogD3D11RHI: Shutdown
[2019.03.07-04.49.19:964][814]LogD3D11RHI: CleanupD3DDevice
[2019.03.07-04.49.19:982][814]LogD3D11RHI: ~FD3D11DynamicRHI
[2019.03.07-04.49.20:401][814]LogModuleManager: Shutting down and abandoning module MovieSceneCapture (584)
[2019.03.07-04.49.20:401][814]LogModuleManager: Shutting down and abandoning module HierarchicalLODOutliner (582)
[2019.03.07-04.49.20:402][814]LogModuleManager: Shutting down and abandoning module SceneOutliner (580)
[2019.03.07-04.49.20:406][814]LogModuleManager: Shutting down and abandoning module AddContentDialog (578)
[2019.03.07-04.49.20:406][814]LogDirectoryWatcher: A directory notification for 'C:/Program Files/Epic Games/UE_4.19/FeaturePacks/' was aborted.
[2019.03.07-04.49.20:410][814]LogModuleManager: Shutting down and abandoning module WidgetCarousel (577)
[2019.03.07-04.49.20:410][814]LogModuleManager: Shutting down and abandoning module EditorWidgets (574)
[2019.03.07-04.49.20:410][814]LogModuleManager: Shutting down and abandoning module CollectionManager (572)
[2019.03.07-04.49.20:422][814]LogDirectoryWatcher: A directory notification for 'C:/Users/Phil/Documents/Unreal Projects/StarlightOasis/ProjStarlightOasis/Content/Collections/' was aborted.
[2019.03.07-04.49.20:423][814]LogDirectoryWatcher: A directory notification for 'C:/Users/Phil/Documents/Unreal Projects/StarlightOasis/ProjStarlightOasis/Content/Developers/Phil/Collections/' was aborted.
[2019.03.07-04.49.20:423][814]LogDirectoryWatcher: A directory notification for 'C:/Users/Phil/Documents/Unreal Projects/StarlightOasis/ProjStarlightOasis/Saved/Collections/' was aborted.
[2019.03.07-04.49.20:423][814]LogModuleManager: Shutting down and abandoning module StatsViewer (570)
[2019.03.07-04.49.20:434][814]LogModuleManager: Shutting down and abandoning module FoliageEdit (568)
[2019.03.07-04.49.20:434][814]LogModuleManager: Shutting down and abandoning module LandscapeEditor (566)
[2019.03.07-04.49.20:442][814]LogModuleManager: Shutting down and abandoning module MeshPaintMode (564)
[2019.03.07-04.49.20:442][814]LogModuleManager: Shutting down and abandoning module SceneDepthPickerMode (562)
[2019.03.07-04.49.20:442][814]LogModuleManager: Shutting down and abandoning module ActorPickerMode (560)
[2019.03.07-04.49.20:442][814]LogModuleManager: Shutting down and abandoning module GeometryMode (558)
[2019.03.07-04.49.20:442][814]LogModuleManager: Shutting down and abandoning module TextureAlignMode (556)
[2019.03.07-04.49.20:443][814]LogModuleManager: Shutting down and abandoning module BspMode (554)
[2019.03.07-04.49.20:443][814]LogModuleManager: Shutting down and abandoning module PIEPreviewDeviceProfileSelector (552)
[2019.03.07-04.49.20:443][814]LogModuleManager: Shutting down and abandoning module HardwareSurvey (550)
[2019.03.07-04.49.20:443][814]LogModuleManager: Shutting down and abandoning module SequenceRecorderSections (548)
[2019.03.07-04.49.20:443][814]LogModuleManager: Shutting down and abandoning module AutomationWorker (546)
[2019.03.07-04.49.20:443][814]LogModuleManager: Shutting down and abandoning module AudioCaptureEditor (544)
[2019.03.07-04.49.20:443][814]LogModuleManager: Shutting down and abandoning module SequenceRecorder (543)
[2019.03.07-04.49.20:443][814]LogModuleManager: Shutting down and abandoning module MatineeToLevelSequence (540)
[2019.03.07-04.49.20:443][814]LogModuleManager: Shutting down and abandoning module LevelSequenceEditor (538)
[2019.03.07-04.49.20:464][814]LogModuleManager: Shutting down and abandoning module PlacementMode (537)
[2019.03.07-04.49.20:464][814]LogModuleManager: Shutting down and abandoning module MaterialEditor (536)
[2019.03.07-04.49.20:591][814]LogModuleManager: Shutting down and abandoning module WmfMediaFactory (532)
[2019.03.07-04.49.20:591][814]LogModuleManager: Shutting down and abandoning module WmfMediaEditor (530)
[2019.03.07-04.49.20:591][814]LogModuleManager: Shutting down and abandoning module MediaPlayerEditor (528)
[2019.03.07-04.49.20:600][814]LogModuleManager: Shutting down and abandoning module OpenExrWrapper (526)
[2019.03.07-04.49.20:600][814]LogModuleManager: Shutting down and abandoning module ImgMediaFactory (524)
[2019.03.07-04.49.20:601][814]LogModuleManager: Shutting down and abandoning module ImgMediaEditor (522)
[2019.03.07-04.49.20:601][814]LogModuleManager: Shutting down and abandoning module AvfMediaFactory (520)
[2019.03.07-04.49.20:601][814]LogModuleManager: Shutting down and abandoning module AvfMediaEditor (518)
[2019.03.07-04.49.20:601][814]LogModuleManager: Shutting down and abandoning module AndroidMediaFactory (516)
[2019.03.07-04.49.20:601][814]LogModuleManager: Shutting down and abandoning module AndroidMediaEditor (514)
[2019.03.07-04.49.20:601][814]LogModuleManager: Shutting down and abandoning module CharacterAI (512)
[2019.03.07-04.49.20:601][814]LogModuleManager: Shutting down and abandoning module SmartSnapping (510)
[2019.03.07-04.49.20:601][814]LogModuleManager: Shutting down and abandoning module SessionServices (508)
[2019.03.07-04.49.20:601][814]LogModuleManager: Shutting down and abandoning module ViewportSnapping (506)
[2019.03.07-04.49.20:601][814]LogModuleManager: Shutting down and abandoning module ViewportInteraction (504)
[2019.03.07-04.49.20:602][814]LogModuleManager: Shutting down and abandoning module ClothPainter (502)
[2019.03.07-04.49.20:602][814]LogModuleManager: Shutting down and abandoning module SkeletalMeshEditor (501)
[2019.03.07-04.49.20:647][814]LogModuleManager: Shutting down and abandoning module LogVisualizer (498)
[2019.03.07-04.49.20:647][814]LogModuleManager: Shutting down and abandoning module IntroTutorials (496)
[2019.03.07-04.49.20:654][814]LogModuleManager: Shutting down and abandoning module GameProjectGeneration (495)
[2019.03.07-04.49.20:666][814]LogModuleManager: Shutting down and abandoning module IOSPlatformEditor (492)
[2019.03.07-04.49.20:666][814]LogModuleManager: Shutting down and abandoning module HTML5PlatformEditor (490)
[2019.03.07-04.49.20:666][814]LogModuleManager: Shutting down and abandoning module AndroidPlatformEditor (488)
[2019.03.07-04.49.20:666][814]LogModuleManager: Shutting down and abandoning module AndroidDeviceDetection (487)
[2019.03.07-04.49.21:366][814]LogModuleManager: Shutting down and abandoning module WindowsPlatformEditor (484)
[2019.03.07-04.49.21:367][814]LogModuleManager: Shutting down and abandoning module IOSRuntimeSettings (482)
[2019.03.07-04.49.21:367][814]LogModuleManager: Shutting down and abandoning module AndroidRuntimeSettings (480)
[2019.03.07-04.49.21:367][814]LogModuleManager: Shutting down and abandoning module InputBindingEditor (478)
[2019.03.07-04.49.21:367][814]LogModuleManager: Shutting down and abandoning module MergeActors (476)
[2019.03.07-04.49.21:424][814]LogModuleManager: Shutting down and abandoning module LocalizationDashboard (474)
[2019.03.07-04.49.21:428][814]LogModuleManager: Shutting down and abandoning module LocalizationService (473)
[2019.03.07-04.49.21:429][814]LogModuleManager: Shutting down and abandoning module HardwareTargeting (470)
[2019.03.07-04.49.21:429][814]LogModuleManager: Shutting down and abandoning module DeviceProfileEditor (468)
[2019.03.07-04.49.21:429][814]LogModuleManager: Shutting down and abandoning module UndoHistory (466)
[2019.03.07-04.49.21:429][814]LogModuleManager: Shutting down and abandoning module XmlParser (464)
[2019.03.07-04.49.21:429][814]LogModuleManager: Shutting down and abandoning module Blutility (462)
[2019.03.07-04.49.21:429][814]LogModuleManager: Shutting down and abandoning module ProjectSettingsViewer (460)
[2019.03.07-04.49.21:429][814]LogModuleManager: Shutting down and abandoning module ProjectTargetPlatformEditor (459)
[2019.03.07-04.49.21:429][814]LogModuleManager: Shutting down and abandoning module EditorSettingsViewer (456)
[2019.03.07-04.49.21:429][814]LogModuleManager: Shutting down and abandoning module SettingsEditor (454)
[2019.03.07-04.49.21:449][814]LogModuleManager: Shutting down and abandoning module ProjectLauncher (452)
[2019.03.07-04.49.21:459][814]LogModuleManager: Shutting down and abandoning module SessionFrontend (450)
[2019.03.07-04.49.21:459][814]LogModuleManager: Shutting down and abandoning module ProfilerClient (448)
[2019.03.07-04.49.21:468][814]LogModuleManager: Shutting down and abandoning module DeviceManager (446)
[2019.03.07-04.49.21:468][814]LogModuleManager: Shutting down and abandoning module TargetDeviceServices (445)
[2019.03.07-04.49.21:521][814]LogModuleManager: Shutting down and abandoning module AutomationController (442)
[2019.03.07-04.49.21:521][814]LogModuleManager: Shutting down and abandoning module AutomationWindow (440)
[2019.03.07-04.49.21:566][814]LogModuleManager: Shutting down and abandoning module Layers (438)
[2019.03.07-04.49.21:600][814]LogModuleManager: Shutting down and abandoning module ComponentVisualizers (436)
[2019.03.07-04.49.21:600][814]LogModuleManager: Shutting down and abandoning module DetailCustomizations (434)
[2019.03.07-04.49.21:600][814]LogModuleManager: Shutting down and abandoning module PackagesDialog (432)
[2019.03.07-04.49.21:611][814]LogModuleManager: Shutting down and abandoning module Persona (430)
[2019.03.07-04.49.21:633][814]LogModuleManager: Shutting down and abandoning module AdvancedPreviewScene (429)
[2019.03.07-04.49.21:633][814]LogModuleManager: Shutting down and abandoning module AnimGraph (427)
[2019.03.07-04.49.21:633][814]LogModuleManager: Shutting down and abandoning module Kismet (424)
[2019.03.07-04.49.21:633][814]LogModuleManager: Shutting down and abandoning module GraphEditor (422)
[2019.03.07-04.49.21:682][814]LogModuleManager: Shutting down and abandoning module ClassViewer (420)
[2019.03.07-04.49.21:682][814]LogModuleManager: Shutting down and abandoning module Toolbox (418)
[2019.03.07-04.49.21:682][814]LogModuleManager: Shutting down and abandoning module ModuleUI (416)
[2019.03.07-04.49.21:688][814]LogModuleManager: Shutting down and abandoning module MovieSceneTools (414)
[2019.03.07-04.49.21:704][814]LogModuleManager: Shutting down and abandoning module OutputLog (412)
[2019.03.07-04.49.21:712][814]LogModuleManager: Shutting down and abandoning module GammaUI (410)
[2019.03.07-04.49.21:716][814]LogModuleManager: Shutting down and abandoning module Documentation (408)
[2019.03.07-04.49.21:716][814]LogModuleManager: Shutting down and abandoning module MovieSceneTracks (406)
[2019.03.07-04.49.21:717][814]LogModuleManager: Shutting down and abandoning module MovieScene (404)
[2019.03.07-04.49.21:717][814]LogModuleManager: Shutting down and abandoning module StreamingPauseRendering (402)
[2019.03.07-04.49.21:717][814]LogModuleManager: Shutting down and abandoning module LauncherPlatform (400)
[2019.03.07-04.49.21:717][814]LogModuleManager: Shutting down and abandoning module AnalyticsET (398)
[2019.03.07-04.49.21:717][814]LogModuleManager: Shutting down and abandoning module PortalServices (396)
[2019.03.07-04.49.21:717][814]LogModuleManager: Shutting down and abandoning module PortalRpc (394)
[2019.03.07-04.49.21:717][814]LogModuleManager: Shutting down and abandoning module MessagingRpc (392)
[2019.03.07-04.49.21:717][814]LogModuleManager: Shutting down and abandoning module AIModule (390)
[2019.03.07-04.49.21:726][814]LogModuleManager: Shutting down and abandoning module GameplayDebugger (389)
[2019.03.07-04.49.21:726][814]LogModuleManager: Shutting down and abandoning module AITestSuite (387)
[2019.03.07-04.49.21:726][814]LogModuleManager: Shutting down and abandoning module DesktopPlatform (384)
[2019.03.07-04.49.21:726][814]LogModuleManager: Shutting down and abandoning module ProfilerService (382)
[2019.03.07-04.49.21:744][814]LogModuleManager: Shutting down and abandoning module TaskGraph (380)
[2019.03.07-04.49.21:744][814]LogModuleManager: Shutting down and abandoning module SubstanceLiveLink (378)
[2019.03.07-04.49.21:744][814]LogModuleManager: Shutting down and abandoning module SubstanceSource (376)
[2019.03.07-04.49.21:744][814]LogModuleManager: Shutting down and abandoning module SubstanceEditor (374)
[2019.03.07-04.49.21:745][814]LogModuleManager: Shutting down and abandoning module SteamVRController (372)
[2019.03.07-04.49.21:745][814]LogModuleManager: Shutting down and abandoning module ProceduralMeshComponentEditor (370)
[2019.03.07-04.49.21:745][814]LogModuleManager: Shutting down and abandoning module ProceduralMeshComponent (368)
[2019.03.07-04.49.21:745][814]LogModuleManager: Shutting down and abandoning module OculusInput (366)
[2019.03.07-04.49.21:745][814]LogModuleManager: Shutting down and abandoning module MobilePatchingUtils (364)
[2019.03.07-04.49.21:745][814]LogModuleManager: Shutting down and abandoning module CustomMeshComponent (362)
[2019.03.07-04.49.21:745][814]LogModuleManager: Shutting down and abandoning module CableComponent (360)
[2019.03.07-04.49.21:745][814]LogModuleManager: Shutting down and abandoning module AudioCapture (358)
[2019.03.07-04.49.21:745][814]LogModuleManager: Shutting down and abandoning module ArchVisCharacter (356)
[2019.03.07-04.49.21:745][814]LogModuleManager: Shutting down and abandoning module AndroidPermission (354)
[2019.03.07-04.49.21:746][814]LogModuleManager: Shutting down and abandoning module NUTUnrealEngine4 (350)
[2019.03.07-04.49.21:746][814]LogModuleManager: Shutting down and abandoning module NetcodeUnitTest (348)
[2019.03.07-04.49.21:758][814]LogModuleManager: Shutting down and abandoning module MediaCompositingEditor (346)
[2019.03.07-04.49.21:758][814]LogModuleManager: Shutting down and abandoning module MediaCompositing (344)
[2019.03.07-04.49.21:758][814]LogModuleManager: Shutting down and abandoning module LinearTimecode (342)
[2019.03.07-04.49.21:758][814]LogModuleManager: Shutting down and abandoning module ImgMedia (340)
[2019.03.07-04.49.21:781][814]LogModuleManager: Shutting down and abandoning module HTML5Networking (338)
[2019.03.07-04.49.21:781][814]LogModuleManager: Shutting down and abandoning module AlembicImporter (336)
[2019.03.07-04.49.21:792][814]LogModuleManager: Shutting down and abandoning module AlembicLibrary (335)
[2019.03.07-04.49.21:796][814]LogModuleManager: Shutting down and abandoning module GeometryCache (334)
[2019.03.07-04.49.21:796][814]LogModuleManager: Shutting down and abandoning module GeometryCacheEd (333)
[2019.03.07-04.49.21:796][814]LogModuleManager: Shutting down and abandoning module DatasmithContent (328)
[2019.03.07-04.49.21:796][814]LogModuleManager: Shutting down and abandoning module SpeedTreeImporter (326)
[2019.03.07-04.49.21:796][814]LogModuleManager: Shutting down and abandoning module PluginBrowser (324)
[2019.03.07-04.49.21:815][814]LogModuleManager: Shutting down and abandoning module MobileLauncherProfileWizard (322)
[2019.03.07-04.49.21:850][814]LogModuleManager: Shutting down and abandoning module CryptoKeysOpenSSL (320)
[2019.03.07-04.49.21:855][814]LogModuleManager: Shutting down and abandoning module CryptoKeys (318)
[2019.03.07-04.49.21:855][814]LogModuleManager: Shutting down and abandoning module VisualStudioSourceCodeAccess (316)
[2019.03.07-04.49.21:855][814]LogModuleManager: Shutting down and abandoning module VisualStudioCodeSourceCodeAccess (314)
[2019.03.07-04.49.21:855][814]LogModuleManager: Shutting down and abandoning module UObjectPlugin (312)
[2019.03.07-04.49.21:855][814]LogModuleManager: Shutting down and abandoning module SubversionSourceControl (310)
[2019.03.07-04.49.21:865][814]LogModuleManager: Shutting down and abandoning module PerforceSourceControl (308)
[2019.03.07-04.49.21:877][814]LogModuleManager: Shutting down and abandoning module GitSourceControl (306)
[2019.03.07-04.49.21:883][814]LogModuleManager: Shutting down and abandoning module SourceControl (305)
[2019.03.07-04.49.21:895][814]LogModuleManager: Shutting down and abandoning module CLionSourceCodeAccess (302)
[2019.03.07-04.49.21:901][814]LogModuleManager: Shutting down and abandoning module LightPropagationVolumeEditor (300)
[2019.03.07-04.49.21:901][814]LogModuleManager: Shutting down and abandoning module PaperTiledImporter (298)
[2019.03.07-04.49.21:901][814]LogModuleManager: Shutting down and abandoning module PaperSpriteSheetImporter (296)
[2019.03.07-04.49.21:901][814]LogModuleManager: Shutting down and abandoning module Paper2DEditor (294)
[2019.03.07-04.49.21:919][814]LogModuleManager: Shutting down and abandoning module MeshPaint (293)
[2019.03.07-04.49.21:926][814]LogModuleManager: Shutting down and abandoning module RuntimePhysXCooking (290)
[2019.03.07-04.49.21:926][814]LogModuleManager: Shutting down and abandoning module PhysXVehiclesEditor (288)
[2019.03.07-04.49.21:926][814]LogModuleManager: Shutting down and abandoning module PhysXVehicles (286)
[2019.03.07-04.49.21:926][814]LogModuleManager: Shutting down and abandoning module OculusEditor (284)
[2019.03.07-04.49.21:926][814]LogModuleManager: Shutting down and abandoning module LocationServicesBPLibrary (282)
[2019.03.07-04.49.21:926][814]LogModuleManager: Shutting down and abandoning module ImmediatePhysicsEditor (280)
[2019.03.07-04.49.21:926][814]LogModuleManager: Shutting down and abandoning module ImmediatePhysics (278)
[2019.03.07-04.49.21:926][814]LogModuleManager: Shutting down and abandoning module ActorSequence (276)
[2019.03.07-04.49.21:926][814]LogModuleManager: Shutting down and abandoning module UdpMessaging (274)
[2019.03.07-04.49.22:027][814]LogModuleManager: Shutting down and abandoning module TcpMessaging (272)
[2019.03.07-04.49.22:142][814]LogModuleManager: Shutting down and abandoning module SubstanceCore (270)
[2019.03.07-04.49.22:142][814]LogModuleManager: Shutting down and abandoning module GameplayTagsEditor (268)
[2019.03.07-04.49.22:149][814]LogModuleManager: Shutting down and abandoning module FacialAnimationEditor (266)
[2019.03.07-04.49.22:149][814]LogModuleManager: Shutting down and abandoning module FacialAnimation (264)
[2019.03.07-04.49.22:149][814]LogModuleManager: Shutting down and abandoning module DataValidation (262)
[2019.03.07-04.49.22:152][814]LogModuleManager: Shutting down and abandoning module AssetManagerEditor (260)
[2019.03.07-04.49.22:168][814]LogModuleManager: Shutting down and abandoning module LevelEditor (259)
[2019.03.07-04.49.22:170][814]LogModuleManager: Shutting down and abandoning module PixelInspectorModule (258)
[2019.03.07-04.49.22:180][814]LogModuleManager: Shutting down and abandoning module CommonMenuExtensions (256)
[2019.03.07-04.49.22:181][814]LogModuleManager: Shutting down and abandoning module MainFrame (254)
[2019.03.07-04.49.22:181][814]LogModuleManager: Shutting down and abandoning module HotReload (253)
[2019.03.07-04.49.22:187][814]LogModuleManager: Shutting down and abandoning module ContentBrowser (249)
[2019.03.07-04.49.22:190][814]LogModuleManager: Shutting down and abandoning module TreeMap (247)
[2019.03.07-04.49.22:201][814]LogModuleManager: Shutting down and abandoning module LightPropagationVolumeRuntime (244)
[2019.03.07-04.49.22:201][814]LogModuleManager: Shutting down and abandoning module LiveLinkEditor (242)
[2019.03.07-04.49.22:209][814]LogModuleManager: Shutting down and abandoning module LiveLink (240)
[2019.03.07-04.49.22:498][814]LogModuleManager: Shutting down and abandoning module Paper2D (238)
[2019.03.07-04.49.22:505][814]LogModuleManager: Shutting down and abandoning module WindowsMoviePlayer (236)
[2019.03.07-04.49.22:516][814]LogModuleManager: Shutting down and abandoning module WmfMedia (234)
[2019.03.07-04.49.22:533][814]LogModuleManager: Shutting down and abandoning module Media (233)
[2019.03.07-04.49.22:540][814]LogModuleManager: Shutting down and abandoning module PacketHandler (230)
[2019.03.07-04.49.22:541][814]LogModuleManager: Shutting down and abandoning module ClothingSystemEditor (228)
[2019.03.07-04.49.22:541][814]LogModuleManager: Shutting down and abandoning module ClothingSystemRuntime (226)
[2019.03.07-04.49.22:562][814]LogModuleManager: Shutting down and abandoning module MediaAssets (224)
[2019.03.07-04.49.22:562][814]LogModuleManager: Shutting down and abandoning module Overlay (222)
[2019.03.07-04.49.22:562][814]LogModuleManager: Shutting down and abandoning module OverlayEditor (221)
[2019.03.07-04.49.22:562][814]LogModuleManager: Shutting down and abandoning module VREditor (218)
[2019.03.07-04.49.22:584][814]LogModuleManager: Shutting down and abandoning module StringTableEditor (216)
[2019.03.07-04.49.22:584][814]LogModuleManager: Shutting down and abandoning module GameplayTasksEditor (214)
[2019.03.07-04.49.22:584][814]LogModuleManager: Shutting down and abandoning module BehaviorTreeEditor (212)
[2019.03.07-04.49.22:617][814]LogModuleManager: Shutting down and abandoning module FunctionalTesting (210)
[2019.03.07-04.49.22:620][814]LogModuleManager: Shutting down and abandoning module CollisionAnalyzer (208)
[2019.03.07-04.49.22:631][814]LogModuleManager: Shutting down and abandoning module WorkspaceMenuStructure (207)
[2019.03.07-04.49.22:632][814]LogModuleManager: Shutting down and abandoning module UMG (204)
[2019.03.07-04.49.22:646][814]LogModuleManager: Shutting down and abandoning module UMGEditor (203)
[2019.03.07-04.49.22:680][814]LogModuleManager: Shutting down and abandoning module Sequencer (202)
[2019.03.07-04.49.22:701][814]LogModuleManager: Shutting down and abandoning module MessageLog (199)
[2019.03.07-04.49.22:709][814]LogModuleManager: Shutting down and abandoning module SlateReflector (194)
[2019.03.07-04.49.22:734][814]LogModuleManager: Shutting down and abandoning module Slate (192)
[2019.03.07-04.49.22:735][814]LogModuleManager: Shutting down and abandoning module EditorStyle (190)
[2019.03.07-04.49.22:740][814]LogModuleManager: Shutting down and abandoning module MRMesh (188)
[2019.03.07-04.49.22:740][814]LogModuleManager: Shutting down and abandoning module SourceCodeAccess (186)
[2019.03.07-04.49.22:741][814]LogModuleManager: Shutting down and abandoning module HeadMountedDisplay (184)
[2019.03.07-04.49.22:741][814]LogModuleManager: Shutting down and abandoning module XAudio2 (182)
[2019.03.07-04.49.22:741][814]LogModuleManager: Shutting down and abandoning module Networking (180)
[2019.03.07-04.49.22:741][814]LogModuleManager: Shutting down and abandoning module Core (178)
[2019.03.07-04.49.22:741][814]LogModuleManager: Shutting down and abandoning module LevelSequence (176)
[2019.03.07-04.49.22:753][814]LogModuleManager: Shutting down and abandoning module KismetCompiler (174)
[2019.03.07-04.49.22:753][814]LogModuleManager: Shutting down and abandoning module MeshUtilities (172)
[2019.03.07-04.49.22:768][814]LogModuleManager: Shutting down and abandoning module MeshMergeUtilities (171)
[2019.03.07-04.49.22:768][814]LogModuleManager: Shutting down and abandoning module MeshReductionInterface (170)
[2019.03.07-04.49.22:768][814]LogModuleManager: Shutting down and abandoning module SimplygonSwarm (169)
[2019.03.07-04.49.22:774][814]LogModuleManager: Shutting down and abandoning module SimplygonMeshReduction (167)
[2019.03.07-04.49.22:784][814]LogModuleManager: Shutting down and abandoning module QuadricMeshReduction (165)
[2019.03.07-04.49.22:788][814]LogModuleManager: Shutting down and abandoning module MaterialBaking (161)
[2019.03.07-04.49.22:822][814]LogModuleManager: Shutting down and abandoning module DirectoryWatcher (157)
[2019.03.07-04.49.22:825][814]LogModuleManager: Shutting down and abandoning module DerivedDataCache (154)
[2019.03.07-04.49.22:926][814]LogDerivedDataCache: Shutdown
[2019.03.07-04.49.22:926][814]LogModuleManager: Shutting down and abandoning module XGEController (152)
[2019.03.07-04.49.22:927][814]LogXGEController: Cleaning working directory: C:/Users/Phil/AppData/Local/Temp/UnrealXGEWorkingDir/
[2019.03.07-04.49.22:927][814]LogModuleManager: Shutting down and abandoning module TargetPlatform (150)
[2019.03.07-04.49.22:927][814]LogModuleManager: Shutting down and abandoning module VulkanShaderFormat (149)
[2019.03.07-04.49.22:932][814]LogModuleManager: Shutting down and abandoning module ShaderFormatVectorVM (147)
[2019.03.07-04.49.22:949][814]LogModuleManager: Shutting down and abandoning module ShaderFormatOpenGL (145)
[2019.03.07-04.49.22:958][814]LogModuleManager: Shutting down and abandoning module ShaderFormatD3D (143)
[2019.03.07-04.49.22:967][814]LogModuleManager: Shutting down and abandoning module MetalShaderFormat (141)
[2019.03.07-04.49.22:991][814]LogModuleManager: Shutting down and abandoning module TextureFormatUncompressed (139)
[2019.03.07-04.49.22:991][814]LogModuleManager: Shutting down and abandoning module TextureFormatPVR (137)
[2019.03.07-04.49.22:991][814]LogModuleManager: Shutting down and abandoning module TextureFormatDXT (135)
[2019.03.07-04.49.23:007][814]LogModuleManager: Shutting down and abandoning module TextureFormatIntelISPCTexComp (133)
[2019.03.07-04.49.23:017][814]LogModuleManager: Shutting down and abandoning module TextureFormatASTC (131)
[2019.03.07-04.49.23:017][814]LogModuleManager: Shutting down and abandoning module ImageWrapper (130)
[2019.03.07-04.49.23:017][814]LogModuleManager: Shutting down and abandoning module TextureFormatAndroid (127)
[2019.03.07-04.49.23:017][814]LogModuleManager: Shutting down and abandoning module AudioFormatOpus (125)
[2019.03.07-04.49.23:018][814]LogModuleManager: Shutting down and abandoning module AudioFormatOgg (123)
[2019.03.07-04.49.23:018][814]LogModuleManager: Shutting down and abandoning module AudioFormatADPCM (121)
[2019.03.07-04.49.23:018][814]LogModuleManager: Shutting down and abandoning module LinuxTargetPlatform (119)
[2019.03.07-04.49.23:018][814]LogModuleManager: Shutting down and abandoning module LinuxServerTargetPlatform (117)
[2019.03.07-04.49.23:018][814]LogModuleManager: Shutting down and abandoning module LinuxNoEditorTargetPlatform (115)
[2019.03.07-04.49.23:018][814]LogModuleManager: Shutting down and abandoning module LinuxClientTargetPlatform (113)
[2019.03.07-04.49.23:018][814]LogModuleManager: Shutting down and abandoning module TVOSTargetPlatform (111)
[2019.03.07-04.49.23:018][814]LogModuleManager: Shutting down and abandoning module Messaging (109)
[2019.03.07-04.49.23:018][814]LogModuleManager: Shutting down and abandoning module IOSTargetPlatform (107)
[2019.03.07-04.49.23:018][814]LogModuleManager: Shutting down and abandoning module HTML5TargetPlatform (105)
[2019.03.07-04.49.23:018][814]LogModuleManager: Shutting down and abandoning module AndroidTargetPlatform (103)
[2019.03.07-04.49.23:018][814]LogModuleManager: Shutting down and abandoning module Android_PVRTCTargetPlatform (101)
[2019.03.07-04.49.23:018][814]LogModuleManager: Shutting down and abandoning module Android_MultiTargetPlatform (99)
[2019.03.07-04.49.23:019][814]LogModuleManager: Shutting down and abandoning module Android_ETC2TargetPlatform (97)
[2019.03.07-04.49.23:019][814]LogModuleManager: Shutting down and abandoning module Android_ETC1TargetPlatform (95)
[2019.03.07-04.49.23:019][814]LogModuleManager: Shutting down and abandoning module Android_ETC1aTargetPlatform (93)
[2019.03.07-04.49.23:019][814]LogModuleManager: Shutting down and abandoning module Android_DXTTargetPlatform (91)
[2019.03.07-04.49.23:019][814]LogModuleManager: Shutting down and abandoning module Android_ATCTargetPlatform (89)
[2019.03.07-04.49.23:019][814]LogModuleManager: Shutting down and abandoning module Android_ASTCTargetPlatform (87)
[2019.03.07-04.49.23:019][814]LogModuleManager: Shutting down and abandoning module WindowsTargetPlatform (85)
[2019.03.07-04.49.23:019][814]LogModuleManager: Shutting down and abandoning module WindowsServerTargetPlatform (83)
[2019.03.07-04.49.23:019][814]LogModuleManager: Shutting down and abandoning module WindowsNoEditorTargetPlatform (81)
[2019.03.07-04.49.23:019][814]LogModuleManager: Shutting down and abandoning module WindowsClientTargetPlatform (79)
[2019.03.07-04.49.23:019][814]LogModuleManager: Shutting down and abandoning module MacTargetPlatform (77)
[2019.03.07-04.49.23:019][814]LogModuleManager: Shutting down and abandoning module MacServerTargetPlatform (75)
[2019.03.07-04.49.23:019][814]LogModuleManager: Shutting down and abandoning module MacNoEditorTargetPlatform (73)
[2019.03.07-04.49.23:019][814]LogModuleManager: Shutting down and abandoning module MacClientTargetPlatform (71)
[2019.03.07-04.49.23:020][814]LogModuleManager: Shutting down and abandoning module AllDesktopTargetPlatform (69)
[2019.03.07-04.49.23:020][814]LogModuleManager: Shutting down and abandoning module InputCore (66)
[2019.03.07-04.49.23:020][814]LogModuleManager: Shutting down and abandoning module Settings (64)
[2019.03.07-04.49.23:020][814]LogModuleManager: Shutting down and abandoning module PhysXCooking (62)
[2019.03.07-04.49.23:020][814]LogModuleManager: Shutting down and abandoning module SteamVR (60)
[2019.03.07-04.49.23:020][814]LogModuleManager: Shutting down and abandoning module OculusHMD (58)
[2019.03.07-04.49.23:039][814]LogModuleManager: Shutting down and abandoning module ExampleDeviceProfileSelector (56)
[2019.03.07-04.49.23:039][814]LogModuleManager: Shutting down and abandoning module AppleARKit (54)
[2019.03.07-04.49.23:039][814]LogModuleManager: Shutting down and abandoning module AugmentedReality (51)
[2019.03.07-04.49.23:039][814]LogModuleManager: Shutting down and abandoning module OnlineBlueprintSupport (48)
[2019.03.07-04.49.23:040][814]LogModuleManager: Shutting down and abandoning module OnlineSubsystem (44)
[2019.03.07-04.49.23:051][814]LogModuleManager: Shutting down and abandoning module XMPP (43)
[2019.03.07-04.49.23:070][814]LogModuleManager: Shutting down and abandoning module HTTP (41)
[2019.03.07-04.49.23:078][814]LogHttp: Display: Http module shutting down, but needs to wait on 1 outstanding Http requests:
[2019.03.07-04.49.23:078][814]LogHttp: Display: 	verb=[POST] url=[https://datarouter.ol.epicgames.com/datarouter/api/v1/public/data?SessionID=%7B06E6EBD8-460B-9D4F-85B8-2CAE85957904%7D&AppID=UEEditor.Rocket.Release&AppVersion=4.19.2-4033788%2B%2B%2BUE4%2BRelease-4.19&UserID=3a4c7058457fbbc5e46ced982523dbcc%7C9751ad90d34b476982439df73b067a02%7Cb5014432-7668-4249-80be-84a96acd20f5&AppEnvironment=datacollector-binary&UploadType=eteventstream] status=Processing
[2019.03.07-04.49.23:116][814]LogModuleManager: Shutting down and abandoning module SSL (40)
[2019.03.07-04.49.23:142][814]LogModuleManager: Shutting down and abandoning module AnimationModifiers (36)
[2019.03.07-04.49.23:142][814]LogModuleManager: Shutting down and abandoning module PropertyEditor (35)
[2019.03.07-04.49.23:142][814]LogModuleManager: Shutting down and abandoning module AudioEditor (32)
[2019.03.07-04.49.23:142][814]LogModuleManager: Shutting down and abandoning module TextureCompressor (30)
[2019.03.07-04.49.23:144][814]LogModuleManager: Shutting down and abandoning module ShaderCore (28)
[2019.03.07-04.49.23:144][814]LogModuleManager: Shutting down and abandoning module Landscape (26)
[2019.03.07-04.49.23:144][814]LogModuleManager: Shutting down and abandoning module SlateRHIRenderer (24)
[2019.03.07-04.49.23:160][814]LogModuleManager: Shutting down and abandoning module OpenGLDrv (22)
[2019.03.07-04.49.23:160][814]LogModuleManager: Shutting down and abandoning module D3D11RHI (20)
[2019.03.07-04.49.23:160][814]LogModuleManager: Shutting down and abandoning module AnimGraphRuntime (18)
[2019.03.07-04.49.23:160][814]LogModuleManager: Shutting down and abandoning module Renderer (16)
[2019.03.07-04.49.23:160][814]LogModuleManager: Shutting down and abandoning module Engine (14)
[2019.03.07-04.49.23:160][814]LogModuleManager: Shutting down and abandoning module CoreUObject (12)
[2019.03.07-04.49.23:160][814]LogModuleManager: Shutting down and abandoning module NetworkFile (10)
[2019.03.07-04.49.23:160][814]LogModuleManager: Shutting down and abandoning module CookedIterativeFile (8)
[2019.03.07-04.49.23:160][814]LogModuleManager: Shutting down and abandoning module StreamingFile (6)
[2019.03.07-04.49.23:161][814]LogModuleManager: Shutting down and abandoning module SandboxFile (4)
[2019.03.07-04.49.23:161][814]LogModuleManager: Shutting down and abandoning module PakFile (2)
[2019.03.07-04.49.23:171][814]LogExit: Exiting.
[2019.03.07-04.49.23:207][814]Log file closed, 03/06/19 20:49:23
